[0.026s] Invoking command in '/root/ros2_ws/build/ros2_shared': CMAKE_PREFIX_PATH=/opt/ros/humble /usr/bin/cmake --build /root/ros2_ws/build/ros2_shared -- -j4 -l4
[0.128s] Invoked command in '/root/ros2_ws/build/ros2_shared' returned '0': CMAKE_PREFIX_PATH=/opt/ros/humble /usr/bin/cmake --build /root/ros2_ws/build/ros2_shared -- -j4 -l4
[0.152s] Invoking command in '/root/ros2_ws/build/ros2_shared': CMAKE_PREFIX_PATH=/opt/ros/humble /usr/bin/cmake --install /root/ros2_ws/build/ros2_shared
[0.173s] -- Install configuration: ""
[0.173s] -- Execute custom install script
[0.174s] -- Up-to-date symlink: /root/ros2_ws/install/ros2_shared/include/ros2_shared/context_macros.hpp
[0.174s] -- Up-to-date symlink: /root/ros2_ws/install/ros2_shared/include/ros2_shared/param_macros.hpp
[0.174s] -- Up-to-date symlink: /root/ros2_ws/install/ros2_shared/include/ros2_shared/string_printf.hpp
[0.175s] -- Up-to-date symlink: /root/ros2_ws/install/ros2_shared/share/ament_index/resource_index/package_run_dependencies/ros2_shared
[0.175s] -- Up-to-date symlink: /root/ros2_ws/install/ros2_shared/share/ament_index/resource_index/parent_prefix_path/ros2_shared
[0.176s] -- Up-to-date symlink: /root/ros2_ws/install/ros2_shared/share/ros2_shared/environment/ament_prefix_path.sh
[0.177s] -- Up-to-date symlink: /root/ros2_ws/install/ros2_shared/share/ros2_shared/environment/ament_prefix_path.dsv
[0.178s] -- Up-to-date symlink: /root/ros2_ws/install/ros2_shared/share/ros2_shared/environment/path.sh
[0.178s] -- Up-to-date symlink: /root/ros2_ws/install/ros2_shared/share/ros2_shared/environment/path.dsv
[0.179s] -- Up-to-date symlink: /root/ros2_ws/install/ros2_shared/share/ros2_shared/local_setup.bash
[0.180s] -- Up-to-date symlink: /root/ros2_ws/install/ros2_shared/share/ros2_shared/local_setup.sh
[0.180s] -- Up-to-date symlink: /root/ros2_ws/install/ros2_shared/share/ros2_shared/local_setup.zsh
[0.181s] -- Up-to-date symlink: /root/ros2_ws/install/ros2_shared/share/ros2_shared/local_setup.dsv
[0.182s] -- Symlinking: /root/ros2_ws/install/ros2_shared/share/ros2_shared/package.dsv
[0.205s] -- Up-to-date symlink: /root/ros2_ws/install/ros2_shared/share/ament_index/resource_index/packages/ros2_shared
[0.206s] -- Up-to-date symlink: /root/ros2_ws/install/ros2_shared/share/ros2_shared/cmake/ament_cmake_export_targets-extras.cmake
[0.206s] -- Up-to-date symlink: /root/ros2_ws/install/ros2_shared/share/ros2_shared/cmake/ament_cmake_export_dependencies-extras.cmake
[0.206s] -- Up-to-date symlink: /root/ros2_ws/install/ros2_shared/share/ros2_shared/cmake/ros2_sharedConfig.cmake
[0.207s] -- Up-to-date symlink: /root/ros2_ws/install/ros2_shared/share/ros2_shared/cmake/ros2_sharedConfig-version.cmake
[0.207s] -- Up-to-date symlink: /root/ros2_ws/install/ros2_shared/share/ros2_shared/package.xml
[0.208s] -- Up-to-date: /root/ros2_ws/install/ros2_shared/share/ros2_shared/cmake/ros2_shared_targetsExport.cmake
[0.213s] Invoked command in '/root/ros2_ws/build/ros2_shared' returned '0': CMAKE_PREFIX_PATH=/opt/ros/humble /usr/bin/cmake --install /root/ros2_ws/build/ros2_shared
