[0.059s] Invoking command in '/root/ros2_ws/src/build/opencv_cam': AMENT_PREFIX_PATH=/root/ros2_ws/src/install/ros2_shared:${AMENT_PREFIX_PATH} CMAKE_PREFIX_PATH=/root/ros2_ws/src/install/ros2_shared:/root/ros2_ws/install/opencv_cam:/root/ros2_ws/install/ros2_shared:/opt/ros/humble /usr/bin/cmake --build /root/ros2_ws/src/build/opencv_cam -- -j4 -l4
[0.225s] -- Found OpenCV version 4.5.4
[0.228s] -- Found ament_cmake: 1.3.12 (/opt/ros/humble/share/ament_cmake/cmake)
[0.647s] -- Override CMake install command with custom implementation using symlinks instead of copying resources
[0.753s] [31mCMake Error at CMakeLists.txt:21 (find_package):
[0.753s]   By not providing "Findcamera_calibration_parsers.cmake" in
[0.754s]   CMAKE_MODULE_PATH this project has asked CMake to find a package
[0.754s]   configuration file provided by "camera_calibration_parsers", but CMake did
[0.754s]   not find one.
[0.754s] 
[0.754s]   Could not find a package configuration file provided by
[0.754s]   "camera_calibration_parsers" with any of the following names:
[0.755s] 
[0.755s]     camera_calibration_parsersConfig.cmake
[0.755s]     camera_calibration_parsers-config.cmake
[0.755s] 
[0.755s]   Add the installation prefix of "camera_calibration_parsers" to
[0.756s]   CMAKE_PREFIX_PATH or set "camera_calibration_parsers_DIR" to a directory
[0.756s]   containing one of the above files.  If "camera_calibration_parsers"
[0.756s]   provides a separate development package or SDK, be sure it has been
[0.756s]   installed.
[0.757s] 
[0.757s] [0m
[0.757s] -- Configuring incomplete, errors occurred!
[0.758s] See also "/root/ros2_ws/src/build/opencv_cam/CMakeFiles/CMakeOutput.log".
[0.762s] gmake: *** [Makefile:390: cmake_check_build_system] Error 1
[0.767s] Invoked command in '/root/ros2_ws/src/build/opencv_cam' returned '2': AMENT_PREFIX_PATH=/root/ros2_ws/src/install/ros2_shared:${AMENT_PREFIX_PATH} CMAKE_PREFIX_PATH=/root/ros2_ws/src/install/ros2_shared:/root/ros2_ws/install/opencv_cam:/root/ros2_ws/install/ros2_shared:/opt/ros/humble /usr/bin/cmake --build /root/ros2_ws/src/build/opencv_cam -- -j4 -l4
