[1.820s] DEBUG:colcon:Command line arguments: ['/usr/bin/colcon', 'build', '--packages-select', 'gpio_node']
[1.820s] DEBUG:colcon:Parsed command line arguments: Namespace(log_base=None, log_level=None, verb_name='build', build_base='build', install_base='install', merge_install=False, symlink_install=False, test_result_base=None, continue_on_error=False, executor='parallel', parallel_workers=4, event_handlers=None, ignore_user_meta=False, metas=['./colcon.meta'], base_paths=['.'], packages_ignore=None, packages_ignore_regex=None, paths=None, packages_up_to=None, packages_up_to_regex=None, packages_above=None, packages_above_and_dependencies=None, packages_above_depth=None, packages_select_by_dep=None, packages_skip_by_dep=None, packages_skip_up_to=None, packages_select_build_failed=False, packages_skip_build_finished=False, packages_select_test_failures=False, packages_skip_test_passed=False, packages_select=['gpio_node'], packages_skip=None, packages_select_regex=None, packages_skip_regex=None, packages_start=None, packages_end=None, allow_overriding=[], cmake_args=None, cmake_target=None, cmake_target_skip_unavailable=False, cmake_clean_cache=False, cmake_clean_first=False, cmake_force_configure=False, ament_cmake_args=None, catkin_cmake_args=None, catkin_skip_building_tests=False, verb_parser=<colcon_defaults.argument_parser.defaults.DefaultArgumentsDecorator object at 0x7fa8170460>, verb_extension=<colcon_core.verb.build.BuildVerb object at 0x7fa828d8d0>, main=<bound method BuildVerb.main of <colcon_core.verb.build.BuildVerb object at 0x7fa828d8d0>>)
[4.092s] Level 1:colcon.colcon_core.package_discovery:discover_packages(colcon_meta) check parameters
[4.093s] Level 1:colcon.colcon_core.package_discovery:discover_packages(recursive) check parameters
[4.093s] Level 1:colcon.colcon_core.package_discovery:discover_packages(ignore) check parameters
[4.094s] Level 1:colcon.colcon_core.package_discovery:discover_packages(path) check parameters
[4.094s] Level 1:colcon.colcon_core.package_discovery:discover_packages(colcon_meta) discover
[4.095s] Level 1:colcon.colcon_core.package_discovery:discover_packages(recursive) discover
[4.095s] INFO:colcon.colcon_core.package_discovery:Crawling recursively for packages in '/root/ros2_ws/src/gpio_node'
[4.096s] Level 1:colcon.colcon_core.package_identification:_identify(.) by extensions ['ignore', 'ignore_ament_install']
[4.098s] Level 1:colcon.colcon_core.package_identification:_identify(.) by extension 'ignore'
[4.099s] Level 1:colcon.colcon_core.package_identification:_identify(.) by extension 'ignore_ament_install'
[4.099s] Level 1:colcon.colcon_core.package_identification:_identify(.) by extensions ['colcon_pkg']
[4.102s] Level 1:colcon.colcon_core.package_identification:_identify(.) by extension 'colcon_pkg'
[4.103s] Level 1:colcon.colcon_core.package_identification:_identify(.) by extensions ['colcon_meta']
[4.104s] Level 1:colcon.colcon_core.package_identification:_identify(.) by extension 'colcon_meta'
[4.105s] Level 1:colcon.colcon_core.package_identification:_identify(.) by extensions ['ros']
[4.105s] Level 1:colcon.colcon_core.package_identification:_identify(.) by extension 'ros'
[4.265s] DEBUG:colcon.colcon_core.package_identification:Package '.' with type 'ros.ament_python' and name 'gpio_node'
[4.266s] Level 1:colcon.colcon_core.package_discovery:discover_packages(recursive) using defaults
[4.267s] Level 1:colcon.colcon_core.package_discovery:discover_packages(ignore) discover
[4.267s] Level 1:colcon.colcon_core.package_discovery:discover_packages(ignore) using defaults
[4.267s] Level 1:colcon.colcon_core.package_discovery:discover_packages(path) discover
[4.267s] Level 1:colcon.colcon_core.package_discovery:discover_packages(path) using defaults
[4.597s] Level 1:colcon.colcon_core.package_discovery:discover_packages(prefix_path) check parameters
[4.598s] Level 1:colcon.colcon_core.package_discovery:discover_packages(prefix_path) discover
[4.636s] DEBUG:colcon.colcon_installed_package_information.package_discovery:Found 2 installed packages in /root/ros2_ws/src/install
[4.642s] DEBUG:colcon.colcon_installed_package_information.package_discovery:Found 2 installed packages in /root/ros2_ws/install
[4.653s] DEBUG:colcon.colcon_installed_package_information.package_discovery:Found 148 installed packages in /opt/ros/humble
[4.663s] Level 1:colcon.colcon_core.package_discovery:discover_packages(prefix_path) using defaults
[4.953s] Level 5:colcon.colcon_core.verb:set package 'gpio_node' build argument 'cmake_args' from command line to 'None'
[4.953s] Level 5:colcon.colcon_core.verb:set package 'gpio_node' build argument 'cmake_target' from command line to 'None'
[4.954s] Level 5:colcon.colcon_core.verb:set package 'gpio_node' build argument 'cmake_target_skip_unavailable' from command line to 'False'
[4.954s] Level 5:colcon.colcon_core.verb:set package 'gpio_node' build argument 'cmake_clean_cache' from command line to 'False'
[4.954s] Level 5:colcon.colcon_core.verb:set package 'gpio_node' build argument 'cmake_clean_first' from command line to 'False'
[4.954s] Level 5:colcon.colcon_core.verb:set package 'gpio_node' build argument 'cmake_force_configure' from command line to 'False'
[4.955s] Level 5:colcon.colcon_core.verb:set package 'gpio_node' build argument 'ament_cmake_args' from command line to 'None'
[4.955s] Level 5:colcon.colcon_core.verb:set package 'gpio_node' build argument 'catkin_cmake_args' from command line to 'None'
[4.955s] Level 5:colcon.colcon_core.verb:set package 'gpio_node' build argument 'catkin_skip_building_tests' from command line to 'False'
[4.956s] DEBUG:colcon.colcon_core.verb:Building package 'gpio_node' with the following arguments: {'ament_cmake_args': None, 'build_base': '/root/ros2_ws/src/gpio_node/build/gpio_node', 'catkin_cmake_args': None, 'catkin_skip_building_tests': False, 'cmake_args': None, 'cmake_clean_cache': False, 'cmake_clean_first': False, 'cmake_force_configure': False, 'cmake_target': None, 'cmake_target_skip_unavailable': False, 'install_base': '/root/ros2_ws/src/gpio_node/install/gpio_node', 'merge_install': False, 'path': '/root/ros2_ws/src/gpio_node', 'symlink_install': False, 'test_result_base': None}
[4.957s] INFO:colcon.colcon_core.executor:Executing jobs using 'parallel' executor
[4.965s] DEBUG:colcon.colcon_parallel_executor.executor.parallel:run_until_complete
[4.967s] INFO:colcon.colcon_ros.task.ament_python.build:Building ROS package in '/root/ros2_ws/src/gpio_node' with build type 'ament_python'
[4.969s] Level 1:colcon.colcon_core.shell:create_environment_hook('gpio_node', 'ament_prefix_path')
[5.019s] INFO:colcon.colcon_core.plugin_system:Skipping extension 'colcon_core.shell.bat': Not used on non-Windows systems
[5.022s] INFO:colcon.colcon_core.shell:Creating environment hook '/root/ros2_ws/src/gpio_node/install/gpio_node/share/gpio_node/hook/ament_prefix_path.ps1'
[5.031s] INFO:colcon.colcon_core.shell:Creating environment descriptor '/root/ros2_ws/src/gpio_node/install/gpio_node/share/gpio_node/hook/ament_prefix_path.dsv'
[5.039s] INFO:colcon.colcon_core.shell:Creating environment hook '/root/ros2_ws/src/gpio_node/install/gpio_node/share/gpio_node/hook/ament_prefix_path.sh'
[5.049s] INFO:colcon.colcon_core.shell:Skip shell extension 'powershell' for command environment: Not usable outside of PowerShell
[5.051s] DEBUG:colcon.colcon_core.shell:Skip shell extension 'dsv' for command environment
[6.057s] INFO:colcon.colcon_core.task.python.build:Building Python package in '/root/ros2_ws/src/gpio_node'
[6.060s] INFO:colcon.colcon_core.shell:Skip shell extension 'powershell' for command environment: Not usable outside of PowerShell
[6.060s] DEBUG:colcon.colcon_core.shell:Skip shell extension 'dsv' for command environment
[9.346s] DEBUG:colcon.colcon_core.event_handler.log_command:Invoking command in '/root/ros2_ws/src/gpio_node': PYTHONPATH=/root/ros2_ws/src/gpio_node/build/gpio_node/prefix_override:/usr/lib/python3/dist-packages/colcon_core/task/python/colcon_distutils_commands:/root/ros2_ws/src/gpio_node/install/gpio_node/lib/python3.10/site-packages:${PYTHONPATH} /usr/bin/python3 -W ignore:setup.py install is deprecated -W ignore:easy_install command is deprecated setup.py egg_info --egg-base build/gpio_node build --build-base /root/ros2_ws/src/gpio_node/build/gpio_node/build install --record /root/ros2_ws/src/gpio_node/build/gpio_node/install.log --single-version-externally-managed install_data
[11.530s] DEBUG:colcon.colcon_core.event_handler.log_command:Invoked command in '/root/ros2_ws/src/gpio_node' returned '0': PYTHONPATH=/root/ros2_ws/src/gpio_node/build/gpio_node/prefix_override:/usr/lib/python3/dist-packages/colcon_core/task/python/colcon_distutils_commands:/root/ros2_ws/src/gpio_node/install/gpio_node/lib/python3.10/site-packages:${PYTHONPATH} /usr/bin/python3 -W ignore:setup.py install is deprecated -W ignore:easy_install command is deprecated setup.py egg_info --egg-base build/gpio_node build --build-base /root/ros2_ws/src/gpio_node/build/gpio_node/build install --record /root/ros2_ws/src/gpio_node/build/gpio_node/install.log --single-version-externally-managed install_data
[11.591s] Level 1:colcon.colcon_core.environment:checking '/root/ros2_ws/src/gpio_node/install/gpio_node' for CMake module files
[11.597s] Level 1:colcon.colcon_core.environment:checking '/root/ros2_ws/src/gpio_node/install/gpio_node' for CMake config files
[11.604s] Level 1:colcon.colcon_core.environment:checking '/root/ros2_ws/src/gpio_node/install/gpio_node/lib'
[11.606s] Level 1:colcon.colcon_core.environment:checking '/root/ros2_ws/src/gpio_node/install/gpio_node/bin'
[11.607s] Level 1:colcon.colcon_core.environment:checking '/root/ros2_ws/src/gpio_node/install/gpio_node/lib/pkgconfig/gpio_node.pc'
[11.610s] Level 1:colcon.colcon_core.environment:checking '/root/ros2_ws/src/gpio_node/install/gpio_node/lib/python3.10/site-packages'
[11.611s] Level 1:colcon.colcon_core.shell:create_environment_hook('gpio_node', 'pythonpath')
[11.613s] INFO:colcon.colcon_core.shell:Creating environment hook '/root/ros2_ws/src/gpio_node/install/gpio_node/share/gpio_node/hook/pythonpath.ps1'
[11.617s] INFO:colcon.colcon_core.shell:Creating environment descriptor '/root/ros2_ws/src/gpio_node/install/gpio_node/share/gpio_node/hook/pythonpath.dsv'
[11.621s] INFO:colcon.colcon_core.shell:Creating environment hook '/root/ros2_ws/src/gpio_node/install/gpio_node/share/gpio_node/hook/pythonpath.sh'
[11.630s] Level 1:colcon.colcon_core.environment:checking '/root/ros2_ws/src/gpio_node/install/gpio_node/bin'
[11.630s] Level 1:colcon.colcon_core.environment:create_environment_scripts_only(gpio_node)
[11.634s] INFO:colcon.colcon_core.shell:Creating package script '/root/ros2_ws/src/gpio_node/install/gpio_node/share/gpio_node/package.ps1'
[11.645s] INFO:colcon.colcon_core.shell:Creating package descriptor '/root/ros2_ws/src/gpio_node/install/gpio_node/share/gpio_node/package.dsv'
[11.653s] INFO:colcon.colcon_core.shell:Creating package script '/root/ros2_ws/src/gpio_node/install/gpio_node/share/gpio_node/package.sh'
[11.662s] INFO:colcon.colcon_core.shell:Creating package script '/root/ros2_ws/src/gpio_node/install/gpio_node/share/gpio_node/package.bash'
[11.676s] INFO:colcon.colcon_core.shell:Creating package script '/root/ros2_ws/src/gpio_node/install/gpio_node/share/gpio_node/package.zsh'
[11.688s] Level 1:colcon.colcon_core.environment:create_file_with_runtime_dependencies(/root/ros2_ws/src/gpio_node/install/gpio_node/share/colcon-core/packages/gpio_node)
[11.690s] DEBUG:colcon.colcon_parallel_executor.executor.parallel:closing loop
[11.693s] DEBUG:colcon.colcon_parallel_executor.executor.parallel:loop closed
[11.693s] DEBUG:colcon.colcon_parallel_executor.executor.parallel:run_until_complete finished with '0'
[11.694s] DEBUG:colcon.colcon_core.event_reactor:joining thread
[11.892s] INFO:colcon.colcon_core.plugin_system:Skipping extension 'colcon_notification.desktop_notification.notify_send': Could not find 'notify-send'
[11.893s] INFO:colcon.colcon_core.plugin_system:Skipping extension 'colcon_notification.desktop_notification.terminal_notifier': Not used on non-Darwin systems
[11.894s] INFO:colcon.colcon_core.plugin_system:Skipping extension 'colcon_notification.desktop_notification.win32': Not used on non-Windows systems
[11.895s] INFO:colcon.colcon_notification.desktop_notification:Sending desktop notification using 'notify2'
[11.895s] DEBUG:colcon.colcon_notification.desktop_notification.notify2:Failed to initialize notify2: org.freedesktop.DBus.Error.NotSupported: Unable to autolaunch a dbus-daemon without a $DISPLAY for X11
[11.896s] DEBUG:colcon.colcon_core.event_reactor:joined thread
[11.900s] INFO:colcon.colcon_core.shell:Creating prefix script '/root/ros2_ws/src/gpio_node/install/local_setup.ps1'
[11.913s] INFO:colcon.colcon_core.shell:Creating prefix util module '/root/ros2_ws/src/gpio_node/install/_local_setup_util_ps1.py'
[11.930s] INFO:colcon.colcon_core.shell:Creating prefix chain script '/root/ros2_ws/src/gpio_node/install/setup.ps1'
[11.945s] INFO:colcon.colcon_core.shell:Creating prefix script '/root/ros2_ws/src/gpio_node/install/local_setup.sh'
[11.958s] INFO:colcon.colcon_core.shell:Creating prefix util module '/root/ros2_ws/src/gpio_node/install/_local_setup_util_sh.py'
[11.963s] INFO:colcon.colcon_core.shell:Creating prefix chain script '/root/ros2_ws/src/gpio_node/install/setup.sh'
[11.979s] INFO:colcon.colcon_core.shell:Creating prefix script '/root/ros2_ws/src/gpio_node/install/local_setup.bash'
[11.985s] INFO:colcon.colcon_core.shell:Creating prefix chain script '/root/ros2_ws/src/gpio_node/install/setup.bash'
[11.998s] INFO:colcon.colcon_core.shell:Creating prefix script '/root/ros2_ws/src/gpio_node/install/local_setup.zsh'
[12.007s] INFO:colcon.colcon_core.shell:Creating prefix chain script '/root/ros2_ws/src/gpio_node/install/setup.zsh'
