[1.042s] DEBUG:colcon:Command line arguments: ['/usr/bin/colcon', 'build']
[1.044s] DEBUG:colcon:Parsed command line arguments: Namespace(log_base=None, log_level=None, verb_name='build', build_base='build', install_base='install', merge_install=False, symlink_install=False, test_result_base=None, continue_on_error=False, executor='parallel', parallel_workers=4, event_handlers=None, ignore_user_meta=False, metas=['./colcon.meta'], base_paths=['.'], packages_ignore=None, packages_ignore_regex=None, paths=None, packages_up_to=None, packages_up_to_regex=None, packages_above=None, packages_above_and_dependencies=None, packages_above_depth=None, packages_select_by_dep=None, packages_skip_by_dep=None, packages_skip_up_to=None, packages_select_build_failed=False, packages_skip_build_finished=False, packages_select_test_failures=False, packages_skip_test_passed=False, packages_select=None, packages_skip=None, packages_select_regex=None, packages_skip_regex=None, packages_start=None, packages_end=None, allow_overriding=[], cmake_args=None, cmake_target=None, cmake_target_skip_unavailable=False, cmake_clean_cache=False, cmake_clean_first=False, cmake_force_configure=False, ament_cmake_args=None, catkin_cmake_args=None, catkin_skip_building_tests=False, verb_parser=<colcon_defaults.argument_parser.defaults.DefaultArgumentsDecorator object at 0x7f970f0460>, verb_extension=<colcon_core.verb.build.BuildVerb object at 0x7f9720d8d0>, main=<bound method BuildVerb.main of <colcon_core.verb.build.BuildVerb object at 0x7f9720d8d0>>)
[2.431s] Level 1:colcon.colcon_core.package_discovery:discover_packages(colcon_meta) check parameters
[2.433s] Level 1:colcon.colcon_core.package_discovery:discover_packages(recursive) check parameters
[2.433s] Level 1:colcon.colcon_core.package_discovery:discover_packages(ignore) check parameters
[2.434s] Level 1:colcon.colcon_core.package_discovery:discover_packages(path) check parameters
[2.434s] Level 1:colcon.colcon_core.package_discovery:discover_packages(colcon_meta) discover
[2.435s] Level 1:colcon.colcon_core.package_discovery:discover_packages(recursive) discover
[2.436s] INFO:colcon.colcon_core.package_discovery:Crawling recursively for packages in '/root/ros2_ws'
[2.437s] Level 1:colcon.colcon_core.package_identification:_identify(.) by extensions ['ignore', 'ignore_ament_install']
[2.438s] Level 1:colcon.colcon_core.package_identification:_identify(.) by extension 'ignore'
[2.438s] Level 1:colcon.colcon_core.package_identification:_identify(.) by extension 'ignore_ament_install'
[2.439s] Level 1:colcon.colcon_core.package_identification:_identify(.) by extensions ['colcon_pkg']
[2.439s] Level 1:colcon.colcon_core.package_identification:_identify(.) by extension 'colcon_pkg'
[2.440s] Level 1:colcon.colcon_core.package_identification:_identify(.) by extensions ['colcon_meta']
[2.440s] Level 1:colcon.colcon_core.package_identification:_identify(.) by extension 'colcon_meta'
[2.440s] Level 1:colcon.colcon_core.package_identification:_identify(.) by extensions ['ros']
[2.441s] Level 1:colcon.colcon_core.package_identification:_identify(.) by extension 'ros'
[2.561s] Level 1:colcon.colcon_core.package_identification:_identify(.) by extensions ['cmake', 'python']
[2.562s] Level 1:colcon.colcon_core.package_identification:_identify(.) by extension 'cmake'
[2.563s] Level 1:colcon.colcon_core.package_identification:_identify(.) by extension 'python'
[2.564s] Level 1:colcon.colcon_core.package_identification:_identify(.) by extensions ['python_setup_py']
[2.565s] Level 1:colcon.colcon_core.package_identification:_identify(.) by extension 'python_setup_py'
[2.566s] Level 1:colcon.colcon_core.package_identification:_identify(build) by extensions ['ignore', 'ignore_ament_install']
[2.568s] Level 1:colcon.colcon_core.package_identification:_identify(build) by extension 'ignore'
[2.568s] Level 1:colcon.colcon_core.package_identification:_identify(build) ignored
[2.570s] Level 1:colcon.colcon_core.package_identification:_identify(install) by extensions ['ignore', 'ignore_ament_install']
[2.571s] Level 1:colcon.colcon_core.package_identification:_identify(install) by extension 'ignore'
[2.572s] Level 1:colcon.colcon_core.package_identification:_identify(install) ignored
[2.573s] Level 1:colcon.colcon_core.package_identification:_identify(log) by extensions ['ignore', 'ignore_ament_install']
[2.574s] Level 1:colcon.colcon_core.package_identification:_identify(log) by extension 'ignore'
[2.575s] Level 1:colcon.colcon_core.package_identification:_identify(log) ignored
[2.575s] Level 1:colcon.colcon_core.package_identification:_identify(src) by extensions ['ignore', 'ignore_ament_install']
[2.576s] Level 1:colcon.colcon_core.package_identification:_identify(src) by extension 'ignore'
[2.577s] Level 1:colcon.colcon_core.package_identification:_identify(src) by extension 'ignore_ament_install'
[2.577s] Level 1:colcon.colcon_core.package_identification:_identify(src) by extensions ['colcon_pkg']
[2.578s] Level 1:colcon.colcon_core.package_identification:_identify(src) by extension 'colcon_pkg'
[2.578s] Level 1:colcon.colcon_core.package_identification:_identify(src) by extensions ['colcon_meta']
[2.579s] Level 1:colcon.colcon_core.package_identification:_identify(src) by extension 'colcon_meta'
[2.579s] Level 1:colcon.colcon_core.package_identification:_identify(src) by extensions ['ros']
[2.579s] Level 1:colcon.colcon_core.package_identification:_identify(src) by extension 'ros'
[2.580s] Level 1:colcon.colcon_core.package_identification:_identify(src) by extensions ['cmake', 'python']
[2.581s] Level 1:colcon.colcon_core.package_identification:_identify(src) by extension 'cmake'
[2.581s] Level 1:colcon.colcon_core.package_identification:_identify(src) by extension 'python'
[2.581s] Level 1:colcon.colcon_core.package_identification:_identify(src) by extensions ['python_setup_py']
[2.582s] Level 1:colcon.colcon_core.package_identification:_identify(src) by extension 'python_setup_py'
[2.583s] Level 1:colcon.colcon_core.package_identification:_identify(src/build) by extensions ['ignore', 'ignore_ament_install']
[2.583s] Level 1:colcon.colcon_core.package_identification:_identify(src/build) by extension 'ignore'
[2.583s] Level 1:colcon.colcon_core.package_identification:_identify(src/build) ignored
[2.583s] Level 1:colcon.colcon_core.package_identification:_identify(src/gpio_node) by extensions ['ignore', 'ignore_ament_install']
[2.584s] Level 1:colcon.colcon_core.package_identification:_identify(src/gpio_node) by extension 'ignore'
[2.584s] Level 1:colcon.colcon_core.package_identification:_identify(src/gpio_node) by extension 'ignore_ament_install'
[2.584s] Level 1:colcon.colcon_core.package_identification:_identify(src/gpio_node) by extensions ['colcon_pkg']
[2.584s] Level 1:colcon.colcon_core.package_identification:_identify(src/gpio_node) by extension 'colcon_pkg'
[2.584s] Level 1:colcon.colcon_core.package_identification:_identify(src/gpio_node) by extensions ['colcon_meta']
[2.585s] Level 1:colcon.colcon_core.package_identification:_identify(src/gpio_node) by extension 'colcon_meta'
[2.585s] Level 1:colcon.colcon_core.package_identification:_identify(src/gpio_node) by extensions ['ros']
[2.585s] Level 1:colcon.colcon_core.package_identification:_identify(src/gpio_node) by extension 'ros'
[2.596s] DEBUG:colcon.colcon_core.package_identification:Package 'src/gpio_node' with type 'ros.ament_python' and name 'gpio_node'
[2.597s] Level 1:colcon.colcon_core.package_identification:_identify(src/install) by extensions ['ignore', 'ignore_ament_install']
[2.597s] Level 1:colcon.colcon_core.package_identification:_identify(src/install) by extension 'ignore'
[2.597s] Level 1:colcon.colcon_core.package_identification:_identify(src/install) ignored
[2.598s] Level 1:colcon.colcon_core.package_identification:_identify(src/log) by extensions ['ignore', 'ignore_ament_install']
[2.598s] Level 1:colcon.colcon_core.package_identification:_identify(src/log) by extension 'ignore'
[2.599s] Level 1:colcon.colcon_core.package_identification:_identify(src/log) ignored
[2.599s] Level 1:colcon.colcon_core.package_identification:_identify(src/opencv_cam) by extensions ['ignore', 'ignore_ament_install']
[2.599s] Level 1:colcon.colcon_core.package_identification:_identify(src/opencv_cam) by extension 'ignore'
[2.600s] Level 1:colcon.colcon_core.package_identification:_identify(src/opencv_cam) by extension 'ignore_ament_install'
[2.600s] Level 1:colcon.colcon_core.package_identification:_identify(src/opencv_cam) by extensions ['colcon_pkg']
[2.600s] Level 1:colcon.colcon_core.package_identification:_identify(src/opencv_cam) by extension 'colcon_pkg'
[2.600s] Level 1:colcon.colcon_core.package_identification:_identify(src/opencv_cam) by extensions ['colcon_meta']
[2.600s] Level 1:colcon.colcon_core.package_identification:_identify(src/opencv_cam) by extension 'colcon_meta'
[2.600s] Level 1:colcon.colcon_core.package_identification:_identify(src/opencv_cam) by extensions ['ros']
[2.601s] Level 1:colcon.colcon_core.package_identification:_identify(src/opencv_cam) by extension 'ros'
[2.606s] DEBUG:colcon.colcon_core.package_identification:Package 'src/opencv_cam' with type 'ros.ament_cmake' and name 'opencv_cam'
[2.606s] Level 1:colcon.colcon_core.package_identification:_identify(src/ros2_shared) by extensions ['ignore', 'ignore_ament_install']
[2.606s] Level 1:colcon.colcon_core.package_identification:_identify(src/ros2_shared) by extension 'ignore'
[2.607s] Level 1:colcon.colcon_core.package_identification:_identify(src/ros2_shared) by extension 'ignore_ament_install'
[2.607s] Level 1:colcon.colcon_core.package_identification:_identify(src/ros2_shared) by extensions ['colcon_pkg']
[2.607s] Level 1:colcon.colcon_core.package_identification:_identify(src/ros2_shared) by extension 'colcon_pkg'
[2.607s] Level 1:colcon.colcon_core.package_identification:_identify(src/ros2_shared) by extensions ['colcon_meta']
[2.607s] Level 1:colcon.colcon_core.package_identification:_identify(src/ros2_shared) by extension 'colcon_meta'
[2.608s] Level 1:colcon.colcon_core.package_identification:_identify(src/ros2_shared) by extensions ['ros']
[2.608s] Level 1:colcon.colcon_core.package_identification:_identify(src/ros2_shared) by extension 'ros'
[2.611s] DEBUG:colcon.colcon_core.package_identification:Package 'src/ros2_shared' with type 'ros.ament_cmake' and name 'ros2_shared'
[2.611s] Level 1:colcon.colcon_core.package_discovery:discover_packages(recursive) using defaults
[2.612s] Level 1:colcon.colcon_core.package_discovery:discover_packages(ignore) discover
[2.612s] Level 1:colcon.colcon_core.package_discovery:discover_packages(ignore) using defaults
[2.612s] Level 1:colcon.colcon_core.package_discovery:discover_packages(path) discover
[2.612s] Level 1:colcon.colcon_core.package_discovery:discover_packages(path) using defaults
[2.693s] Level 1:colcon.colcon_core.package_discovery:discover_packages(prefix_path) check parameters
[2.693s] Level 1:colcon.colcon_core.package_discovery:discover_packages(prefix_path) discover
[2.701s] DEBUG:colcon.colcon_installed_package_information.package_discovery:Found 2 installed packages in /root/ros2_ws/src/install
[2.703s] DEBUG:colcon.colcon_installed_package_information.package_discovery:Found 2 installed packages in /root/ros2_ws/install
[2.707s] DEBUG:colcon.colcon_installed_package_information.package_discovery:Found 148 installed packages in /opt/ros/humble
[2.710s] Level 1:colcon.colcon_core.package_discovery:discover_packages(prefix_path) using defaults
[2.805s] Level 5:colcon.colcon_core.verb:set package 'gpio_node' build argument 'cmake_args' from command line to 'None'
[2.805s] Level 5:colcon.colcon_core.verb:set package 'gpio_node' build argument 'cmake_target' from command line to 'None'
[2.806s] Level 5:colcon.colcon_core.verb:set package 'gpio_node' build argument 'cmake_target_skip_unavailable' from command line to 'False'
[2.806s] Level 5:colcon.colcon_core.verb:set package 'gpio_node' build argument 'cmake_clean_cache' from command line to 'False'
[2.806s] Level 5:colcon.colcon_core.verb:set package 'gpio_node' build argument 'cmake_clean_first' from command line to 'False'
[2.806s] Level 5:colcon.colcon_core.verb:set package 'gpio_node' build argument 'cmake_force_configure' from command line to 'False'
[2.806s] Level 5:colcon.colcon_core.verb:set package 'gpio_node' build argument 'ament_cmake_args' from command line to 'None'
[2.806s] Level 5:colcon.colcon_core.verb:set package 'gpio_node' build argument 'catkin_cmake_args' from command line to 'None'
[2.806s] Level 5:colcon.colcon_core.verb:set package 'gpio_node' build argument 'catkin_skip_building_tests' from command line to 'False'
[2.806s] DEBUG:colcon.colcon_core.verb:Building package 'gpio_node' with the following arguments: {'ament_cmake_args': None, 'build_base': '/root/ros2_ws/build/gpio_node', 'catkin_cmake_args': None, 'catkin_skip_building_tests': False, 'cmake_args': None, 'cmake_clean_cache': False, 'cmake_clean_first': False, 'cmake_force_configure': False, 'cmake_target': None, 'cmake_target_skip_unavailable': False, 'install_base': '/root/ros2_ws/install/gpio_node', 'merge_install': False, 'path': '/root/ros2_ws/src/gpio_node', 'symlink_install': False, 'test_result_base': None}
[2.808s] Level 5:colcon.colcon_core.verb:set package 'ros2_shared' build argument 'cmake_args' from command line to 'None'
[2.808s] Level 5:colcon.colcon_core.verb:set package 'ros2_shared' build argument 'cmake_target' from command line to 'None'
[2.808s] Level 5:colcon.colcon_core.verb:set package 'ros2_shared' build argument 'cmake_target_skip_unavailable' from command line to 'False'
[2.808s] Level 5:colcon.colcon_core.verb:set package 'ros2_shared' build argument 'cmake_clean_cache' from command line to 'False'
[2.808s] Level 5:colcon.colcon_core.verb:set package 'ros2_shared' build argument 'cmake_clean_first' from command line to 'False'
[2.808s] Level 5:colcon.colcon_core.verb:set package 'ros2_shared' build argument 'cmake_force_configure' from command line to 'False'
[2.808s] Level 5:colcon.colcon_core.verb:set package 'ros2_shared' build argument 'ament_cmake_args' from command line to 'None'
[2.808s] Level 5:colcon.colcon_core.verb:set package 'ros2_shared' build argument 'catkin_cmake_args' from command line to 'None'
[2.809s] Level 5:colcon.colcon_core.verb:set package 'ros2_shared' build argument 'catkin_skip_building_tests' from command line to 'False'
[2.809s] DEBUG:colcon.colcon_core.verb:Building package 'ros2_shared' with the following arguments: {'ament_cmake_args': None, 'build_base': '/root/ros2_ws/build/ros2_shared', 'catkin_cmake_args': None, 'catkin_skip_building_tests': False, 'cmake_args': None, 'cmake_clean_cache': False, 'cmake_clean_first': False, 'cmake_force_configure': False, 'cmake_target': None, 'cmake_target_skip_unavailable': False, 'install_base': '/root/ros2_ws/install/ros2_shared', 'merge_install': False, 'path': '/root/ros2_ws/src/ros2_shared', 'symlink_install': False, 'test_result_base': None}
[2.810s] Level 5:colcon.colcon_core.verb:set package 'opencv_cam' build argument 'cmake_args' from command line to 'None'
[2.810s] Level 5:colcon.colcon_core.verb:set package 'opencv_cam' build argument 'cmake_target' from command line to 'None'
[2.810s] Level 5:colcon.colcon_core.verb:set package 'opencv_cam' build argument 'cmake_target_skip_unavailable' from command line to 'False'
[2.810s] Level 5:colcon.colcon_core.verb:set package 'opencv_cam' build argument 'cmake_clean_cache' from command line to 'False'
[2.810s] Level 5:colcon.colcon_core.verb:set package 'opencv_cam' build argument 'cmake_clean_first' from command line to 'False'
[2.811s] Level 5:colcon.colcon_core.verb:set package 'opencv_cam' build argument 'cmake_force_configure' from command line to 'False'
[2.811s] Level 5:colcon.colcon_core.verb:set package 'opencv_cam' build argument 'ament_cmake_args' from command line to 'None'
[2.811s] Level 5:colcon.colcon_core.verb:set package 'opencv_cam' build argument 'catkin_cmake_args' from command line to 'None'
[2.811s] Level 5:colcon.colcon_core.verb:set package 'opencv_cam' build argument 'catkin_skip_building_tests' from command line to 'False'
[2.811s] DEBUG:colcon.colcon_core.verb:Building package 'opencv_cam' with the following arguments: {'ament_cmake_args': None, 'build_base': '/root/ros2_ws/build/opencv_cam', 'catkin_cmake_args': None, 'catkin_skip_building_tests': False, 'cmake_args': None, 'cmake_clean_cache': False, 'cmake_clean_first': False, 'cmake_force_configure': False, 'cmake_target': None, 'cmake_target_skip_unavailable': False, 'install_base': '/root/ros2_ws/install/opencv_cam', 'merge_install': False, 'path': '/root/ros2_ws/src/opencv_cam', 'symlink_install': False, 'test_result_base': None}
[2.812s] INFO:colcon.colcon_core.executor:Executing jobs using 'parallel' executor
[2.814s] DEBUG:colcon.colcon_parallel_executor.executor.parallel:run_until_complete
[2.815s] INFO:colcon.colcon_ros.task.ament_cmake.build:Building ROS package in '/root/ros2_ws/src/ros2_shared' with build type 'ament_cmake'
[2.816s] INFO:colcon.colcon_cmake.task.cmake.build:Building CMake package in '/root/ros2_ws/src/ros2_shared'
[2.828s] INFO:colcon.colcon_core.plugin_system:Skipping extension 'colcon_core.shell.bat': Not used on non-Windows systems
[2.829s] INFO:colcon.colcon_core.shell:Skip shell extension 'powershell' for command environment: Not usable outside of PowerShell
[2.829s] DEBUG:colcon.colcon_core.shell:Skip shell extension 'dsv' for command environment
[2.841s] INFO:colcon.colcon_ros.task.ament_python.build:Building ROS package in '/root/ros2_ws/src/gpio_node' with build type 'ament_python'
[2.843s] Level 1:colcon.colcon_core.shell:create_environment_hook('gpio_node', 'ament_prefix_path')
[2.844s] INFO:colcon.colcon_core.shell:Creating environment hook '/root/ros2_ws/install/gpio_node/share/gpio_node/hook/ament_prefix_path.ps1'
[2.847s] INFO:colcon.colcon_core.shell:Creating environment descriptor '/root/ros2_ws/install/gpio_node/share/gpio_node/hook/ament_prefix_path.dsv'
[2.849s] INFO:colcon.colcon_core.shell:Creating environment hook '/root/ros2_ws/install/gpio_node/share/gpio_node/hook/ament_prefix_path.sh'
[2.852s] INFO:colcon.colcon_core.shell:Skip shell extension 'powershell' for command environment: Not usable outside of PowerShell
[2.852s] DEBUG:colcon.colcon_core.shell:Skip shell extension 'dsv' for command environment
[2.909s] DEBUG:colcon.colcon_core.event_handler.log_command:Invoking command in '/root/ros2_ws/build/ros2_shared': CMAKE_PREFIX_PATH=${CMAKE_PREFIX_PATH}:/opt/ros/humble /usr/bin/cmake /root/ros2_ws/src/ros2_shared -DCMAKE_INSTALL_PREFIX=/root/ros2_ws/install/ros2_shared
[5.669s] INFO:colcon.colcon_core.task.python.build:Building Python package in '/root/ros2_ws/src/gpio_node'
[5.672s] INFO:colcon.colcon_core.shell:Skip shell extension 'powershell' for command environment: Not usable outside of PowerShell
[5.673s] DEBUG:colcon.colcon_core.shell:Skip shell extension 'dsv' for command environment
[8.301s] DEBUG:colcon.colcon_core.event_handler.log_command:Invoking command in '/root/ros2_ws/src/gpio_node': PYTHONPATH=/root/ros2_ws/build/gpio_node/prefix_override:/usr/lib/python3/dist-packages/colcon_core/task/python/colcon_distutils_commands:/root/ros2_ws/install/gpio_node/lib/python3.10/site-packages:${PYTHONPATH} /usr/bin/python3 -W ignore:setup.py install is deprecated -W ignore:easy_install command is deprecated setup.py egg_info --egg-base ../../build/gpio_node build --build-base /root/ros2_ws/build/gpio_node/build install --record /root/ros2_ws/build/gpio_node/install.log --single-version-externally-managed install_data
[10.468s] DEBUG:colcon.colcon_core.event_handler.log_command:Invoked command in '/root/ros2_ws/build/ros2_shared' returned '0': CMAKE_PREFIX_PATH=${CMAKE_PREFIX_PATH}:/opt/ros/humble /usr/bin/cmake /root/ros2_ws/src/ros2_shared -DCMAKE_INSTALL_PREFIX=/root/ros2_ws/install/ros2_shared
[10.502s] DEBUG:colcon.colcon_core.event_handler.log_command:Invoking command in '/root/ros2_ws/build/ros2_shared': CMAKE_PREFIX_PATH=${CMAKE_PREFIX_PATH}:/opt/ros/humble /usr/bin/cmake --build /root/ros2_ws/build/ros2_shared -- -j4 -l4
[10.931s] DEBUG:colcon.colcon_core.event_handler.log_command:Invoked command in '/root/ros2_ws/src/gpio_node' returned '0': PYTHONPATH=/root/ros2_ws/build/gpio_node/prefix_override:/usr/lib/python3/dist-packages/colcon_core/task/python/colcon_distutils_commands:/root/ros2_ws/install/gpio_node/lib/python3.10/site-packages:${PYTHONPATH} /usr/bin/python3 -W ignore:setup.py install is deprecated -W ignore:easy_install command is deprecated setup.py egg_info --egg-base ../../build/gpio_node build --build-base /root/ros2_ws/build/gpio_node/build install --record /root/ros2_ws/build/gpio_node/install.log --single-version-externally-managed install_data
[10.958s] Level 1:colcon.colcon_core.environment:checking '/root/ros2_ws/install/gpio_node' for CMake module files
[10.963s] Level 1:colcon.colcon_core.environment:checking '/root/ros2_ws/install/gpio_node' for CMake config files
[10.968s] Level 1:colcon.colcon_core.environment:checking '/root/ros2_ws/install/gpio_node/lib'
[10.971s] Level 1:colcon.colcon_core.environment:checking '/root/ros2_ws/install/gpio_node/bin'
[10.972s] Level 1:colcon.colcon_core.environment:checking '/root/ros2_ws/install/gpio_node/lib/pkgconfig/gpio_node.pc'
[10.974s] Level 1:colcon.colcon_core.environment:checking '/root/ros2_ws/install/gpio_node/lib/python3.10/site-packages'
[10.974s] Level 1:colcon.colcon_core.shell:create_environment_hook('gpio_node', 'pythonpath')
[10.977s] INFO:colcon.colcon_core.shell:Creating environment hook '/root/ros2_ws/install/gpio_node/share/gpio_node/hook/pythonpath.ps1'
[10.980s] INFO:colcon.colcon_core.shell:Creating environment descriptor '/root/ros2_ws/install/gpio_node/share/gpio_node/hook/pythonpath.dsv'
[10.983s] INFO:colcon.colcon_core.shell:Creating environment hook '/root/ros2_ws/install/gpio_node/share/gpio_node/hook/pythonpath.sh'
[10.992s] Level 1:colcon.colcon_core.environment:checking '/root/ros2_ws/install/gpio_node/bin'
[10.994s] Level 1:colcon.colcon_core.environment:create_environment_scripts_only(gpio_node)
[10.997s] INFO:colcon.colcon_core.shell:Creating package script '/root/ros2_ws/install/gpio_node/share/gpio_node/package.ps1'
[11.005s] INFO:colcon.colcon_core.shell:Creating package descriptor '/root/ros2_ws/install/gpio_node/share/gpio_node/package.dsv'
[11.013s] INFO:colcon.colcon_core.shell:Creating package script '/root/ros2_ws/install/gpio_node/share/gpio_node/package.sh'
[11.022s] INFO:colcon.colcon_core.shell:Creating package script '/root/ros2_ws/install/gpio_node/share/gpio_node/package.bash'
[11.031s] INFO:colcon.colcon_core.shell:Creating package script '/root/ros2_ws/install/gpio_node/share/gpio_node/package.zsh'
[11.037s] Level 1:colcon.colcon_core.environment:create_file_with_runtime_dependencies(/root/ros2_ws/install/gpio_node/share/colcon-core/packages/gpio_node)
[11.050s] DEBUG:colcon.colcon_core.event_handler.log_command:Invoked command in '/root/ros2_ws/build/ros2_shared' returned '0': CMAKE_PREFIX_PATH=${CMAKE_PREFIX_PATH}:/opt/ros/humble /usr/bin/cmake --build /root/ros2_ws/build/ros2_shared -- -j4 -l4
[11.123s] DEBUG:colcon.colcon_core.event_handler.log_command:Invoking command in '/root/ros2_ws/build/ros2_shared': CMAKE_PREFIX_PATH=${CMAKE_PREFIX_PATH}:/opt/ros/humble /usr/bin/cmake --install /root/ros2_ws/build/ros2_shared
[11.287s] Level 1:colcon.colcon_core.environment:create_environment_scripts_only(ros2_shared)
[11.289s] DEBUG:colcon.colcon_core.event_handler.log_command:Invoked command in '/root/ros2_ws/build/ros2_shared' returned '0': CMAKE_PREFIX_PATH=${CMAKE_PREFIX_PATH}:/opt/ros/humble /usr/bin/cmake --install /root/ros2_ws/build/ros2_shared
[11.292s] Level 1:colcon.colcon_core.environment:checking '/root/ros2_ws/install/ros2_shared' for CMake module files
[11.299s] Level 1:colcon.colcon_core.environment:checking '/root/ros2_ws/install/ros2_shared' for CMake config files
[11.302s] Level 1:colcon.colcon_core.shell:create_environment_hook('ros2_shared', 'cmake_prefix_path')
[11.305s] INFO:colcon.colcon_core.shell:Creating environment hook '/root/ros2_ws/install/ros2_shared/share/ros2_shared/hook/cmake_prefix_path.ps1'
[11.311s] INFO:colcon.colcon_core.shell:Creating environment descriptor '/root/ros2_ws/install/ros2_shared/share/ros2_shared/hook/cmake_prefix_path.dsv'
[11.314s] INFO:colcon.colcon_core.shell:Creating environment hook '/root/ros2_ws/install/ros2_shared/share/ros2_shared/hook/cmake_prefix_path.sh'
[11.323s] Level 1:colcon.colcon_core.environment:checking '/root/ros2_ws/install/ros2_shared/bin'
[11.324s] Level 1:colcon.colcon_core.environment:checking '/root/ros2_ws/install/ros2_shared/lib/pkgconfig/ros2_shared.pc'
[11.326s] Level 1:colcon.colcon_core.environment:checking '/root/ros2_ws/install/ros2_shared/lib/python3.10/site-packages'
[11.331s] Level 1:colcon.colcon_core.environment:checking '/root/ros2_ws/install/ros2_shared/bin'
[11.335s] INFO:colcon.colcon_core.shell:Creating package script '/root/ros2_ws/install/ros2_shared/share/ros2_shared/package.ps1'
[11.339s] INFO:colcon.colcon_core.shell:Creating package descriptor '/root/ros2_ws/install/ros2_shared/share/ros2_shared/package.dsv'
[11.344s] INFO:colcon.colcon_core.shell:Creating package script '/root/ros2_ws/install/ros2_shared/share/ros2_shared/package.sh'
[11.348s] INFO:colcon.colcon_core.shell:Creating package script '/root/ros2_ws/install/ros2_shared/share/ros2_shared/package.bash'
[11.352s] INFO:colcon.colcon_core.shell:Creating package script '/root/ros2_ws/install/ros2_shared/share/ros2_shared/package.zsh'
[11.359s] Level 1:colcon.colcon_core.environment:create_file_with_runtime_dependencies(/root/ros2_ws/install/ros2_shared/share/colcon-core/packages/ros2_shared)
[11.365s] Level 1:colcon.colcon_core.environment:create_environment_scripts_only(ros2_shared)
[11.368s] Level 1:colcon.colcon_core.environment:checking '/root/ros2_ws/install/ros2_shared' for CMake module files
[11.374s] Level 1:colcon.colcon_core.environment:checking '/root/ros2_ws/install/ros2_shared' for CMake config files
[11.377s] Level 1:colcon.colcon_core.shell:create_environment_hook('ros2_shared', 'cmake_prefix_path')
[11.379s] INFO:colcon.colcon_core.shell:Creating environment hook '/root/ros2_ws/install/ros2_shared/share/ros2_shared/hook/cmake_prefix_path.ps1'
[11.383s] INFO:colcon.colcon_core.shell:Creating environment descriptor '/root/ros2_ws/install/ros2_shared/share/ros2_shared/hook/cmake_prefix_path.dsv'
[11.390s] INFO:colcon.colcon_core.shell:Creating environment hook '/root/ros2_ws/install/ros2_shared/share/ros2_shared/hook/cmake_prefix_path.sh'
[11.397s] Level 1:colcon.colcon_core.environment:checking '/root/ros2_ws/install/ros2_shared/bin'
[11.397s] Level 1:colcon.colcon_core.environment:checking '/root/ros2_ws/install/ros2_shared/lib/pkgconfig/ros2_shared.pc'
[11.400s] Level 1:colcon.colcon_core.environment:checking '/root/ros2_ws/install/ros2_shared/lib/python3.10/site-packages'
[11.404s] Level 1:colcon.colcon_core.environment:checking '/root/ros2_ws/install/ros2_shared/bin'
[11.408s] INFO:colcon.colcon_core.shell:Creating package script '/root/ros2_ws/install/ros2_shared/share/ros2_shared/package.ps1'
[11.416s] INFO:colcon.colcon_core.shell:Creating package descriptor '/root/ros2_ws/install/ros2_shared/share/ros2_shared/package.dsv'
[11.425s] INFO:colcon.colcon_core.shell:Creating package script '/root/ros2_ws/install/ros2_shared/share/ros2_shared/package.sh'
[11.434s] INFO:colcon.colcon_core.shell:Creating package script '/root/ros2_ws/install/ros2_shared/share/ros2_shared/package.bash'
[11.441s] INFO:colcon.colcon_core.shell:Creating package script '/root/ros2_ws/install/ros2_shared/share/ros2_shared/package.zsh'
[11.446s] Level 1:colcon.colcon_core.environment:create_file_with_runtime_dependencies(/root/ros2_ws/install/ros2_shared/share/colcon-core/packages/ros2_shared)
[11.449s] INFO:colcon.colcon_ros.task.ament_cmake.build:Building ROS package in '/root/ros2_ws/src/opencv_cam' with build type 'ament_cmake'
[11.450s] INFO:colcon.colcon_cmake.task.cmake.build:Building CMake package in '/root/ros2_ws/src/opencv_cam'
[11.455s] INFO:colcon.colcon_core.shell:Skip shell extension 'powershell' for command environment: Not usable outside of PowerShell
[11.455s] DEBUG:colcon.colcon_core.shell:Skip shell extension 'dsv' for command environment
[11.542s] DEBUG:colcon.colcon_core.event_handler.log_command:Invoking command in '/root/ros2_ws/build/opencv_cam': CMAKE_PREFIX_PATH=/root/ros2_ws/install/ros2_shared:/root/ros2_ws/src/install/opencv_cam:/root/ros2_ws/src/install/ros2_shared:/root/ros2_ws/install/opencv_cam:/opt/ros/humble /usr/bin/cmake /root/ros2_ws/src/opencv_cam -DCMAKE_INSTALL_PREFIX=/root/ros2_ws/install/opencv_cam
[20.207s] DEBUG:colcon.colcon_core.event_handler.log_command:Invoked command in '/root/ros2_ws/build/opencv_cam' returned '0': CMAKE_PREFIX_PATH=/root/ros2_ws/install/ros2_shared:/root/ros2_ws/src/install/opencv_cam:/root/ros2_ws/src/install/ros2_shared:/root/ros2_ws/install/opencv_cam:/opt/ros/humble /usr/bin/cmake /root/ros2_ws/src/opencv_cam -DCMAKE_INSTALL_PREFIX=/root/ros2_ws/install/opencv_cam
[20.212s] DEBUG:colcon.colcon_core.event_handler.log_command:Invoking command in '/root/ros2_ws/build/opencv_cam': CMAKE_PREFIX_PATH=/root/ros2_ws/install/ros2_shared:/root/ros2_ws/src/install/opencv_cam:/root/ros2_ws/src/install/ros2_shared:/root/ros2_ws/install/opencv_cam:/opt/ros/humble /usr/bin/cmake --build /root/ros2_ws/build/opencv_cam -- -j4 -l4
[21.042s] DEBUG:colcon.colcon_core.event_handler.log_command:Invoked command in '/root/ros2_ws/build/opencv_cam' returned '0': CMAKE_PREFIX_PATH=/root/ros2_ws/install/ros2_shared:/root/ros2_ws/src/install/opencv_cam:/root/ros2_ws/src/install/ros2_shared:/root/ros2_ws/install/opencv_cam:/opt/ros/humble /usr/bin/cmake --build /root/ros2_ws/build/opencv_cam -- -j4 -l4
[21.057s] DEBUG:colcon.colcon_core.event_handler.log_command:Invoking command in '/root/ros2_ws/build/opencv_cam': CMAKE_PREFIX_PATH=/root/ros2_ws/install/ros2_shared:/root/ros2_ws/src/install/opencv_cam:/root/ros2_ws/src/install/ros2_shared:/root/ros2_ws/install/opencv_cam:/opt/ros/humble /usr/bin/cmake --install /root/ros2_ws/build/opencv_cam
[21.373s] Level 1:colcon.colcon_core.environment:create_environment_scripts_only(opencv_cam)
[21.377s] Level 1:colcon.colcon_core.environment:checking '/root/ros2_ws/install/opencv_cam' for CMake module files
[21.381s] DEBUG:colcon.colcon_core.event_handler.log_command:Invoked command in '/root/ros2_ws/build/opencv_cam' returned '0': CMAKE_PREFIX_PATH=/root/ros2_ws/install/ros2_shared:/root/ros2_ws/src/install/opencv_cam:/root/ros2_ws/src/install/ros2_shared:/root/ros2_ws/install/opencv_cam:/opt/ros/humble /usr/bin/cmake --install /root/ros2_ws/build/opencv_cam
[21.395s] Level 1:colcon.colcon_core.environment:checking '/root/ros2_ws/install/opencv_cam' for CMake config files
[21.398s] Level 1:colcon.colcon_core.shell:create_environment_hook('opencv_cam', 'cmake_prefix_path')
[21.400s] INFO:colcon.colcon_core.shell:Creating environment hook '/root/ros2_ws/install/opencv_cam/share/opencv_cam/hook/cmake_prefix_path.ps1'
[21.406s] INFO:colcon.colcon_core.shell:Creating environment descriptor '/root/ros2_ws/install/opencv_cam/share/opencv_cam/hook/cmake_prefix_path.dsv'
[21.411s] INFO:colcon.colcon_core.shell:Creating environment hook '/root/ros2_ws/install/opencv_cam/share/opencv_cam/hook/cmake_prefix_path.sh'
[21.422s] Level 1:colcon.colcon_core.environment:checking '/root/ros2_ws/install/opencv_cam/lib'
[21.423s] Level 1:colcon.colcon_core.shell:create_environment_hook('opencv_cam', 'ld_library_path_lib')
[21.426s] INFO:colcon.colcon_core.shell:Creating environment hook '/root/ros2_ws/install/opencv_cam/share/opencv_cam/hook/ld_library_path_lib.ps1'
[21.432s] INFO:colcon.colcon_core.shell:Creating environment descriptor '/root/ros2_ws/install/opencv_cam/share/opencv_cam/hook/ld_library_path_lib.dsv'
[21.436s] INFO:colcon.colcon_core.shell:Creating environment hook '/root/ros2_ws/install/opencv_cam/share/opencv_cam/hook/ld_library_path_lib.sh'
[21.442s] Level 1:colcon.colcon_core.environment:checking '/root/ros2_ws/install/opencv_cam/bin'
[21.443s] Level 1:colcon.colcon_core.environment:checking '/root/ros2_ws/install/opencv_cam/lib/pkgconfig/opencv_cam.pc'
[21.446s] Level 1:colcon.colcon_core.environment:checking '/root/ros2_ws/install/opencv_cam/lib/python3.10/site-packages'
[21.455s] Level 1:colcon.colcon_core.environment:checking '/root/ros2_ws/install/opencv_cam/bin'
[21.460s] INFO:colcon.colcon_core.shell:Creating package script '/root/ros2_ws/install/opencv_cam/share/opencv_cam/package.ps1'
[21.467s] INFO:colcon.colcon_core.shell:Creating package descriptor '/root/ros2_ws/install/opencv_cam/share/opencv_cam/package.dsv'
[21.473s] INFO:colcon.colcon_core.shell:Creating package script '/root/ros2_ws/install/opencv_cam/share/opencv_cam/package.sh'
[21.479s] INFO:colcon.colcon_core.shell:Creating package script '/root/ros2_ws/install/opencv_cam/share/opencv_cam/package.bash'
[21.488s] INFO:colcon.colcon_core.shell:Creating package script '/root/ros2_ws/install/opencv_cam/share/opencv_cam/package.zsh'
[21.496s] Level 1:colcon.colcon_core.environment:create_file_with_runtime_dependencies(/root/ros2_ws/install/opencv_cam/share/colcon-core/packages/opencv_cam)
[21.503s] Level 1:colcon.colcon_core.environment:create_environment_scripts_only(opencv_cam)
[21.506s] Level 1:colcon.colcon_core.environment:checking '/root/ros2_ws/install/opencv_cam' for CMake module files
[21.512s] Level 1:colcon.colcon_core.environment:checking '/root/ros2_ws/install/opencv_cam' for CMake config files
[21.519s] Level 1:colcon.colcon_core.shell:create_environment_hook('opencv_cam', 'cmake_prefix_path')
[21.522s] INFO:colcon.colcon_core.shell:Creating environment hook '/root/ros2_ws/install/opencv_cam/share/opencv_cam/hook/cmake_prefix_path.ps1'
[21.528s] INFO:colcon.colcon_core.shell:Creating environment descriptor '/root/ros2_ws/install/opencv_cam/share/opencv_cam/hook/cmake_prefix_path.dsv'
[21.531s] INFO:colcon.colcon_core.shell:Creating environment hook '/root/ros2_ws/install/opencv_cam/share/opencv_cam/hook/cmake_prefix_path.sh'
[21.537s] Level 1:colcon.colcon_core.environment:checking '/root/ros2_ws/install/opencv_cam/lib'
[21.538s] Level 1:colcon.colcon_core.shell:create_environment_hook('opencv_cam', 'ld_library_path_lib')
[21.540s] INFO:colcon.colcon_core.shell:Creating environment hook '/root/ros2_ws/install/opencv_cam/share/opencv_cam/hook/ld_library_path_lib.ps1'
[21.544s] INFO:colcon.colcon_core.shell:Creating environment descriptor '/root/ros2_ws/install/opencv_cam/share/opencv_cam/hook/ld_library_path_lib.dsv'
[21.548s] INFO:colcon.colcon_core.shell:Creating environment hook '/root/ros2_ws/install/opencv_cam/share/opencv_cam/hook/ld_library_path_lib.sh'
[21.555s] Level 1:colcon.colcon_core.environment:checking '/root/ros2_ws/install/opencv_cam/bin'
[21.557s] Level 1:colcon.colcon_core.environment:checking '/root/ros2_ws/install/opencv_cam/lib/pkgconfig/opencv_cam.pc'
[21.560s] Level 1:colcon.colcon_core.environment:checking '/root/ros2_ws/install/opencv_cam/lib/python3.10/site-packages'
[21.565s] Level 1:colcon.colcon_core.environment:checking '/root/ros2_ws/install/opencv_cam/bin'
[21.569s] INFO:colcon.colcon_core.shell:Creating package script '/root/ros2_ws/install/opencv_cam/share/opencv_cam/package.ps1'
[21.575s] INFO:colcon.colcon_core.shell:Creating package descriptor '/root/ros2_ws/install/opencv_cam/share/opencv_cam/package.dsv'
[21.580s] INFO:colcon.colcon_core.shell:Creating package script '/root/ros2_ws/install/opencv_cam/share/opencv_cam/package.sh'
[21.586s] INFO:colcon.colcon_core.shell:Creating package script '/root/ros2_ws/install/opencv_cam/share/opencv_cam/package.bash'
[21.592s] INFO:colcon.colcon_core.shell:Creating package script '/root/ros2_ws/install/opencv_cam/share/opencv_cam/package.zsh'
[21.601s] Level 1:colcon.colcon_core.environment:create_file_with_runtime_dependencies(/root/ros2_ws/install/opencv_cam/share/colcon-core/packages/opencv_cam)
[21.606s] DEBUG:colcon.colcon_parallel_executor.executor.parallel:closing loop
[21.608s] DEBUG:colcon.colcon_parallel_executor.executor.parallel:loop closed
[21.609s] DEBUG:colcon.colcon_parallel_executor.executor.parallel:run_until_complete finished with '0'
[21.611s] DEBUG:colcon.colcon_core.event_reactor:joining thread
[21.775s] INFO:colcon.colcon_core.plugin_system:Skipping extension 'colcon_notification.desktop_notification.notify_send': Could not find 'notify-send'
[21.775s] INFO:colcon.colcon_core.plugin_system:Skipping extension 'colcon_notification.desktop_notification.terminal_notifier': Not used on non-Darwin systems
[21.776s] INFO:colcon.colcon_core.plugin_system:Skipping extension 'colcon_notification.desktop_notification.win32': Not used on non-Windows systems
[21.777s] INFO:colcon.colcon_notification.desktop_notification:Sending desktop notification using 'notify2'
[21.777s] DEBUG:colcon.colcon_notification.desktop_notification.notify2:Failed to initialize notify2: org.freedesktop.DBus.Error.NotSupported: Unable to autolaunch a dbus-daemon without a $DISPLAY for X11
[21.778s] DEBUG:colcon.colcon_core.event_reactor:joined thread
[21.780s] INFO:colcon.colcon_core.shell:Creating prefix script '/root/ros2_ws/install/local_setup.ps1'
[21.796s] INFO:colcon.colcon_core.shell:Creating prefix util module '/root/ros2_ws/install/_local_setup_util_ps1.py'
[21.811s] INFO:colcon.colcon_core.shell:Creating prefix chain script '/root/ros2_ws/install/setup.ps1'
[21.823s] INFO:colcon.colcon_core.shell:Creating prefix script '/root/ros2_ws/install/local_setup.sh'
[21.830s] INFO:colcon.colcon_core.shell:Creating prefix util module '/root/ros2_ws/install/_local_setup_util_sh.py'
[21.837s] INFO:colcon.colcon_core.shell:Creating prefix chain script '/root/ros2_ws/install/setup.sh'
[21.848s] INFO:colcon.colcon_core.shell:Creating prefix script '/root/ros2_ws/install/local_setup.bash'
[21.854s] INFO:colcon.colcon_core.shell:Creating prefix chain script '/root/ros2_ws/install/setup.bash'
[21.868s] INFO:colcon.colcon_core.shell:Creating prefix script '/root/ros2_ws/install/local_setup.zsh'
[21.873s] INFO:colcon.colcon_core.shell:Creating prefix chain script '/root/ros2_ws/install/setup.zsh'
