-- The C compiler identification is GNU 11.4.0
-- The CXX compiler identification is GNU 11.4.0
-- Detecting C compiler ABI info
-- Detecting C compiler ABI info - done
-- Check for working C compiler: /usr/bin/cc - skipped
-- Detecting C compile features
-- Detecting C compile features - done
-- Detecting CXX compiler ABI info
-- Detecting CXX compiler ABI info - done
-- Check for working CXX compiler: /usr/bin/c++ - skipped
-- Detecting CXX compile features
-- Detecting CXX compile features - done
-- Found ament_cmake: 1.3.12 (/opt/ros/humble/share/ament_cmake/cmake)
-- Found Python3: /usr/bin/python3 (found version "3.10.12") found components: Interpreter 
-- Override CMake install command with custom implementation using symlinks instead of copying resources
-- Found rclcpp: 16.0.15 (/opt/ros/humble/share/rclcpp/cmake)
-- Found rosidl_generator_c: 3.1.7 (/opt/ros/humble/share/rosidl_generator_c/cmake)
-- Found rosidl_adapter: 3.1.7 (/opt/ros/humble/share/rosidl_adapter/cmake)
-- Found rosidl_generator_cpp: 3.1.7 (/opt/ros/humble/share/rosidl_generator_cpp/cmake)
-- Using all available rosidl_typesupport_c: rosidl_typesupport_fastrtps_c;rosidl_typesupport_introspection_c
-- Using all available rosidl_typesupport_cpp: rosidl_typesupport_fastrtps_cpp;rosidl_typesupport_introspection_cpp
-- Found rmw_implementation_cmake: 6.1.2 (/opt/ros/humble/share/rmw_implementation_cmake/cmake)
-- Found rmw_fastrtps_cpp: 6.2.8 (/opt/ros/humble/share/rmw_fastrtps_cpp/cmake)
-- Found OpenSSL: /usr/lib/aarch64-linux-gnu/libcrypto.so (found version "3.0.2")  
-- Found FastRTPS: /opt/ros/humble/include  
-- Using RMW implementation 'rmw_fastrtps_cpp' as default
-- Looking for pthread.h
-- Looking for pthread.h - found
-- Performing Test CMAKE_HAVE_LIBC_PTHREAD
-- Performing Test CMAKE_HAVE_LIBC_PTHREAD - Success
-- Found Threads: TRUE  
-- Configuring done
-- Generating done
-- Build files have been written to: /root/ros2_ws/src/build/ros2_shared
-- Install configuration: ""
-- Execute custom install script
-- Symlinking: /root/ros2_ws/src/install/ros2_shared/include/ros2_shared/context_macros.hpp
-- Symlinking: /root/ros2_ws/src/install/ros2_shared/include/ros2_shared/param_macros.hpp
-- Symlinking: /root/ros2_ws/src/install/ros2_shared/include/ros2_shared/string_printf.hpp
-- Symlinking: /root/ros2_ws/src/install/ros2_shared/share/ament_index/resource_index/package_run_dependencies/ros2_shared
-- Symlinking: /root/ros2_ws/src/install/ros2_shared/share/ament_index/resource_index/parent_prefix_path/ros2_shared
-- Symlinking: /root/ros2_ws/src/install/ros2_shared/share/ros2_shared/environment/ament_prefix_path.sh
-- Symlinking: /root/ros2_ws/src/install/ros2_shared/share/ros2_shared/environment/ament_prefix_path.dsv
-- Symlinking: /root/ros2_ws/src/install/ros2_shared/share/ros2_shared/environment/path.sh
-- Symlinking: /root/ros2_ws/src/install/ros2_shared/share/ros2_shared/environment/path.dsv
-- Symlinking: /root/ros2_ws/src/install/ros2_shared/share/ros2_shared/local_setup.bash
-- Symlinking: /root/ros2_ws/src/install/ros2_shared/share/ros2_shared/local_setup.sh
-- Symlinking: /root/ros2_ws/src/install/ros2_shared/share/ros2_shared/local_setup.zsh
-- Symlinking: /root/ros2_ws/src/install/ros2_shared/share/ros2_shared/local_setup.dsv
-- Symlinking: /root/ros2_ws/src/install/ros2_shared/share/ros2_shared/package.dsv
-- Symlinking: /root/ros2_ws/src/install/ros2_shared/share/ament_index/resource_index/packages/ros2_shared
-- Symlinking: /root/ros2_ws/src/install/ros2_shared/share/ros2_shared/cmake/ament_cmake_export_targets-extras.cmake
-- Symlinking: /root/ros2_ws/src/install/ros2_shared/share/ros2_shared/cmake/ament_cmake_export_dependencies-extras.cmake
-- Symlinking: /root/ros2_ws/src/install/ros2_shared/share/ros2_shared/cmake/ros2_sharedConfig.cmake
-- Symlinking: /root/ros2_ws/src/install/ros2_shared/share/ros2_shared/cmake/ros2_sharedConfig-version.cmake
-- Symlinking: /root/ros2_ws/src/install/ros2_shared/share/ros2_shared/package.xml
-- Installing: /root/ros2_ws/src/install/ros2_shared/share/ros2_shared/cmake/ros2_shared_targetsExport.cmake
