[0.024s] Invoking command in '/root/ros2_ws/src/build/ros2_shared': CMAKE_PREFIX_PATH=${CMAKE_PREFIX_PATH}:/opt/ros/humble /usr/bin/cmake /root/ros2_ws/src/ros2_shared -DAMENT_CMAKE_SYMLINK_INSTALL=1 -DCMAKE_INSTALL_PREFIX=/root/ros2_ws/src/install/ros2_shared
[0.247s] -- The C compiler identification is GNU 11.4.0
[0.442s] -- The CXX compiler identification is GNU 11.4.0
[0.480s] -- Detecting C compiler ABI info
[0.700s] -- Detecting C compiler ABI info - done
[0.720s] -- Check for working C compiler: /usr/bin/cc - skipped
[0.724s] -- Detecting C compile features
[0.729s] -- Detecting C compile features - done
[0.742s] -- Detecting CXX compiler ABI info
[0.976s] -- Detecting CXX compiler ABI info - done
[0.997s] -- Check for working CXX compiler: /usr/bin/c++ - skipped
[0.998s] -- Detecting CXX compile features
[1.000s] -- Detecting CXX compile features - done
[1.019s] -- Found ament_cmake: 1.3.12 (/opt/ros/humble/share/ament_cmake/cmake)
[1.440s] -- Found Python3: /usr/bin/python3 (found version "3.10.12") found components: Interpreter 
[1.701s] -- Override CMake install command with custom implementation using symlinks instead of copying resources
[1.842s] -- Found rclcpp: 16.0.15 (/opt/ros/humble/share/rclcpp/cmake)
[2.059s] -- Found rosidl_generator_c: 3.1.7 (/opt/ros/humble/share/rosidl_generator_c/cmake)
[2.083s] -- Found rosidl_adapter: 3.1.7 (/opt/ros/humble/share/rosidl_adapter/cmake)
[2.126s] -- Found rosidl_generator_cpp: 3.1.7 (/opt/ros/humble/share/rosidl_generator_cpp/cmake)
[2.188s] -- Using all available rosidl_typesupport_c: rosidl_typesupport_fastrtps_c;rosidl_typesupport_introspection_c
[2.266s] -- Using all available rosidl_typesupport_cpp: rosidl_typesupport_fastrtps_cpp;rosidl_typesupport_introspection_cpp
[2.481s] -- Found rmw_implementation_cmake: 6.1.2 (/opt/ros/humble/share/rmw_implementation_cmake/cmake)
[2.496s] -- Found rmw_fastrtps_cpp: 6.2.8 (/opt/ros/humble/share/rmw_fastrtps_cpp/cmake)
[2.784s] -- Found OpenSSL: /usr/lib/aarch64-linux-gnu/libcrypto.so (found version "3.0.2")  
[2.848s] -- Found FastRTPS: /opt/ros/humble/include  
[2.947s] -- Using RMW implementation 'rmw_fastrtps_cpp' as default
[2.987s] -- Looking for pthread.h
[3.250s] -- Looking for pthread.h - found
[3.251s] -- Performing Test CMAKE_HAVE_LIBC_PTHREAD
[3.460s] -- Performing Test CMAKE_HAVE_LIBC_PTHREAD - Success
[3.463s] -- Found Threads: TRUE  
[4.344s] -- Configuring done
[4.370s] -- Generating done
[4.459s] -- Build files have been written to: /root/ros2_ws/src/build/ros2_shared
[4.488s] Invoked command in '/root/ros2_ws/src/build/ros2_shared' returned '0': CMAKE_PREFIX_PATH=${CMAKE_PREFIX_PATH}:/opt/ros/humble /usr/bin/cmake /root/ros2_ws/src/ros2_shared -DAMENT_CMAKE_SYMLINK_INSTALL=1 -DCMAKE_INSTALL_PREFIX=/root/ros2_ws/src/install/ros2_shared
[4.494s] Invoking command in '/root/ros2_ws/src/build/ros2_shared': CMAKE_PREFIX_PATH=${CMAKE_PREFIX_PATH}:/opt/ros/humble /usr/bin/cmake --build /root/ros2_ws/src/build/ros2_shared -- -j4 -l4
[4.637s] Invoked command in '/root/ros2_ws/src/build/ros2_shared' returned '0': CMAKE_PREFIX_PATH=${CMAKE_PREFIX_PATH}:/opt/ros/humble /usr/bin/cmake --build /root/ros2_ws/src/build/ros2_shared -- -j4 -l4
[4.662s] Invoking command in '/root/ros2_ws/src/build/ros2_shared': CMAKE_PREFIX_PATH=${CMAKE_PREFIX_PATH}:/opt/ros/humble /usr/bin/cmake --install /root/ros2_ws/src/build/ros2_shared
[4.680s] -- Install configuration: ""
[4.681s] -- Execute custom install script
[4.686s] -- Symlinking: /root/ros2_ws/src/install/ros2_shared/include/ros2_shared/context_macros.hpp
[4.708s] -- Symlinking: /root/ros2_ws/src/install/ros2_shared/include/ros2_shared/param_macros.hpp
[4.729s] -- Symlinking: /root/ros2_ws/src/install/ros2_shared/include/ros2_shared/string_printf.hpp
[4.751s] -- Symlinking: /root/ros2_ws/src/install/ros2_shared/share/ament_index/resource_index/package_run_dependencies/ros2_shared
[4.773s] -- Symlinking: /root/ros2_ws/src/install/ros2_shared/share/ament_index/resource_index/parent_prefix_path/ros2_shared
[4.795s] -- Symlinking: /root/ros2_ws/src/install/ros2_shared/share/ros2_shared/environment/ament_prefix_path.sh
[4.817s] -- Symlinking: /root/ros2_ws/src/install/ros2_shared/share/ros2_shared/environment/ament_prefix_path.dsv
[4.839s] -- Symlinking: /root/ros2_ws/src/install/ros2_shared/share/ros2_shared/environment/path.sh
[4.860s] -- Symlinking: /root/ros2_ws/src/install/ros2_shared/share/ros2_shared/environment/path.dsv
[4.882s] -- Symlinking: /root/ros2_ws/src/install/ros2_shared/share/ros2_shared/local_setup.bash
[4.903s] -- Symlinking: /root/ros2_ws/src/install/ros2_shared/share/ros2_shared/local_setup.sh
[4.925s] -- Symlinking: /root/ros2_ws/src/install/ros2_shared/share/ros2_shared/local_setup.zsh
[4.947s] -- Symlinking: /root/ros2_ws/src/install/ros2_shared/share/ros2_shared/local_setup.dsv
[4.968s] -- Symlinking: /root/ros2_ws/src/install/ros2_shared/share/ros2_shared/package.dsv
[4.990s] -- Symlinking: /root/ros2_ws/src/install/ros2_shared/share/ament_index/resource_index/packages/ros2_shared
[5.012s] -- Symlinking: /root/ros2_ws/src/install/ros2_shared/share/ros2_shared/cmake/ament_cmake_export_targets-extras.cmake
[5.034s] -- Symlinking: /root/ros2_ws/src/install/ros2_shared/share/ros2_shared/cmake/ament_cmake_export_dependencies-extras.cmake
[5.055s] -- Symlinking: /root/ros2_ws/src/install/ros2_shared/share/ros2_shared/cmake/ros2_sharedConfig.cmake
[5.077s] -- Symlinking: /root/ros2_ws/src/install/ros2_shared/share/ros2_shared/cmake/ros2_sharedConfig-version.cmake
[5.098s] -- Symlinking: /root/ros2_ws/src/install/ros2_shared/share/ros2_shared/package.xml
[5.119s] -- Installing: /root/ros2_ws/src/install/ros2_shared/share/ros2_shared/cmake/ros2_shared_targetsExport.cmake
[5.125s] Invoked command in '/root/ros2_ws/src/build/ros2_shared' returned '0': CMAKE_PREFIX_PATH=${CMAKE_PREFIX_PATH}:/opt/ros/humble /usr/bin/cmake --install /root/ros2_ws/src/build/ros2_shared
