[0.091s] Invoking command in '/root/ros2_ws/build/ros2_shared': CMAKE_PREFIX_PATH=${CMAKE_PREFIX_PATH}:/opt/ros/humble /usr/bin/cmake /root/ros2_ws/src/ros2_shared -DCMAKE_INSTALL_PREFIX=/root/ros2_ws/install/ros2_shared
[0.857s] -- Found ament_cmake: 1.3.12 (/opt/ros/humble/share/ament_cmake/cmake)
[2.397s] -- Override CMake install command with custom implementation using symlinks instead of copying resources
[2.637s] -- Found rclcpp: 16.0.15 (/opt/ros/humble/share/rclcpp/cmake)
[3.390s] -- Found rosidl_generator_c: 3.1.7 (/opt/ros/humble/share/rosidl_generator_c/cmake)
[3.444s] -- Found rosidl_adapter: 3.1.7 (/opt/ros/humble/share/rosidl_adapter/cmake)
[3.549s] -- Found rosidl_generator_cpp: 3.1.7 (/opt/ros/humble/share/rosidl_generator_cpp/cmake)
[3.653s] -- Using all available rosidl_typesupport_c: rosidl_typesupport_fastrtps_c;rosidl_typesupport_introspection_c
[3.748s] -- Using all available rosidl_typesupport_cpp: rosidl_typesupport_fastrtps_cpp;rosidl_typesupport_introspection_cpp
[4.103s] -- Found rmw_implementation_cmake: 6.1.2 (/opt/ros/humble/share/rmw_implementation_cmake/cmake)
[4.139s] -- Found rmw_fastrtps_cpp: 6.2.8 (/opt/ros/humble/share/rmw_fastrtps_cpp/cmake)
[5.635s] -- Using RMW implementation 'rmw_fastrtps_cpp' as default
[7.399s] -- Configuring done
[7.480s] -- Generating done
[7.504s] -- Build files have been written to: /root/ros2_ws/build/ros2_shared
[7.650s] Invoked command in '/root/ros2_ws/build/ros2_shared' returned '0': CMAKE_PREFIX_PATH=${CMAKE_PREFIX_PATH}:/opt/ros/humble /usr/bin/cmake /root/ros2_ws/src/ros2_shared -DCMAKE_INSTALL_PREFIX=/root/ros2_ws/install/ros2_shared
[7.683s] Invoking command in '/root/ros2_ws/build/ros2_shared': CMAKE_PREFIX_PATH=${CMAKE_PREFIX_PATH}:/opt/ros/humble /usr/bin/cmake --build /root/ros2_ws/build/ros2_shared -- -j4 -l4
[8.233s] Invoked command in '/root/ros2_ws/build/ros2_shared' returned '0': CMAKE_PREFIX_PATH=${CMAKE_PREFIX_PATH}:/opt/ros/humble /usr/bin/cmake --build /root/ros2_ws/build/ros2_shared -- -j4 -l4
[8.305s] Invoking command in '/root/ros2_ws/build/ros2_shared': CMAKE_PREFIX_PATH=${CMAKE_PREFIX_PATH}:/opt/ros/humble /usr/bin/cmake --install /root/ros2_ws/build/ros2_shared
[8.356s] -- Install configuration: ""
[8.361s] -- Execute custom install script
[8.364s] -- Up-to-date symlink: /root/ros2_ws/install/ros2_shared/include/ros2_shared/context_macros.hpp
[8.366s] -- Up-to-date symlink: /root/ros2_ws/install/ros2_shared/include/ros2_shared/param_macros.hpp
[8.367s] -- Up-to-date symlink: /root/ros2_ws/install/ros2_shared/include/ros2_shared/string_printf.hpp
[8.373s] -- Up-to-date symlink: /root/ros2_ws/install/ros2_shared/share/ament_index/resource_index/package_run_dependencies/ros2_shared
[8.376s] -- Up-to-date symlink: /root/ros2_ws/install/ros2_shared/share/ament_index/resource_index/parent_prefix_path/ros2_shared
[8.379s] -- Up-to-date symlink: /root/ros2_ws/install/ros2_shared/share/ros2_shared/environment/ament_prefix_path.sh
[8.383s] -- Up-to-date symlink: /root/ros2_ws/install/ros2_shared/share/ros2_shared/environment/ament_prefix_path.dsv
[8.386s] -- Up-to-date symlink: /root/ros2_ws/install/ros2_shared/share/ros2_shared/environment/path.sh
[8.388s] -- Up-to-date symlink: /root/ros2_ws/install/ros2_shared/share/ros2_shared/environment/path.dsv
[8.389s] -- Up-to-date symlink: /root/ros2_ws/install/ros2_shared/share/ros2_shared/local_setup.bash
[8.390s] -- Up-to-date symlink: /root/ros2_ws/install/ros2_shared/share/ros2_shared/local_setup.sh
[8.390s] -- Up-to-date symlink: /root/ros2_ws/install/ros2_shared/share/ros2_shared/local_setup.zsh
[8.393s] -- Up-to-date symlink: /root/ros2_ws/install/ros2_shared/share/ros2_shared/local_setup.dsv
[8.394s] -- Symlinking: /root/ros2_ws/install/ros2_shared/share/ros2_shared/package.dsv
[8.448s] -- Up-to-date symlink: /root/ros2_ws/install/ros2_shared/share/ament_index/resource_index/packages/ros2_shared
[8.449s] -- Up-to-date symlink: /root/ros2_ws/install/ros2_shared/share/ros2_shared/cmake/ament_cmake_export_targets-extras.cmake
[8.451s] -- Up-to-date symlink: /root/ros2_ws/install/ros2_shared/share/ros2_shared/cmake/ament_cmake_export_dependencies-extras.cmake
[8.453s] -- Up-to-date symlink: /root/ros2_ws/install/ros2_shared/share/ros2_shared/cmake/ros2_sharedConfig.cmake
[8.454s] -- Up-to-date symlink: /root/ros2_ws/install/ros2_shared/share/ros2_shared/cmake/ros2_sharedConfig-version.cmake
[8.455s] -- Up-to-date symlink: /root/ros2_ws/install/ros2_shared/share/ros2_shared/package.xml
[8.459s] -- Up-to-date: /root/ros2_ws/install/ros2_shared/share/ros2_shared/cmake/ros2_shared_targetsExport.cmake
[8.471s] Invoked command in '/root/ros2_ws/build/ros2_shared' returned '0': CMAKE_PREFIX_PATH=${CMAKE_PREFIX_PATH}:/opt/ros/humble /usr/bin/cmake --install /root/ros2_ws/build/ros2_shared
