[0.036s] Invoking command in '/root/ros2_ws/src/build/opencv_cam': CMAKE_PREFIX_PATH=/root/ros2_ws/src/install/ros2_shared:/root/ros2_ws/install/opencv_cam:/root/ros2_ws/install/ros2_shared:/root/ros2_ws/src/install/opencv_cam:/root/ros2_ws/install/gpio_node:/root/ros2_ws/src/install/gpio_node:/opt/ros/humble /usr/bin/cmake --build /root/ros2_ws/src/build/opencv_cam -- -j4 -l4
[0.573s] [ 25%] Built target subscriber_node
[0.593s] [ 50%] Built target opencv_cam_node
[0.702s] [ 75%] Built target opencv_cam_main
[0.716s] [100%] Built target ipc_test_main
[0.747s] Invoked command in '/root/ros2_ws/src/build/opencv_cam' returned '0': CMAKE_PREFIX_PATH=/root/ros2_ws/src/install/ros2_shared:/root/ros2_ws/install/opencv_cam:/root/ros2_ws/install/ros2_shared:/root/ros2_ws/src/install/opencv_cam:/root/ros2_ws/install/gpio_node:/root/ros2_ws/src/install/gpio_node:/opt/ros/humble /usr/bin/cmake --build /root/ros2_ws/src/build/opencv_cam -- -j4 -l4
[0.761s] Invoking command in '/root/ros2_ws/src/build/opencv_cam': CMAKE_PREFIX_PATH=/root/ros2_ws/src/install/ros2_shared:/root/ros2_ws/install/opencv_cam:/root/ros2_ws/install/ros2_shared:/root/ros2_ws/src/install/opencv_cam:/root/ros2_ws/install/gpio_node:/root/ros2_ws/src/install/gpio_node:/opt/ros/humble /usr/bin/cmake --install /root/ros2_ws/src/build/opencv_cam
[0.784s] -- Install configuration: ""
[0.788s] -- Execute custom install script
[0.791s] -- Up-to-date symlink: /root/ros2_ws/src/install/opencv_cam/share/opencv_cam/environment/library_path.sh
[0.792s] -- Up-to-date symlink: /root/ros2_ws/src/install/opencv_cam/share/opencv_cam/environment/library_path.dsv
[0.793s] -- Up-to-date symlink: /root/ros2_ws/src/install/opencv_cam/share/ament_index/resource_index/package_run_dependencies/opencv_cam
[0.796s] -- Up-to-date symlink: /root/ros2_ws/src/install/opencv_cam/share/ament_index/resource_index/parent_prefix_path/opencv_cam
[0.796s] -- Up-to-date symlink: /root/ros2_ws/src/install/opencv_cam/share/opencv_cam/environment/ament_prefix_path.sh
[0.797s] -- Up-to-date symlink: /root/ros2_ws/src/install/opencv_cam/share/opencv_cam/environment/ament_prefix_path.dsv
[0.798s] -- Up-to-date symlink: /root/ros2_ws/src/install/opencv_cam/share/opencv_cam/environment/path.sh
[0.798s] -- Up-to-date symlink: /root/ros2_ws/src/install/opencv_cam/share/opencv_cam/environment/path.dsv
[0.800s] -- Up-to-date symlink: /root/ros2_ws/src/install/opencv_cam/share/opencv_cam/local_setup.bash
[0.801s] -- Up-to-date symlink: /root/ros2_ws/src/install/opencv_cam/share/opencv_cam/local_setup.sh
[0.802s] -- Up-to-date symlink: /root/ros2_ws/src/install/opencv_cam/share/opencv_cam/local_setup.zsh
[0.802s] -- Up-to-date symlink: /root/ros2_ws/src/install/opencv_cam/share/opencv_cam/local_setup.dsv
[0.803s] -- Symlinking: /root/ros2_ws/src/install/opencv_cam/share/opencv_cam/package.dsv
[0.830s] -- Up-to-date symlink: /root/ros2_ws/src/install/opencv_cam/share/ament_index/resource_index/packages/opencv_cam
[0.835s] -- Up-to-date symlink: /root/ros2_ws/src/install/opencv_cam/share/ament_index/resource_index/rclcpp_components/opencv_cam
[0.835s] -- Up-to-date symlink: /root/ros2_ws/src/install/opencv_cam/share/opencv_cam/cmake/ament_cmake_export_dependencies-extras.cmake
[0.836s] -- Up-to-date symlink: /root/ros2_ws/src/install/opencv_cam/share/opencv_cam/cmake/ament_cmake_export_include_directories-extras.cmake
[0.837s] -- Up-to-date symlink: /root/ros2_ws/src/install/opencv_cam/share/opencv_cam/cmake/ament_cmake_export_targets-extras.cmake
[0.839s] -- Up-to-date symlink: /root/ros2_ws/src/install/opencv_cam/share/opencv_cam/cmake/ament_cmake_export_libraries-extras.cmake
[0.839s] -- Up-to-date symlink: /root/ros2_ws/src/install/opencv_cam/share/opencv_cam/cmake/opencv_camConfig.cmake
[0.840s] -- Up-to-date symlink: /root/ros2_ws/src/install/opencv_cam/share/opencv_cam/cmake/opencv_camConfig-version.cmake
[0.841s] -- Up-to-date symlink: /root/ros2_ws/src/install/opencv_cam/share/opencv_cam/package.xml
[0.844s] -- Up-to-date symlink: /root/ros2_ws/src/install/opencv_cam/lib/opencv_cam/opencv_cam_main
[0.846s] -- Up-to-date symlink: /root/ros2_ws/src/install/opencv_cam/lib/opencv_cam/ipc_test_main
[0.847s] -- Up-to-date symlink: /root/ros2_ws/src/install/opencv_cam/share/opencv_cam/launch/composition_launch.py
[0.860s] -- Up-to-date: /root/ros2_ws/src/install/opencv_cam/share/opencv_cam/cmake/export_opencv_cam_nodeExport.cmake
[0.861s] -- Up-to-date: /root/ros2_ws/src/install/opencv_cam/share/opencv_cam/cmake/export_opencv_cam_nodeExport-noconfig.cmake
[0.866s] -- Up-to-date: /root/ros2_ws/src/install/opencv_cam/share/opencv_cam/cmake/export_subscriber_nodeExport.cmake
[0.866s] -- Up-to-date: /root/ros2_ws/src/install/opencv_cam/share/opencv_cam/cmake/export_subscriber_nodeExport-noconfig.cmake
[0.881s] -- Up-to-date: /root/ros2_ws/src/install/opencv_cam/lib/libopencv_cam_node.so
[0.890s] -- Up-to-date: /root/ros2_ws/src/install/opencv_cam/lib/libsubscriber_node.so
[0.896s] Invoked command in '/root/ros2_ws/src/build/opencv_cam' returned '0': CMAKE_PREFIX_PATH=/root/ros2_ws/src/install/ros2_shared:/root/ros2_ws/install/opencv_cam:/root/ros2_ws/install/ros2_shared:/root/ros2_ws/src/install/opencv_cam:/root/ros2_ws/install/gpio_node:/root/ros2_ws/src/install/gpio_node:/opt/ros/humble /usr/bin/cmake --install /root/ros2_ws/src/build/opencv_cam
