[0.079s] Invoking command in '/root/ros2_ws/build/opencv_cam': CMAKE_PREFIX_PATH=/root/ros2_ws/install/ros2_shared:/root/ros2_ws/src/install/opencv_cam:/root/ros2_ws/src/install/ros2_shared:/root/ros2_ws/install/opencv_cam:/opt/ros/humble /usr/bin/cmake /root/ros2_ws/src/opencv_cam -DCMAKE_INSTALL_PREFIX=/root/ros2_ws/install/opencv_cam
[0.272s] -- Found OpenCV version 4.5.4
[0.273s] -- Found ament_cmake: 1.3.12 (/opt/ros/humble/share/ament_cmake/cmake)
[1.500s] -- Override CMake install command with custom implementation using symlinks instead of copying resources
[1.593s] -- Found camera_calibration_parsers: 3.1.12 (/opt/ros/humble/share/camera_calibration_parsers/cmake)
[1.842s] -- Found rosidl_generator_c: 3.1.7 (/opt/ros/humble/share/rosidl_generator_c/cmake)
[1.868s] -- Found rosidl_adapter: 3.1.7 (/opt/ros/humble/share/rosidl_adapter/cmake)
[1.926s] -- Found rosidl_generator_cpp: 3.1.7 (/opt/ros/humble/share/rosidl_generator_cpp/cmake)
[1.993s] -- Using all available rosidl_typesupport_c: rosidl_typesupport_fastrtps_c;rosidl_typesupport_introspection_c
[2.038s] -- Using all available rosidl_typesupport_cpp: rosidl_typesupport_fastrtps_cpp;rosidl_typesupport_introspection_cpp
[2.282s] -- Found rmw_implementation_cmake: 6.1.2 (/opt/ros/humble/share/rmw_implementation_cmake/cmake)
[2.295s] -- Found rmw_fastrtps_cpp: 6.2.8 (/opt/ros/humble/share/rmw_fastrtps_cpp/cmake)
[3.053s] -- Using RMW implementation 'rmw_fastrtps_cpp' as default
[4.005s] -- Found class_loader: 2.2.0 (/opt/ros/humble/share/class_loader/cmake)
[4.045s] -- Found rclcpp_components: 16.0.15 (/opt/ros/humble/share/rclcpp_components/cmake)
[4.267s] -- Found ros2_shared: 0.1.0 (/root/ros2_ws/install/ros2_shared/share/ros2_shared/cmake)
[5.069s] -- Configuring done
[8.514s] -- Generating done
[8.713s] -- Build files have been written to: /root/ros2_ws/build/opencv_cam
[8.744s] Invoked command in '/root/ros2_ws/build/opencv_cam' returned '0': CMAKE_PREFIX_PATH=/root/ros2_ws/install/ros2_shared:/root/ros2_ws/src/install/opencv_cam:/root/ros2_ws/src/install/ros2_shared:/root/ros2_ws/install/opencv_cam:/opt/ros/humble /usr/bin/cmake /root/ros2_ws/src/opencv_cam -DCMAKE_INSTALL_PREFIX=/root/ros2_ws/install/opencv_cam
[8.749s] Invoking command in '/root/ros2_ws/build/opencv_cam': CMAKE_PREFIX_PATH=/root/ros2_ws/install/ros2_shared:/root/ros2_ws/src/install/opencv_cam:/root/ros2_ws/src/install/ros2_shared:/root/ros2_ws/install/opencv_cam:/opt/ros/humble /usr/bin/cmake --build /root/ros2_ws/build/opencv_cam -- -j4 -l4
[8.880s] [35m[1mConsolidate compiler generated dependencies of target subscriber_node[0m
[8.884s] [35m[1mConsolidate compiler generated dependencies of target opencv_cam_node[0m
[9.229s] [ 25%] Built target subscriber_node
[9.233s] [ 50%] Built target opencv_cam_node
[9.327s] [35m[1mConsolidate compiler generated dependencies of target opencv_cam_main[0m
[9.332s] [35m[1mConsolidate compiler generated dependencies of target ipc_test_main[0m
[9.483s] [ 75%] Built target opencv_cam_main
[9.486s] [100%] Built target ipc_test_main
[9.579s] Invoked command in '/root/ros2_ws/build/opencv_cam' returned '0': CMAKE_PREFIX_PATH=/root/ros2_ws/install/ros2_shared:/root/ros2_ws/src/install/opencv_cam:/root/ros2_ws/src/install/ros2_shared:/root/ros2_ws/install/opencv_cam:/opt/ros/humble /usr/bin/cmake --build /root/ros2_ws/build/opencv_cam -- -j4 -l4
[9.594s] Invoking command in '/root/ros2_ws/build/opencv_cam': CMAKE_PREFIX_PATH=/root/ros2_ws/install/ros2_shared:/root/ros2_ws/src/install/opencv_cam:/root/ros2_ws/src/install/ros2_shared:/root/ros2_ws/install/opencv_cam:/opt/ros/humble /usr/bin/cmake --install /root/ros2_ws/build/opencv_cam
[9.686s] -- Install configuration: ""
[9.693s] -- Execute custom install script
[9.698s] -- Up-to-date symlink: /root/ros2_ws/install/opencv_cam/share/opencv_cam/environment/library_path.sh
[9.704s] -- Up-to-date symlink: /root/ros2_ws/install/opencv_cam/share/opencv_cam/environment/library_path.dsv
[9.706s] -- Up-to-date symlink: /root/ros2_ws/install/opencv_cam/share/ament_index/resource_index/package_run_dependencies/opencv_cam
[9.708s] -- Up-to-date symlink: /root/ros2_ws/install/opencv_cam/share/ament_index/resource_index/parent_prefix_path/opencv_cam
[9.710s] -- Up-to-date symlink: /root/ros2_ws/install/opencv_cam/share/opencv_cam/environment/ament_prefix_path.sh
[9.712s] -- Up-to-date symlink: /root/ros2_ws/install/opencv_cam/share/opencv_cam/environment/ament_prefix_path.dsv
[9.713s] -- Up-to-date symlink: /root/ros2_ws/install/opencv_cam/share/opencv_cam/environment/path.sh
[9.715s] -- Up-to-date symlink: /root/ros2_ws/install/opencv_cam/share/opencv_cam/environment/path.dsv
[9.718s] -- Up-to-date symlink: /root/ros2_ws/install/opencv_cam/share/opencv_cam/local_setup.bash
[9.724s] -- Up-to-date symlink: /root/ros2_ws/install/opencv_cam/share/opencv_cam/local_setup.sh
[9.728s] -- Up-to-date symlink: /root/ros2_ws/install/opencv_cam/share/opencv_cam/local_setup.zsh
[9.732s] -- Up-to-date symlink: /root/ros2_ws/install/opencv_cam/share/opencv_cam/local_setup.dsv
[9.734s] -- Symlinking: /root/ros2_ws/install/opencv_cam/share/opencv_cam/package.dsv
[9.838s] -- Up-to-date symlink: /root/ros2_ws/install/opencv_cam/share/ament_index/resource_index/packages/opencv_cam
[9.841s] -- Up-to-date symlink: /root/ros2_ws/install/opencv_cam/share/ament_index/resource_index/rclcpp_components/opencv_cam
[9.843s] -- Up-to-date symlink: /root/ros2_ws/install/opencv_cam/share/opencv_cam/cmake/ament_cmake_export_dependencies-extras.cmake
[9.846s] -- Up-to-date symlink: /root/ros2_ws/install/opencv_cam/share/opencv_cam/cmake/ament_cmake_export_include_directories-extras.cmake
[9.847s] -- Up-to-date symlink: /root/ros2_ws/install/opencv_cam/share/opencv_cam/cmake/ament_cmake_export_targets-extras.cmake
[9.849s] -- Up-to-date symlink: /root/ros2_ws/install/opencv_cam/share/opencv_cam/cmake/ament_cmake_export_libraries-extras.cmake
[9.850s] -- Up-to-date symlink: /root/ros2_ws/install/opencv_cam/share/opencv_cam/cmake/opencv_camConfig.cmake
[9.854s] -- Up-to-date symlink: /root/ros2_ws/install/opencv_cam/share/opencv_cam/cmake/opencv_camConfig-version.cmake
[9.856s] -- Up-to-date symlink: /root/ros2_ws/install/opencv_cam/share/opencv_cam/package.xml
[9.860s] -- Up-to-date symlink: /root/ros2_ws/install/opencv_cam/lib/opencv_cam/opencv_cam_main
[9.864s] -- Up-to-date symlink: /root/ros2_ws/install/opencv_cam/lib/opencv_cam/ipc_test_main
[9.867s] -- Up-to-date symlink: /root/ros2_ws/install/opencv_cam/share/opencv_cam/launch/composition_launch.py
[9.871s] -- Up-to-date: /root/ros2_ws/install/opencv_cam/share/opencv_cam/cmake/export_opencv_cam_nodeExport.cmake
[9.874s] -- Up-to-date: /root/ros2_ws/install/opencv_cam/share/opencv_cam/cmake/export_opencv_cam_nodeExport-noconfig.cmake
[9.876s] -- Up-to-date: /root/ros2_ws/install/opencv_cam/share/opencv_cam/cmake/export_subscriber_nodeExport.cmake
[9.877s] -- Up-to-date: /root/ros2_ws/install/opencv_cam/share/opencv_cam/cmake/export_subscriber_nodeExport-noconfig.cmake
[9.882s] -- Up-to-date: /root/ros2_ws/install/opencv_cam/lib/libopencv_cam_node.so
[9.896s] -- Up-to-date: /root/ros2_ws/install/opencv_cam/lib/libsubscriber_node.so
[9.915s] Invoked command in '/root/ros2_ws/build/opencv_cam' returned '0': CMAKE_PREFIX_PATH=/root/ros2_ws/install/ros2_shared:/root/ros2_ws/src/install/opencv_cam:/root/ros2_ws/src/install/ros2_shared:/root/ros2_ws/install/opencv_cam:/opt/ros/humble /usr/bin/cmake --install /root/ros2_ws/build/opencv_cam
