[5.459s] Invoking command in '/root/ros2_ws/src/gpio_node': PYTHONPATH=/root/ros2_ws/build/gpio_node/prefix_override:/usr/lib/python3/dist-packages/colcon_core/task/python/colcon_distutils_commands:/root/ros2_ws/install/gpio_node/lib/python3.10/site-packages:${PYTHONPATH} /usr/bin/python3 -W ignore:setup.py install is deprecated -W ignore:easy_install command is deprecated setup.py egg_info --egg-base ../../build/gpio_node build --build-base /root/ros2_ws/build/gpio_node/build install --record /root/ros2_ws/build/gpio_node/install.log --single-version-externally-managed install_data
[7.506s] running egg_info
[7.518s] creating ../../build/gpio_node/gpio_node.egg-info
[7.528s] writing ../../build/gpio_node/gpio_node.egg-info/PKG-INFO
[7.531s] writing dependency_links to ../../build/gpio_node/gpio_node.egg-info/dependency_links.txt
[7.539s] writing entry points to ../../build/gpio_node/gpio_node.egg-info/entry_points.txt
[7.543s] writing requirements to ../../build/gpio_node/gpio_node.egg-info/requires.txt
[7.551s] writing top-level names to ../../build/gpio_node/gpio_node.egg-info/top_level.txt
[7.552s] writing manifest file '../../build/gpio_node/gpio_node.egg-info/SOURCES.txt'
[7.553s] reading manifest file '../../build/gpio_node/gpio_node.egg-info/SOURCES.txt'
[7.554s] writing manifest file '../../build/gpio_node/gpio_node.egg-info/SOURCES.txt'
[7.557s] running build
[7.558s] running build_py
[7.561s] creating /root/ros2_ws/build/gpio_node/build
[7.564s] creating /root/ros2_ws/build/gpio_node/build/lib
[7.566s] creating /root/ros2_ws/build/gpio_node/build/lib/gpio_node
[7.567s] copying gpio_node/motor_node.py -> /root/ros2_ws/build/gpio_node/build/lib/gpio_node
[7.568s] copying gpio_node/__init__.py -> /root/ros2_ws/build/gpio_node/build/lib/gpio_node
[7.569s] running install
[7.571s] running install_lib
[7.575s] creating /root/ros2_ws/install/gpio_node/lib/python3.10/site-packages/gpio_node
[7.581s] copying /root/ros2_ws/build/gpio_node/build/lib/gpio_node/motor_node.py -> /root/ros2_ws/install/gpio_node/lib/python3.10/site-packages/gpio_node
[7.582s] copying /root/ros2_ws/build/gpio_node/build/lib/gpio_node/__init__.py -> /root/ros2_ws/install/gpio_node/lib/python3.10/site-packages/gpio_node
[7.584s] byte-compiling /root/ros2_ws/install/gpio_node/lib/python3.10/site-packages/gpio_node/motor_node.py to motor_node.cpython-310.pyc
[7.595s] byte-compiling /root/ros2_ws/install/gpio_node/lib/python3.10/site-packages/gpio_node/__init__.py to __init__.cpython-310.pyc
[7.598s] running install_data
[7.600s] creating /root/ros2_ws/install/gpio_node/share/ament_index
[7.601s] creating /root/ros2_ws/install/gpio_node/share/ament_index/resource_index
[7.602s] creating /root/ros2_ws/install/gpio_node/share/ament_index/resource_index/packages
[7.603s] copying resource/gpio_node -> /root/ros2_ws/install/gpio_node/share/ament_index/resource_index/packages
[7.604s] copying package.xml -> /root/ros2_ws/install/gpio_node/share/gpio_node
[7.605s] running install_egg_info
[7.630s] Copying ../../build/gpio_node/gpio_node.egg-info to /root/ros2_ws/install/gpio_node/lib/python3.10/site-packages/gpio_node-0.0.0-py3.10.egg-info
[7.651s] running install_scripts
[7.846s] Installing motor_node script to /root/ros2_ws/install/gpio_node/lib/gpio_node
[7.854s] writing list of installed files to '/root/ros2_ws/build/gpio_node/install.log'
[8.089s] Invoked command in '/root/ros2_ws/src/gpio_node' returned '0': PYTHONPATH=/root/ros2_ws/build/gpio_node/prefix_override:/usr/lib/python3/dist-packages/colcon_core/task/python/colcon_distutils_commands:/root/ros2_ws/install/gpio_node/lib/python3.10/site-packages:${PYTHONPATH} /usr/bin/python3 -W ignore:setup.py install is deprecated -W ignore:easy_install command is deprecated setup.py egg_info --egg-base ../../build/gpio_node build --build-base /root/ros2_ws/build/gpio_node/build install --record /root/ros2_ws/build/gpio_node/install.log --single-version-externally-managed install_data
