[0.101s] Invoking command in '/root/ros2_ws/src/build/ros2_shared': CMAKE_PREFIX_PATH=${CMAKE_PREFIX_PATH}:/root/ros2_ws/install/gpio_node:/root/ros2_ws/src/install/gpio_node:/opt/ros/humble /usr/bin/cmake --build /root/ros2_ws/src/build/ros2_shared -- -j4 -l4
[1.107s] Invoked command in '/root/ros2_ws/src/build/ros2_shared' returned '0': CMAKE_PREFIX_PATH=${CMAKE_PREFIX_PATH}:/root/ros2_ws/install/gpio_node:/root/ros2_ws/src/install/gpio_node:/opt/ros/humble /usr/bin/cmake --build /root/ros2_ws/src/build/ros2_shared -- -j4 -l4
[1.144s] Invoking command in '/root/ros2_ws/src/build/ros2_shared': CMAKE_PREFIX_PATH=${CMAKE_PREFIX_PATH}:/root/ros2_ws/install/gpio_node:/root/ros2_ws/src/install/gpio_node:/opt/ros/humble /usr/bin/cmake --install /root/ros2_ws/src/build/ros2_shared
[1.169s] -- Install configuration: ""
[1.176s] -- Execute custom install script
[1.186s] -- Up-to-date symlink: /root/ros2_ws/src/install/ros2_shared/include/ros2_shared/context_macros.hpp
[1.188s] -- Up-to-date symlink: /root/ros2_ws/src/install/ros2_shared/include/ros2_shared/param_macros.hpp
[1.189s] -- Up-to-date symlink: /root/ros2_ws/src/install/ros2_shared/include/ros2_shared/string_printf.hpp
[1.190s] -- Up-to-date symlink: /root/ros2_ws/src/install/ros2_shared/share/ament_index/resource_index/package_run_dependencies/ros2_shared
[1.193s] -- Up-to-date symlink: /root/ros2_ws/src/install/ros2_shared/share/ament_index/resource_index/parent_prefix_path/ros2_shared
[1.196s] -- Up-to-date symlink: /root/ros2_ws/src/install/ros2_shared/share/ros2_shared/environment/ament_prefix_path.sh
[1.199s] -- Up-to-date symlink: /root/ros2_ws/src/install/ros2_shared/share/ros2_shared/environment/ament_prefix_path.dsv
[1.201s] -- Up-to-date symlink: /root/ros2_ws/src/install/ros2_shared/share/ros2_shared/environment/path.sh
[1.203s] -- Up-to-date symlink: /root/ros2_ws/src/install/ros2_shared/share/ros2_shared/environment/path.dsv
[1.204s] -- Up-to-date symlink: /root/ros2_ws/src/install/ros2_shared/share/ros2_shared/local_setup.bash
[1.204s] -- Up-to-date symlink: /root/ros2_ws/src/install/ros2_shared/share/ros2_shared/local_setup.sh
[1.208s] -- Up-to-date symlink: /root/ros2_ws/src/install/ros2_shared/share/ros2_shared/local_setup.zsh
[1.211s] -- Up-to-date symlink: /root/ros2_ws/src/install/ros2_shared/share/ros2_shared/local_setup.dsv
[1.213s] -- Symlinking: /root/ros2_ws/src/install/ros2_shared/share/ros2_shared/package.dsv
[1.236s] -- Up-to-date symlink: /root/ros2_ws/src/install/ros2_shared/share/ament_index/resource_index/packages/ros2_shared
[1.239s] -- Up-to-date symlink: /root/ros2_ws/src/install/ros2_shared/share/ros2_shared/cmake/ament_cmake_export_targets-extras.cmake
[1.241s] -- Up-to-date symlink: /root/ros2_ws/src/install/ros2_shared/share/ros2_shared/cmake/ament_cmake_export_dependencies-extras.cmake
[1.242s] -- Up-to-date symlink: /root/ros2_ws/src/install/ros2_shared/share/ros2_shared/cmake/ros2_sharedConfig.cmake
[1.245s] -- Up-to-date symlink: /root/ros2_ws/src/install/ros2_shared/share/ros2_shared/cmake/ros2_sharedConfig-version.cmake
[1.247s] -- Up-to-date symlink: /root/ros2_ws/src/install/ros2_shared/share/ros2_shared/package.xml
[1.250s] -- Up-to-date: /root/ros2_ws/src/install/ros2_shared/share/ros2_shared/cmake/ros2_shared_targetsExport.cmake
[1.256s] Invoked command in '/root/ros2_ws/src/build/ros2_shared' returned '0': CMAKE_PREFIX_PATH=${CMAKE_PREFIX_PATH}:/root/ros2_ws/install/gpio_node:/root/ros2_ws/src/install/gpio_node:/opt/ros/humble /usr/bin/cmake --install /root/ros2_ws/src/build/ros2_shared
