[0.847s] DEBUG:colcon:Command line arguments: ['/usr/bin/colcon', 'build', '--symlink-install']
[0.848s] DEBUG:colcon:Parsed command line arguments: Namespace(log_base=None, log_level=None, verb_name='build', build_base='build', install_base='install', merge_install=False, symlink_install=True, test_result_base=None, continue_on_error=False, executor='parallel', parallel_workers=4, event_handlers=None, ignore_user_meta=False, metas=['./colcon.meta'], base_paths=['.'], packages_ignore=None, packages_ignore_regex=None, paths=None, packages_up_to=None, packages_up_to_regex=None, packages_above=None, packages_above_and_dependencies=None, packages_above_depth=None, packages_select_by_dep=None, packages_skip_by_dep=None, packages_skip_up_to=None, packages_select_build_failed=False, packages_skip_build_finished=False, packages_select_test_failures=False, packages_skip_test_passed=False, packages_select=None, packages_skip=None, packages_select_regex=None, packages_skip_regex=None, packages_start=None, packages_end=None, allow_overriding=[], cmake_args=None, cmake_target=None, cmake_target_skip_unavailable=False, cmake_clean_cache=False, cmake_clean_first=False, cmake_force_configure=False, ament_cmake_args=None, catkin_cmake_args=None, catkin_skip_building_tests=False, verb_parser=<colcon_defaults.argument_parser.defaults.DefaultArgumentsDecorator object at 0x7fa51b8cd0>, verb_extension=<colcon_core.verb.build.BuildVerb object at 0x7fa54c52d0>, main=<bound method BuildVerb.main of <colcon_core.verb.build.BuildVerb object at 0x7fa54c52d0>>)
[1.636s] Level 1:colcon.colcon_core.package_discovery:discover_packages(colcon_meta) check parameters
[1.637s] Level 1:colcon.colcon_core.package_discovery:discover_packages(recursive) check parameters
[1.637s] Level 1:colcon.colcon_core.package_discovery:discover_packages(ignore) check parameters
[1.637s] Level 1:colcon.colcon_core.package_discovery:discover_packages(path) check parameters
[1.637s] Level 1:colcon.colcon_core.package_discovery:discover_packages(colcon_meta) discover
[1.638s] Level 1:colcon.colcon_core.package_discovery:discover_packages(recursive) discover
[1.638s] INFO:colcon.colcon_core.package_discovery:Crawling recursively for packages in '/root/ros2_ws/src'
[1.638s] Level 1:colcon.colcon_core.package_identification:_identify(.) by extensions ['ignore', 'ignore_ament_install']
[1.638s] Level 1:colcon.colcon_core.package_identification:_identify(.) by extension 'ignore'
[1.639s] Level 1:colcon.colcon_core.package_identification:_identify(.) by extension 'ignore_ament_install'
[1.639s] Level 1:colcon.colcon_core.package_identification:_identify(.) by extensions ['colcon_pkg']
[1.639s] Level 1:colcon.colcon_core.package_identification:_identify(.) by extension 'colcon_pkg'
[1.639s] Level 1:colcon.colcon_core.package_identification:_identify(.) by extensions ['colcon_meta']
[1.639s] Level 1:colcon.colcon_core.package_identification:_identify(.) by extension 'colcon_meta'
[1.640s] Level 1:colcon.colcon_core.package_identification:_identify(.) by extensions ['ros']
[1.640s] Level 1:colcon.colcon_core.package_identification:_identify(.) by extension 'ros'
[1.712s] Level 1:colcon.colcon_core.package_identification:_identify(.) by extensions ['cmake', 'python']
[1.712s] Level 1:colcon.colcon_core.package_identification:_identify(.) by extension 'cmake'
[1.712s] Level 1:colcon.colcon_core.package_identification:_identify(.) by extension 'python'
[1.713s] Level 1:colcon.colcon_core.package_identification:_identify(.) by extensions ['python_setup_py']
[1.713s] Level 1:colcon.colcon_core.package_identification:_identify(.) by extension 'python_setup_py'
[1.713s] Level 1:colcon.colcon_core.package_identification:_identify(build) by extensions ['ignore', 'ignore_ament_install']
[1.714s] Level 1:colcon.colcon_core.package_identification:_identify(build) by extension 'ignore'
[1.714s] Level 1:colcon.colcon_core.package_identification:_identify(build) ignored
[1.714s] Level 1:colcon.colcon_core.package_identification:_identify(gpio_node) by extensions ['ignore', 'ignore_ament_install']
[1.715s] Level 1:colcon.colcon_core.package_identification:_identify(gpio_node) by extension 'ignore'
[1.715s] Level 1:colcon.colcon_core.package_identification:_identify(gpio_node) by extension 'ignore_ament_install'
[1.716s] Level 1:colcon.colcon_core.package_identification:_identify(gpio_node) by extensions ['colcon_pkg']
[1.716s] Level 1:colcon.colcon_core.package_identification:_identify(gpio_node) by extension 'colcon_pkg'
[1.716s] Level 1:colcon.colcon_core.package_identification:_identify(gpio_node) by extensions ['colcon_meta']
[1.716s] Level 1:colcon.colcon_core.package_identification:_identify(gpio_node) by extension 'colcon_meta'
[1.716s] Level 1:colcon.colcon_core.package_identification:_identify(gpio_node) by extensions ['ros']
[1.716s] Level 1:colcon.colcon_core.package_identification:_identify(gpio_node) by extension 'ros'
[1.731s] DEBUG:colcon.colcon_core.package_identification:Package 'gpio_node' with type 'ros.ament_python' and name 'gpio_node'
[1.731s] Level 1:colcon.colcon_core.package_identification:_identify(install) by extensions ['ignore', 'ignore_ament_install']
[1.732s] Level 1:colcon.colcon_core.package_identification:_identify(install) by extension 'ignore'
[1.732s] Level 1:colcon.colcon_core.package_identification:_identify(install) ignored
[1.732s] Level 1:colcon.colcon_core.package_identification:_identify(log) by extensions ['ignore', 'ignore_ament_install']
[1.733s] Level 1:colcon.colcon_core.package_identification:_identify(log) by extension 'ignore'
[1.733s] Level 1:colcon.colcon_core.package_identification:_identify(log) ignored
[1.733s] Level 1:colcon.colcon_core.package_identification:_identify(opencv_cam) by extensions ['ignore', 'ignore_ament_install']
[1.733s] Level 1:colcon.colcon_core.package_identification:_identify(opencv_cam) by extension 'ignore'
[1.734s] Level 1:colcon.colcon_core.package_identification:_identify(opencv_cam) by extension 'ignore_ament_install'
[1.734s] Level 1:colcon.colcon_core.package_identification:_identify(opencv_cam) by extensions ['colcon_pkg']
[1.734s] Level 1:colcon.colcon_core.package_identification:_identify(opencv_cam) by extension 'colcon_pkg'
[1.734s] Level 1:colcon.colcon_core.package_identification:_identify(opencv_cam) by extensions ['colcon_meta']
[1.734s] Level 1:colcon.colcon_core.package_identification:_identify(opencv_cam) by extension 'colcon_meta'
[1.735s] Level 1:colcon.colcon_core.package_identification:_identify(opencv_cam) by extensions ['ros']
[1.735s] Level 1:colcon.colcon_core.package_identification:_identify(opencv_cam) by extension 'ros'
[1.740s] DEBUG:colcon.colcon_core.package_identification:Package 'opencv_cam' with type 'ros.ament_cmake' and name 'opencv_cam'
[1.745s] Level 1:colcon.colcon_core.package_identification:_identify(ros2_shared) by extensions ['ignore', 'ignore_ament_install']
[1.746s] Level 1:colcon.colcon_core.package_identification:_identify(ros2_shared) by extension 'ignore'
[1.746s] Level 1:colcon.colcon_core.package_identification:_identify(ros2_shared) by extension 'ignore_ament_install'
[1.746s] Level 1:colcon.colcon_core.package_identification:_identify(ros2_shared) by extensions ['colcon_pkg']
[1.746s] Level 1:colcon.colcon_core.package_identification:_identify(ros2_shared) by extension 'colcon_pkg'
[1.746s] Level 1:colcon.colcon_core.package_identification:_identify(ros2_shared) by extensions ['colcon_meta']
[1.746s] Level 1:colcon.colcon_core.package_identification:_identify(ros2_shared) by extension 'colcon_meta'
[1.747s] Level 1:colcon.colcon_core.package_identification:_identify(ros2_shared) by extensions ['ros']
[1.747s] Level 1:colcon.colcon_core.package_identification:_identify(ros2_shared) by extension 'ros'
[1.750s] DEBUG:colcon.colcon_core.package_identification:Package 'ros2_shared' with type 'ros.ament_cmake' and name 'ros2_shared'
[1.750s] Level 1:colcon.colcon_core.package_discovery:discover_packages(recursive) using defaults
[1.751s] Level 1:colcon.colcon_core.package_discovery:discover_packages(ignore) discover
[1.751s] Level 1:colcon.colcon_core.package_discovery:discover_packages(ignore) using defaults
[1.751s] Level 1:colcon.colcon_core.package_discovery:discover_packages(path) discover
[1.751s] Level 1:colcon.colcon_core.package_discovery:discover_packages(path) using defaults
[1.898s] Level 1:colcon.colcon_core.package_discovery:discover_packages(prefix_path) check parameters
[1.898s] Level 1:colcon.colcon_core.package_discovery:discover_packages(prefix_path) discover
[1.921s] DEBUG:colcon.colcon_installed_package_information.package_discovery:Found 3 installed packages in /root/ros2_ws/install
[1.930s] DEBUG:colcon.colcon_installed_package_information.package_discovery:Found 3 installed packages in /root/ros2_ws/src/install
[1.952s] DEBUG:colcon.colcon_installed_package_information.package_discovery:Found 148 installed packages in /opt/ros/humble
[1.955s] Level 1:colcon.colcon_core.package_discovery:discover_packages(prefix_path) using defaults
[2.182s] Level 5:colcon.colcon_core.verb:set package 'gpio_node' build argument 'cmake_args' from command line to 'None'
[2.182s] Level 5:colcon.colcon_core.verb:set package 'gpio_node' build argument 'cmake_target' from command line to 'None'
[2.182s] Level 5:colcon.colcon_core.verb:set package 'gpio_node' build argument 'cmake_target_skip_unavailable' from command line to 'False'
[2.182s] Level 5:colcon.colcon_core.verb:set package 'gpio_node' build argument 'cmake_clean_cache' from command line to 'False'
[2.182s] Level 5:colcon.colcon_core.verb:set package 'gpio_node' build argument 'cmake_clean_first' from command line to 'False'
[2.182s] Level 5:colcon.colcon_core.verb:set package 'gpio_node' build argument 'cmake_force_configure' from command line to 'False'
[2.183s] Level 5:colcon.colcon_core.verb:set package 'gpio_node' build argument 'ament_cmake_args' from command line to 'None'
[2.183s] Level 5:colcon.colcon_core.verb:set package 'gpio_node' build argument 'catkin_cmake_args' from command line to 'None'
[2.183s] Level 5:colcon.colcon_core.verb:set package 'gpio_node' build argument 'catkin_skip_building_tests' from command line to 'False'
[2.183s] DEBUG:colcon.colcon_core.verb:Building package 'gpio_node' with the following arguments: {'ament_cmake_args': None, 'build_base': '/root/ros2_ws/src/build/gpio_node', 'catkin_cmake_args': None, 'catkin_skip_building_tests': False, 'cmake_args': None, 'cmake_clean_cache': False, 'cmake_clean_first': False, 'cmake_force_configure': False, 'cmake_target': None, 'cmake_target_skip_unavailable': False, 'install_base': '/root/ros2_ws/src/install/gpio_node', 'merge_install': False, 'path': '/root/ros2_ws/src/gpio_node', 'symlink_install': True, 'test_result_base': None}
[2.184s] Level 5:colcon.colcon_core.verb:set package 'ros2_shared' build argument 'cmake_args' from command line to 'None'
[2.185s] Level 5:colcon.colcon_core.verb:set package 'ros2_shared' build argument 'cmake_target' from command line to 'None'
[2.185s] Level 5:colcon.colcon_core.verb:set package 'ros2_shared' build argument 'cmake_target_skip_unavailable' from command line to 'False'
[2.185s] Level 5:colcon.colcon_core.verb:set package 'ros2_shared' build argument 'cmake_clean_cache' from command line to 'False'
[2.185s] Level 5:colcon.colcon_core.verb:set package 'ros2_shared' build argument 'cmake_clean_first' from command line to 'False'
[2.185s] Level 5:colcon.colcon_core.verb:set package 'ros2_shared' build argument 'cmake_force_configure' from command line to 'False'
[2.185s] Level 5:colcon.colcon_core.verb:set package 'ros2_shared' build argument 'ament_cmake_args' from command line to 'None'
[2.185s] Level 5:colcon.colcon_core.verb:set package 'ros2_shared' build argument 'catkin_cmake_args' from command line to 'None'
[2.185s] Level 5:colcon.colcon_core.verb:set package 'ros2_shared' build argument 'catkin_skip_building_tests' from command line to 'False'
[2.185s] DEBUG:colcon.colcon_core.verb:Building package 'ros2_shared' with the following arguments: {'ament_cmake_args': None, 'build_base': '/root/ros2_ws/src/build/ros2_shared', 'catkin_cmake_args': None, 'catkin_skip_building_tests': False, 'cmake_args': None, 'cmake_clean_cache': False, 'cmake_clean_first': False, 'cmake_force_configure': False, 'cmake_target': None, 'cmake_target_skip_unavailable': False, 'install_base': '/root/ros2_ws/src/install/ros2_shared', 'merge_install': False, 'path': '/root/ros2_ws/src/ros2_shared', 'symlink_install': True, 'test_result_base': None}
[2.187s] Level 5:colcon.colcon_core.verb:set package 'opencv_cam' build argument 'cmake_args' from command line to 'None'
[2.187s] Level 5:colcon.colcon_core.verb:set package 'opencv_cam' build argument 'cmake_target' from command line to 'None'
[2.187s] Level 5:colcon.colcon_core.verb:set package 'opencv_cam' build argument 'cmake_target_skip_unavailable' from command line to 'False'
[2.187s] Level 5:colcon.colcon_core.verb:set package 'opencv_cam' build argument 'cmake_clean_cache' from command line to 'False'
[2.187s] Level 5:colcon.colcon_core.verb:set package 'opencv_cam' build argument 'cmake_clean_first' from command line to 'False'
[2.187s] Level 5:colcon.colcon_core.verb:set package 'opencv_cam' build argument 'cmake_force_configure' from command line to 'False'
[2.187s] Level 5:colcon.colcon_core.verb:set package 'opencv_cam' build argument 'ament_cmake_args' from command line to 'None'
[2.188s] Level 5:colcon.colcon_core.verb:set package 'opencv_cam' build argument 'catkin_cmake_args' from command line to 'None'
[2.188s] Level 5:colcon.colcon_core.verb:set package 'opencv_cam' build argument 'catkin_skip_building_tests' from command line to 'False'
[2.188s] DEBUG:colcon.colcon_core.verb:Building package 'opencv_cam' with the following arguments: {'ament_cmake_args': None, 'build_base': '/root/ros2_ws/src/build/opencv_cam', 'catkin_cmake_args': None, 'catkin_skip_building_tests': False, 'cmake_args': None, 'cmake_clean_cache': False, 'cmake_clean_first': False, 'cmake_force_configure': False, 'cmake_target': None, 'cmake_target_skip_unavailable': False, 'install_base': '/root/ros2_ws/src/install/opencv_cam', 'merge_install': False, 'path': '/root/ros2_ws/src/opencv_cam', 'symlink_install': True, 'test_result_base': None}
[2.188s] INFO:colcon.colcon_core.executor:Executing jobs using 'parallel' executor
[2.191s] DEBUG:colcon.colcon_parallel_executor.executor.parallel:run_until_complete
[2.192s] INFO:colcon.colcon_ros.task.ament_cmake.build:Building ROS package in '/root/ros2_ws/src/ros2_shared' with build type 'ament_cmake'
[2.193s] INFO:colcon.colcon_cmake.task.cmake.build:Building CMake package in '/root/ros2_ws/src/ros2_shared'
[2.217s] INFO:colcon.colcon_core.plugin_system:Skipping extension 'colcon_core.shell.bat': Not used on non-Windows systems
[2.218s] INFO:colcon.colcon_core.shell:Skip shell extension 'powershell' for command environment: Not usable outside of PowerShell
[2.218s] DEBUG:colcon.colcon_core.shell:Skip shell extension 'dsv' for command environment
[2.234s] INFO:colcon.colcon_ros.task.ament_python.build:Building ROS package in '/root/ros2_ws/src/gpio_node' with build type 'ament_python'
[2.234s] Level 1:colcon.colcon_core.shell:create_environment_hook('gpio_node', 'ament_prefix_path')
[2.236s] INFO:colcon.colcon_core.shell:Creating environment hook '/root/ros2_ws/src/install/gpio_node/share/gpio_node/hook/ament_prefix_path.ps1'
[2.251s] INFO:colcon.colcon_core.shell:Creating environment descriptor '/root/ros2_ws/src/install/gpio_node/share/gpio_node/hook/ament_prefix_path.dsv'
[2.264s] INFO:colcon.colcon_core.shell:Creating environment hook '/root/ros2_ws/src/install/gpio_node/share/gpio_node/hook/ament_prefix_path.sh'
[2.270s] INFO:colcon.colcon_core.shell:Skip shell extension 'powershell' for command environment: Not usable outside of PowerShell
[2.270s] DEBUG:colcon.colcon_core.shell:Skip shell extension 'dsv' for command environment
[2.295s] DEBUG:colcon.colcon_core.event_handler.log_command:Invoking command in '/root/ros2_ws/src/build/ros2_shared': CMAKE_PREFIX_PATH=${CMAKE_PREFIX_PATH}:/root/ros2_ws/install/gpio_node:/root/ros2_ws/src/install/gpio_node:/opt/ros/humble /usr/bin/cmake --build /root/ros2_ws/src/build/ros2_shared -- -j4 -l4
[3.091s] INFO:colcon.colcon_core.task.python.build:Building Python package in '/root/ros2_ws/src/gpio_node'
[3.092s] INFO:colcon.colcon_core.shell:Skip shell extension 'powershell' for command environment: Not usable outside of PowerShell
[3.092s] DEBUG:colcon.colcon_core.shell:Skip shell extension 'dsv' for command environment
[3.301s] DEBUG:colcon.colcon_core.event_handler.log_command:Invoked command in '/root/ros2_ws/src/build/ros2_shared' returned '0': CMAKE_PREFIX_PATH=${CMAKE_PREFIX_PATH}:/root/ros2_ws/install/gpio_node:/root/ros2_ws/src/install/gpio_node:/opt/ros/humble /usr/bin/cmake --build /root/ros2_ws/src/build/ros2_shared -- -j4 -l4
[3.338s] DEBUG:colcon.colcon_core.event_handler.log_command:Invoking command in '/root/ros2_ws/src/build/ros2_shared': CMAKE_PREFIX_PATH=${CMAKE_PREFIX_PATH}:/root/ros2_ws/install/gpio_node:/root/ros2_ws/src/install/gpio_node:/opt/ros/humble /usr/bin/cmake --install /root/ros2_ws/src/build/ros2_shared
[3.448s] Level 1:colcon.colcon_core.environment:create_environment_scripts_only(ros2_shared)
[3.451s] DEBUG:colcon.colcon_core.event_handler.log_command:Invoked command in '/root/ros2_ws/src/build/ros2_shared' returned '0': CMAKE_PREFIX_PATH=${CMAKE_PREFIX_PATH}:/root/ros2_ws/install/gpio_node:/root/ros2_ws/src/install/gpio_node:/opt/ros/humble /usr/bin/cmake --install /root/ros2_ws/src/build/ros2_shared
[3.481s] Level 1:colcon.colcon_core.environment:checking '/root/ros2_ws/src/install/ros2_shared' for CMake module files
[3.484s] Level 1:colcon.colcon_core.environment:checking '/root/ros2_ws/src/install/ros2_shared' for CMake config files
[3.485s] Level 1:colcon.colcon_core.shell:create_environment_hook('ros2_shared', 'cmake_prefix_path')
[3.486s] INFO:colcon.colcon_core.shell:Creating environment hook '/root/ros2_ws/src/install/ros2_shared/share/ros2_shared/hook/cmake_prefix_path.ps1'
[3.489s] INFO:colcon.colcon_core.shell:Creating environment descriptor '/root/ros2_ws/src/install/ros2_shared/share/ros2_shared/hook/cmake_prefix_path.dsv'
[3.491s] INFO:colcon.colcon_core.shell:Creating environment hook '/root/ros2_ws/src/install/ros2_shared/share/ros2_shared/hook/cmake_prefix_path.sh'
[3.494s] Level 1:colcon.colcon_core.environment:checking '/root/ros2_ws/src/install/ros2_shared/bin'
[3.494s] Level 1:colcon.colcon_core.environment:checking '/root/ros2_ws/src/install/ros2_shared/lib/pkgconfig/ros2_shared.pc'
[3.495s] Level 1:colcon.colcon_core.environment:checking '/root/ros2_ws/src/install/ros2_shared/lib/python3.10/site-packages'
[3.497s] Level 1:colcon.colcon_core.environment:checking '/root/ros2_ws/src/install/ros2_shared/bin'
[3.498s] INFO:colcon.colcon_core.shell:Creating package script '/root/ros2_ws/src/install/ros2_shared/share/ros2_shared/package.ps1'
[3.502s] INFO:colcon.colcon_core.shell:Creating package descriptor '/root/ros2_ws/src/install/ros2_shared/share/ros2_shared/package.dsv'
[3.506s] INFO:colcon.colcon_core.shell:Creating package script '/root/ros2_ws/src/install/ros2_shared/share/ros2_shared/package.sh'
[3.510s] INFO:colcon.colcon_core.shell:Creating package script '/root/ros2_ws/src/install/ros2_shared/share/ros2_shared/package.bash'
[3.517s] INFO:colcon.colcon_core.shell:Creating package script '/root/ros2_ws/src/install/ros2_shared/share/ros2_shared/package.zsh'
[3.522s] Level 1:colcon.colcon_core.environment:create_file_with_runtime_dependencies(/root/ros2_ws/src/install/ros2_shared/share/colcon-core/packages/ros2_shared)
[3.525s] Level 1:colcon.colcon_core.environment:create_environment_scripts_only(ros2_shared)
[3.526s] Level 1:colcon.colcon_core.environment:checking '/root/ros2_ws/src/install/ros2_shared' for CMake module files
[3.528s] Level 1:colcon.colcon_core.environment:checking '/root/ros2_ws/src/install/ros2_shared' for CMake config files
[3.529s] Level 1:colcon.colcon_core.shell:create_environment_hook('ros2_shared', 'cmake_prefix_path')
[3.530s] INFO:colcon.colcon_core.shell:Creating environment hook '/root/ros2_ws/src/install/ros2_shared/share/ros2_shared/hook/cmake_prefix_path.ps1'
[3.531s] INFO:colcon.colcon_core.shell:Creating environment descriptor '/root/ros2_ws/src/install/ros2_shared/share/ros2_shared/hook/cmake_prefix_path.dsv'
[3.533s] INFO:colcon.colcon_core.shell:Creating environment hook '/root/ros2_ws/src/install/ros2_shared/share/ros2_shared/hook/cmake_prefix_path.sh'
[3.536s] Level 1:colcon.colcon_core.environment:checking '/root/ros2_ws/src/install/ros2_shared/bin'
[3.536s] Level 1:colcon.colcon_core.environment:checking '/root/ros2_ws/src/install/ros2_shared/lib/pkgconfig/ros2_shared.pc'
[3.537s] Level 1:colcon.colcon_core.environment:checking '/root/ros2_ws/src/install/ros2_shared/lib/python3.10/site-packages'
[3.539s] Level 1:colcon.colcon_core.environment:checking '/root/ros2_ws/src/install/ros2_shared/bin'
[3.540s] INFO:colcon.colcon_core.shell:Creating package script '/root/ros2_ws/src/install/ros2_shared/share/ros2_shared/package.ps1'
[3.542s] INFO:colcon.colcon_core.shell:Creating package descriptor '/root/ros2_ws/src/install/ros2_shared/share/ros2_shared/package.dsv'
[3.544s] INFO:colcon.colcon_core.shell:Creating package script '/root/ros2_ws/src/install/ros2_shared/share/ros2_shared/package.sh'
[3.546s] INFO:colcon.colcon_core.shell:Creating package script '/root/ros2_ws/src/install/ros2_shared/share/ros2_shared/package.bash'
[3.548s] INFO:colcon.colcon_core.shell:Creating package script '/root/ros2_ws/src/install/ros2_shared/share/ros2_shared/package.zsh'
[3.550s] Level 1:colcon.colcon_core.environment:create_file_with_runtime_dependencies(/root/ros2_ws/src/install/ros2_shared/share/colcon-core/packages/ros2_shared)
[3.551s] INFO:colcon.colcon_ros.task.ament_cmake.build:Building ROS package in '/root/ros2_ws/src/opencv_cam' with build type 'ament_cmake'
[3.552s] INFO:colcon.colcon_cmake.task.cmake.build:Building CMake package in '/root/ros2_ws/src/opencv_cam'
[3.553s] INFO:colcon.colcon_core.shell:Skip shell extension 'powershell' for command environment: Not usable outside of PowerShell
[3.553s] DEBUG:colcon.colcon_core.shell:Skip shell extension 'dsv' for command environment
[3.594s] DEBUG:colcon.colcon_core.event_handler.log_command:Invoking command in '/root/ros2_ws/src/build/opencv_cam': CMAKE_PREFIX_PATH=/root/ros2_ws/src/install/ros2_shared:/root/ros2_ws/install/opencv_cam:/root/ros2_ws/install/ros2_shared:/root/ros2_ws/src/install/opencv_cam:/root/ros2_ws/install/gpio_node:/root/ros2_ws/src/install/gpio_node:/opt/ros/humble /usr/bin/cmake --build /root/ros2_ws/src/build/opencv_cam -- -j4 -l4
[4.305s] DEBUG:colcon.colcon_core.event_handler.log_command:Invoked command in '/root/ros2_ws/src/build/opencv_cam' returned '0': CMAKE_PREFIX_PATH=/root/ros2_ws/src/install/ros2_shared:/root/ros2_ws/install/opencv_cam:/root/ros2_ws/install/ros2_shared:/root/ros2_ws/src/install/opencv_cam:/root/ros2_ws/install/gpio_node:/root/ros2_ws/src/install/gpio_node:/opt/ros/humble /usr/bin/cmake --build /root/ros2_ws/src/build/opencv_cam -- -j4 -l4
[4.320s] DEBUG:colcon.colcon_core.event_handler.log_command:Invoking command in '/root/ros2_ws/src/build/opencv_cam': CMAKE_PREFIX_PATH=/root/ros2_ws/src/install/ros2_shared:/root/ros2_ws/install/opencv_cam:/root/ros2_ws/install/ros2_shared:/root/ros2_ws/src/install/opencv_cam:/root/ros2_ws/install/gpio_node:/root/ros2_ws/src/install/gpio_node:/opt/ros/humble /usr/bin/cmake --install /root/ros2_ws/src/build/opencv_cam
[4.452s] Level 1:colcon.colcon_core.environment:create_environment_scripts_only(opencv_cam)
[4.453s] Level 1:colcon.colcon_core.environment:checking '/root/ros2_ws/src/install/opencv_cam' for CMake module files
[4.454s] DEBUG:colcon.colcon_core.event_handler.log_command:Invoked command in '/root/ros2_ws/src/build/opencv_cam' returned '0': CMAKE_PREFIX_PATH=/root/ros2_ws/src/install/ros2_shared:/root/ros2_ws/install/opencv_cam:/root/ros2_ws/install/ros2_shared:/root/ros2_ws/src/install/opencv_cam:/root/ros2_ws/install/gpio_node:/root/ros2_ws/src/install/gpio_node:/opt/ros/humble /usr/bin/cmake --install /root/ros2_ws/src/build/opencv_cam
[4.456s] Level 1:colcon.colcon_core.environment:checking '/root/ros2_ws/src/install/opencv_cam' for CMake config files
[4.457s] Level 1:colcon.colcon_core.shell:create_environment_hook('opencv_cam', 'cmake_prefix_path')
[4.458s] INFO:colcon.colcon_core.shell:Creating environment hook '/root/ros2_ws/src/install/opencv_cam/share/opencv_cam/hook/cmake_prefix_path.ps1'
[4.460s] INFO:colcon.colcon_core.shell:Creating environment descriptor '/root/ros2_ws/src/install/opencv_cam/share/opencv_cam/hook/cmake_prefix_path.dsv'
[4.462s] INFO:colcon.colcon_core.shell:Creating environment hook '/root/ros2_ws/src/install/opencv_cam/share/opencv_cam/hook/cmake_prefix_path.sh'
[4.465s] Level 1:colcon.colcon_core.environment:checking '/root/ros2_ws/src/install/opencv_cam/lib'
[4.466s] Level 1:colcon.colcon_core.shell:create_environment_hook('opencv_cam', 'ld_library_path_lib')
[4.467s] INFO:colcon.colcon_core.shell:Creating environment hook '/root/ros2_ws/src/install/opencv_cam/share/opencv_cam/hook/ld_library_path_lib.ps1'
[4.468s] INFO:colcon.colcon_core.shell:Creating environment descriptor '/root/ros2_ws/src/install/opencv_cam/share/opencv_cam/hook/ld_library_path_lib.dsv'
[4.470s] INFO:colcon.colcon_core.shell:Creating environment hook '/root/ros2_ws/src/install/opencv_cam/share/opencv_cam/hook/ld_library_path_lib.sh'
[4.472s] Level 1:colcon.colcon_core.environment:checking '/root/ros2_ws/src/install/opencv_cam/bin'
[4.472s] Level 1:colcon.colcon_core.environment:checking '/root/ros2_ws/src/install/opencv_cam/lib/pkgconfig/opencv_cam.pc'
[4.474s] Level 1:colcon.colcon_core.environment:checking '/root/ros2_ws/src/install/opencv_cam/lib/python3.10/site-packages'
[4.476s] Level 1:colcon.colcon_core.environment:checking '/root/ros2_ws/src/install/opencv_cam/bin'
[4.477s] INFO:colcon.colcon_core.shell:Creating package script '/root/ros2_ws/src/install/opencv_cam/share/opencv_cam/package.ps1'
[4.479s] INFO:colcon.colcon_core.shell:Creating package descriptor '/root/ros2_ws/src/install/opencv_cam/share/opencv_cam/package.dsv'
[4.481s] INFO:colcon.colcon_core.shell:Creating package script '/root/ros2_ws/src/install/opencv_cam/share/opencv_cam/package.sh'
[4.484s] INFO:colcon.colcon_core.shell:Creating package script '/root/ros2_ws/src/install/opencv_cam/share/opencv_cam/package.bash'
[4.485s] INFO:colcon.colcon_core.shell:Creating package script '/root/ros2_ws/src/install/opencv_cam/share/opencv_cam/package.zsh'
[4.487s] Level 1:colcon.colcon_core.environment:create_file_with_runtime_dependencies(/root/ros2_ws/src/install/opencv_cam/share/colcon-core/packages/opencv_cam)
[4.489s] Level 1:colcon.colcon_core.environment:create_environment_scripts_only(opencv_cam)
[4.490s] Level 1:colcon.colcon_core.environment:checking '/root/ros2_ws/src/install/opencv_cam' for CMake module files
[4.492s] Level 1:colcon.colcon_core.environment:checking '/root/ros2_ws/src/install/opencv_cam' for CMake config files
[4.493s] Level 1:colcon.colcon_core.shell:create_environment_hook('opencv_cam', 'cmake_prefix_path')
[4.494s] INFO:colcon.colcon_core.shell:Creating environment hook '/root/ros2_ws/src/install/opencv_cam/share/opencv_cam/hook/cmake_prefix_path.ps1'
[4.496s] INFO:colcon.colcon_core.shell:Creating environment descriptor '/root/ros2_ws/src/install/opencv_cam/share/opencv_cam/hook/cmake_prefix_path.dsv'
[4.497s] INFO:colcon.colcon_core.shell:Creating environment hook '/root/ros2_ws/src/install/opencv_cam/share/opencv_cam/hook/cmake_prefix_path.sh'
[4.500s] Level 1:colcon.colcon_core.environment:checking '/root/ros2_ws/src/install/opencv_cam/lib'
[4.500s] Level 1:colcon.colcon_core.shell:create_environment_hook('opencv_cam', 'ld_library_path_lib')
[4.501s] INFO:colcon.colcon_core.shell:Creating environment hook '/root/ros2_ws/src/install/opencv_cam/share/opencv_cam/hook/ld_library_path_lib.ps1'
[4.503s] INFO:colcon.colcon_core.shell:Creating environment descriptor '/root/ros2_ws/src/install/opencv_cam/share/opencv_cam/hook/ld_library_path_lib.dsv'
[4.505s] INFO:colcon.colcon_core.shell:Creating environment hook '/root/ros2_ws/src/install/opencv_cam/share/opencv_cam/hook/ld_library_path_lib.sh'
[4.506s] Level 1:colcon.colcon_core.environment:checking '/root/ros2_ws/src/install/opencv_cam/bin'
[4.507s] Level 1:colcon.colcon_core.environment:checking '/root/ros2_ws/src/install/opencv_cam/lib/pkgconfig/opencv_cam.pc'
[4.508s] Level 1:colcon.colcon_core.environment:checking '/root/ros2_ws/src/install/opencv_cam/lib/python3.10/site-packages'
[4.509s] Level 1:colcon.colcon_core.environment:checking '/root/ros2_ws/src/install/opencv_cam/bin'
[4.511s] INFO:colcon.colcon_core.shell:Creating package script '/root/ros2_ws/src/install/opencv_cam/share/opencv_cam/package.ps1'
[4.515s] INFO:colcon.colcon_core.shell:Creating package descriptor '/root/ros2_ws/src/install/opencv_cam/share/opencv_cam/package.dsv'
[4.517s] INFO:colcon.colcon_core.shell:Creating package script '/root/ros2_ws/src/install/opencv_cam/share/opencv_cam/package.sh'
[4.519s] INFO:colcon.colcon_core.shell:Creating package script '/root/ros2_ws/src/install/opencv_cam/share/opencv_cam/package.bash'
[4.521s] INFO:colcon.colcon_core.shell:Creating package script '/root/ros2_ws/src/install/opencv_cam/share/opencv_cam/package.zsh'
[4.523s] Level 1:colcon.colcon_core.environment:create_file_with_runtime_dependencies(/root/ros2_ws/src/install/opencv_cam/share/colcon-core/packages/opencv_cam)
[4.656s] DEBUG:colcon.colcon_core.event_handler.log_command:Invoking command in '/root/ros2_ws/src/build/gpio_node': PYTHONPATH=/root/ros2_ws/src/build/gpio_node/prefix_override:/usr/lib/python3/dist-packages/colcon_core/task/python/colcon_distutils_commands:/root/ros2_ws/src/install/gpio_node/lib/python3.10/site-packages:${PYTHONPATH} /usr/bin/python3 -W ignore:setup.py install is deprecated -W ignore:easy_install command is deprecated setup.py develop --editable --build-directory /root/ros2_ws/src/build/gpio_node/build --no-deps symlink_data
[5.817s] Level 1:colcon.colcon_core.shell:create_environment_hook('gpio_node', 'pythonpath_develop')
[5.818s] INFO:colcon.colcon_core.shell:Creating environment hook '/root/ros2_ws/src/build/gpio_node/share/gpio_node/hook/pythonpath_develop.ps1'
[5.819s] DEBUG:colcon.colcon_core.event_handler.log_command:Invoked command in '/root/ros2_ws/src/build/gpio_node' returned '0': PYTHONPATH=/root/ros2_ws/src/build/gpio_node/prefix_override:/usr/lib/python3/dist-packages/colcon_core/task/python/colcon_distutils_commands:/root/ros2_ws/src/install/gpio_node/lib/python3.10/site-packages:${PYTHONPATH} /usr/bin/python3 -W ignore:setup.py install is deprecated -W ignore:easy_install command is deprecated setup.py develop --editable --build-directory /root/ros2_ws/src/build/gpio_node/build --no-deps symlink_data
[5.822s] INFO:colcon.colcon_core.shell:Creating environment descriptor '/root/ros2_ws/src/build/gpio_node/share/gpio_node/hook/pythonpath_develop.dsv'
[5.824s] INFO:colcon.colcon_core.shell:Creating environment hook '/root/ros2_ws/src/build/gpio_node/share/gpio_node/hook/pythonpath_develop.sh'
[5.826s] Level 1:colcon.colcon_core.environment:checking '/root/ros2_ws/src/install/gpio_node' for CMake module files
[5.828s] Level 1:colcon.colcon_core.environment:checking '/root/ros2_ws/src/install/gpio_node' for CMake config files
[5.829s] Level 1:colcon.colcon_core.environment:checking '/root/ros2_ws/src/install/gpio_node/lib'
[5.830s] Level 1:colcon.colcon_core.environment:checking '/root/ros2_ws/src/install/gpio_node/bin'
[5.830s] Level 1:colcon.colcon_core.environment:checking '/root/ros2_ws/src/install/gpio_node/lib/pkgconfig/gpio_node.pc'
[5.831s] Level 1:colcon.colcon_core.environment:checking '/root/ros2_ws/src/install/gpio_node/lib/python3.10/site-packages'
[5.831s] Level 1:colcon.colcon_core.shell:create_environment_hook('gpio_node', 'pythonpath')
[5.832s] INFO:colcon.colcon_core.shell:Creating environment hook '/root/ros2_ws/src/install/gpio_node/share/gpio_node/hook/pythonpath.ps1'
[5.833s] INFO:colcon.colcon_core.shell:Creating environment descriptor '/root/ros2_ws/src/install/gpio_node/share/gpio_node/hook/pythonpath.dsv'
[5.835s] INFO:colcon.colcon_core.shell:Creating environment hook '/root/ros2_ws/src/install/gpio_node/share/gpio_node/hook/pythonpath.sh'
[5.838s] Level 1:colcon.colcon_core.environment:checking '/root/ros2_ws/src/install/gpio_node/bin'
[5.838s] Level 1:colcon.colcon_core.environment:create_environment_scripts_only(gpio_node)
[5.839s] INFO:colcon.colcon_core.shell:Creating package script '/root/ros2_ws/src/install/gpio_node/share/gpio_node/package.ps1'
[5.841s] INFO:colcon.colcon_core.shell:Creating package descriptor '/root/ros2_ws/src/install/gpio_node/share/gpio_node/package.dsv'
[5.844s] INFO:colcon.colcon_core.shell:Creating package script '/root/ros2_ws/src/install/gpio_node/share/gpio_node/package.sh'
[5.845s] INFO:colcon.colcon_core.shell:Creating package script '/root/ros2_ws/src/install/gpio_node/share/gpio_node/package.bash'
[5.847s] INFO:colcon.colcon_core.shell:Creating package script '/root/ros2_ws/src/install/gpio_node/share/gpio_node/package.zsh'
[5.849s] Level 1:colcon.colcon_core.environment:create_file_with_runtime_dependencies(/root/ros2_ws/src/install/gpio_node/share/colcon-core/packages/gpio_node)
[5.850s] DEBUG:colcon.colcon_parallel_executor.executor.parallel:closing loop
[5.851s] DEBUG:colcon.colcon_parallel_executor.executor.parallel:loop closed
[5.851s] DEBUG:colcon.colcon_parallel_executor.executor.parallel:run_until_complete finished with '0'
[5.852s] DEBUG:colcon.colcon_core.event_reactor:joining thread
[5.952s] INFO:colcon.colcon_core.plugin_system:Skipping extension 'colcon_notification.desktop_notification.notify_send': Could not find 'notify-send'
[5.953s] INFO:colcon.colcon_core.plugin_system:Skipping extension 'colcon_notification.desktop_notification.terminal_notifier': Not used on non-Darwin systems
[5.953s] INFO:colcon.colcon_core.plugin_system:Skipping extension 'colcon_notification.desktop_notification.win32': Not used on non-Windows systems
[5.953s] INFO:colcon.colcon_notification.desktop_notification:Sending desktop notification using 'notify2'
[5.954s] DEBUG:colcon.colcon_notification.desktop_notification.notify2:Failed to initialize notify2: org.freedesktop.DBus.Error.NotSupported: Unable to autolaunch a dbus-daemon without a $DISPLAY for X11
[5.954s] DEBUG:colcon.colcon_core.event_reactor:joined thread
[5.955s] INFO:colcon.colcon_core.shell:Creating prefix script '/root/ros2_ws/src/install/local_setup.ps1'
[5.960s] INFO:colcon.colcon_core.shell:Creating prefix util module '/root/ros2_ws/src/install/_local_setup_util_ps1.py'
[5.967s] INFO:colcon.colcon_core.shell:Creating prefix chain script '/root/ros2_ws/src/install/setup.ps1'
[5.972s] INFO:colcon.colcon_core.shell:Creating prefix script '/root/ros2_ws/src/install/local_setup.sh'
[5.976s] INFO:colcon.colcon_core.shell:Creating prefix util module '/root/ros2_ws/src/install/_local_setup_util_sh.py'
[5.979s] INFO:colcon.colcon_core.shell:Creating prefix chain script '/root/ros2_ws/src/install/setup.sh'
[6.018s] INFO:colcon.colcon_core.shell:Creating prefix script '/root/ros2_ws/src/install/local_setup.bash'
[6.021s] INFO:colcon.colcon_core.shell:Creating prefix chain script '/root/ros2_ws/src/install/setup.bash'
[6.026s] INFO:colcon.colcon_core.shell:Creating prefix script '/root/ros2_ws/src/install/local_setup.zsh'
[6.030s] INFO:colcon.colcon_core.shell:Creating prefix chain script '/root/ros2_ws/src/install/setup.zsh'
