running develop
running egg_info
creating gpio_node.egg-info
writing gpio_node.egg-info/PKG-INFO
writing dependency_links to gpio_node.egg-info/dependency_links.txt
writing entry points to gpio_node.egg-info/entry_points.txt
writing requirements to gpio_node.egg-info/requires.txt
writing top-level names to gpio_node.egg-info/top_level.txt
writing manifest file 'gpio_node.egg-info/SOURCES.txt'
reading manifest file 'gpio_node.egg-info/SOURCES.txt'
writing manifest file 'gpio_node.egg-info/SOURCES.txt'
running build_ext
Creating /root/ros2_ws/install/gpio_node/lib/python3.10/site-packages/gpio-node.egg-link (link to .)
Installing motor_node script to /root/ros2_ws/install/gpio_node/lib/gpio_node
Installing ultrasonic_node script to /root/ros2_ws/install/gpio_node/lib/gpio_node

Installed /root/ros2_ws/build/gpio_node
running symlink_data
creating /root/ros2_ws/install/gpio_node/share/ament_index
creating /root/ros2_ws/install/gpio_node/share/ament_index/resource_index
creating /root/ros2_ws/install/gpio_node/share/ament_index/resource_index/packages
symbolically linking /root/ros2_ws/build/gpio_node/resource/gpio_node -> /root/ros2_ws/install/gpio_node/share/ament_index/resource_index/packages
symbolically linking /root/ros2_ws/build/gpio_node/package.xml -> /root/ros2_ws/install/gpio_node/share/gpio_node
