[2.570s] Invoking command in '/root/ros2_ws/build/gpio_node': PYTHONPATH=/root/ros2_ws/build/gpio_node/prefix_override:/usr/lib/python3/dist-packages/colcon_core/task/python/colcon_distutils_commands:/root/ros2_ws/install/gpio_node/lib/python3.10/site-packages:${PYTHONPATH} /usr/bin/python3 -W ignore:setup.py install is deprecated -W ignore:easy_install command is deprecated setup.py develop --editable --build-directory /root/ros2_ws/build/gpio_node/build --no-deps symlink_data
[3.448s] running develop
[3.836s] running egg_info
[3.837s] creating gpio_node.egg-info
[3.837s] writing gpio_node.egg-info/PKG-INFO
[3.837s] writing dependency_links to gpio_node.egg-info/dependency_links.txt
[3.837s] writing entry points to gpio_node.egg-info/entry_points.txt
[3.838s] writing requirements to gpio_node.egg-info/requires.txt
[3.838s] writing top-level names to gpio_node.egg-info/top_level.txt
[3.838s] writing manifest file 'gpio_node.egg-info/SOURCES.txt'
[3.843s] reading manifest file 'gpio_node.egg-info/SOURCES.txt'
[3.845s] writing manifest file 'gpio_node.egg-info/SOURCES.txt'
[3.852s] running build_ext
[3.852s] Creating /root/ros2_ws/install/gpio_node/lib/python3.10/site-packages/gpio-node.egg-link (link to .)
[3.860s] Installing motor_node script to /root/ros2_ws/install/gpio_node/lib/gpio_node
[3.861s] Installing ultrasonic_node script to /root/ros2_ws/install/gpio_node/lib/gpio_node
[3.861s] 
[3.861s] Installed /root/ros2_ws/build/gpio_node
[3.862s] running symlink_data
[3.862s] creating /root/ros2_ws/install/gpio_node/share/ament_index
[3.863s] creating /root/ros2_ws/install/gpio_node/share/ament_index/resource_index
[3.864s] creating /root/ros2_ws/install/gpio_node/share/ament_index/resource_index/packages
[3.869s] symbolically linking /root/ros2_ws/build/gpio_node/resource/gpio_node -> /root/ros2_ws/install/gpio_node/share/ament_index/resource_index/packages
[3.869s] symbolically linking /root/ros2_ws/build/gpio_node/package.xml -> /root/ros2_ws/install/gpio_node/share/gpio_node
[3.996s] Invoked command in '/root/ros2_ws/build/gpio_node' returned '0': PYTHONPATH=/root/ros2_ws/build/gpio_node/prefix_override:/usr/lib/python3/dist-packages/colcon_core/task/python/colcon_distutils_commands:/root/ros2_ws/install/gpio_node/lib/python3.10/site-packages:${PYTHONPATH} /usr/bin/python3 -W ignore:setup.py install is deprecated -W ignore:easy_install command is deprecated setup.py develop --editable --build-directory /root/ros2_ws/build/gpio_node/build --no-deps symlink_data
