[0.077s] Invoking command in '/root/ros2_ws/build/ros2_shared': CMAKE_PREFIX_PATH=${CMAKE_PREFIX_PATH}:/root/ros2_ws/install/gpio_node:/root/ros2_ws/src/install/gpio_node:/opt/ros/humble /usr/bin/cmake /root/ros2_ws/src/ros2_shared -DAMENT_CMAKE_SYMLINK_INSTALL=1 -DCMAKE_INSTALL_PREFIX=/root/ros2_ws/install/ros2_shared
[1.934s] -- The C compiler identification is GNU 11.4.0
[2.896s] -- The CXX compiler identification is GNU 11.4.0
[2.948s] -- Detecting C compiler ABI info
[3.234s] -- Detecting C compiler ABI info - done
[3.261s] -- Check for working C compiler: /usr/bin/cc - skipped
[3.264s] -- Detecting C compile features
[3.272s] -- Detecting C compile features - done
[3.285s] -- Detecting CXX compiler ABI info
[3.570s] -- Detecting CXX compiler ABI info - done
[3.596s] -- Check for working CXX compiler: /usr/bin/c++ - skipped
[3.597s] -- Detecting CXX compile features
[3.599s] -- Detecting CXX compile features - done
[3.620s] -- Found ament_cmake: 1.3.12 (/opt/ros/humble/share/ament_cmake/cmake)
[4.184s] -- Found Python3: /usr/bin/python3 (found version "3.10.12") found components: Interpreter 
[4.458s] -- Override CMake install command with custom implementation using symlinks instead of copying resources
[4.603s] -- Found rclcpp: 16.0.15 (/opt/ros/humble/share/rclcpp/cmake)
[5.002s] -- Found rosidl_generator_c: 3.1.7 (/opt/ros/humble/share/rosidl_generator_c/cmake)
[5.031s] -- Found rosidl_adapter: 3.1.7 (/opt/ros/humble/share/rosidl_adapter/cmake)
[5.077s] -- Found rosidl_generator_cpp: 3.1.7 (/opt/ros/humble/share/rosidl_generator_cpp/cmake)
[5.142s] -- Using all available rosidl_typesupport_c: rosidl_typesupport_fastrtps_c;rosidl_typesupport_introspection_c
[5.220s] -- Using all available rosidl_typesupport_cpp: rosidl_typesupport_fastrtps_cpp;rosidl_typesupport_introspection_cpp
[5.441s] -- Found rmw_implementation_cmake: 6.1.2 (/opt/ros/humble/share/rmw_implementation_cmake/cmake)
[5.456s] -- Found rmw_fastrtps_cpp: 6.2.8 (/opt/ros/humble/share/rmw_fastrtps_cpp/cmake)
[5.831s] -- Found OpenSSL: /usr/lib/aarch64-linux-gnu/libcrypto.so (found version "3.0.2")  
[5.894s] -- Found FastRTPS: /opt/ros/humble/include  
[5.991s] -- Using RMW implementation 'rmw_fastrtps_cpp' as default
[6.033s] -- Looking for pthread.h
[6.298s] -- Looking for pthread.h - found
[6.299s] -- Performing Test CMAKE_HAVE_LIBC_PTHREAD
[6.531s] -- Performing Test CMAKE_HAVE_LIBC_PTHREAD - Success
[6.531s] -- Found Threads: TRUE  
[7.042s] -- Configuring done
[7.054s] -- Generating done
[7.059s] -- Build files have been written to: /root/ros2_ws/build/ros2_shared
[7.082s] Invoked command in '/root/ros2_ws/build/ros2_shared' returned '0': CMAKE_PREFIX_PATH=${CMAKE_PREFIX_PATH}:/root/ros2_ws/install/gpio_node:/root/ros2_ws/src/install/gpio_node:/opt/ros/humble /usr/bin/cmake /root/ros2_ws/src/ros2_shared -DAMENT_CMAKE_SYMLINK_INSTALL=1 -DCMAKE_INSTALL_PREFIX=/root/ros2_ws/install/ros2_shared
[7.087s] Invoking command in '/root/ros2_ws/build/ros2_shared': CMAKE_PREFIX_PATH=${CMAKE_PREFIX_PATH}:/root/ros2_ws/install/gpio_node:/root/ros2_ws/src/install/gpio_node:/opt/ros/humble /usr/bin/cmake --build /root/ros2_ws/build/ros2_shared -- -j4 -l4
[7.186s] Invoked command in '/root/ros2_ws/build/ros2_shared' returned '0': CMAKE_PREFIX_PATH=${CMAKE_PREFIX_PATH}:/root/ros2_ws/install/gpio_node:/root/ros2_ws/src/install/gpio_node:/opt/ros/humble /usr/bin/cmake --build /root/ros2_ws/build/ros2_shared -- -j4 -l4
[7.212s] Invoking command in '/root/ros2_ws/build/ros2_shared': CMAKE_PREFIX_PATH=${CMAKE_PREFIX_PATH}:/root/ros2_ws/install/gpio_node:/root/ros2_ws/src/install/gpio_node:/opt/ros/humble /usr/bin/cmake --install /root/ros2_ws/build/ros2_shared
[7.230s] -- Install configuration: ""
[7.231s] -- Execute custom install script
[7.235s] -- Symlinking: /root/ros2_ws/install/ros2_shared/include/ros2_shared/context_macros.hpp
[7.258s] -- Symlinking: /root/ros2_ws/install/ros2_shared/include/ros2_shared/param_macros.hpp
[7.279s] -- Symlinking: /root/ros2_ws/install/ros2_shared/include/ros2_shared/string_printf.hpp
[7.301s] -- Symlinking: /root/ros2_ws/install/ros2_shared/share/ament_index/resource_index/package_run_dependencies/ros2_shared
[7.323s] -- Symlinking: /root/ros2_ws/install/ros2_shared/share/ament_index/resource_index/parent_prefix_path/ros2_shared
[7.345s] -- Symlinking: /root/ros2_ws/install/ros2_shared/share/ros2_shared/environment/ament_prefix_path.sh
[7.367s] -- Symlinking: /root/ros2_ws/install/ros2_shared/share/ros2_shared/environment/ament_prefix_path.dsv
[7.389s] -- Symlinking: /root/ros2_ws/install/ros2_shared/share/ros2_shared/environment/path.sh
[7.411s] -- Symlinking: /root/ros2_ws/install/ros2_shared/share/ros2_shared/environment/path.dsv
[7.433s] -- Symlinking: /root/ros2_ws/install/ros2_shared/share/ros2_shared/local_setup.bash
[7.454s] -- Symlinking: /root/ros2_ws/install/ros2_shared/share/ros2_shared/local_setup.sh
[7.476s] -- Symlinking: /root/ros2_ws/install/ros2_shared/share/ros2_shared/local_setup.zsh
[7.497s] -- Symlinking: /root/ros2_ws/install/ros2_shared/share/ros2_shared/local_setup.dsv
[7.519s] -- Symlinking: /root/ros2_ws/install/ros2_shared/share/ros2_shared/package.dsv
[7.541s] -- Symlinking: /root/ros2_ws/install/ros2_shared/share/ament_index/resource_index/packages/ros2_shared
[7.564s] -- Symlinking: /root/ros2_ws/install/ros2_shared/share/ros2_shared/cmake/ament_cmake_export_targets-extras.cmake
[7.585s] -- Symlinking: /root/ros2_ws/install/ros2_shared/share/ros2_shared/cmake/ament_cmake_export_dependencies-extras.cmake
[7.608s] -- Symlinking: /root/ros2_ws/install/ros2_shared/share/ros2_shared/cmake/ros2_sharedConfig.cmake
[7.629s] -- Symlinking: /root/ros2_ws/install/ros2_shared/share/ros2_shared/cmake/ros2_sharedConfig-version.cmake
[7.651s] -- Symlinking: /root/ros2_ws/install/ros2_shared/share/ros2_shared/package.xml
[7.673s] -- Installing: /root/ros2_ws/install/ros2_shared/share/ros2_shared/cmake/ros2_shared_targetsExport.cmake
[7.680s] Invoked command in '/root/ros2_ws/build/ros2_shared' returned '0': CMAKE_PREFIX_PATH=${CMAKE_PREFIX_PATH}:/root/ros2_ws/install/gpio_node:/root/ros2_ws/src/install/gpio_node:/opt/ros/humble /usr/bin/cmake --install /root/ros2_ws/build/ros2_shared
