[0.051s] Invoking command in '/root/ros2_ws/build/ros2_shared': CMAKE_PREFIX_PATH=/opt/ros/humble /usr/bin/cmake --build /root/ros2_ws/build/ros2_shared -- -j4 -l4
[0.490s] Invoked command in '/root/ros2_ws/build/ros2_shared' returned '0': CMAKE_PREFIX_PATH=/opt/ros/humble /usr/bin/cmake --build /root/ros2_ws/build/ros2_shared -- -j4 -l4
[0.519s] Invoking command in '/root/ros2_ws/build/ros2_shared': CMAKE_PREFIX_PATH=/opt/ros/humble /usr/bin/cmake --install /root/ros2_ws/build/ros2_shared
[0.540s] -- Install configuration: ""
[0.546s] -- Execute custom install script
[0.556s] -- Up-to-date symlink: /root/ros2_ws/install/ros2_shared/include/ros2_shared/context_macros.hpp
[0.557s] -- Up-to-date symlink: /root/ros2_ws/install/ros2_shared/include/ros2_shared/param_macros.hpp
[0.559s] -- Up-to-date symlink: /root/ros2_ws/install/ros2_shared/include/ros2_shared/string_printf.hpp
[0.563s] -- Up-to-date symlink: /root/ros2_ws/install/ros2_shared/share/ament_index/resource_index/package_run_dependencies/ros2_shared
[0.565s] -- Up-to-date symlink: /root/ros2_ws/install/ros2_shared/share/ament_index/resource_index/parent_prefix_path/ros2_shared
[0.568s] -- Up-to-date symlink: /root/ros2_ws/install/ros2_shared/share/ros2_shared/environment/ament_prefix_path.sh
[0.569s] -- Up-to-date symlink: /root/ros2_ws/install/ros2_shared/share/ros2_shared/environment/ament_prefix_path.dsv
[0.570s] -- Up-to-date symlink: /root/ros2_ws/install/ros2_shared/share/ros2_shared/environment/path.sh
[0.572s] -- Up-to-date symlink: /root/ros2_ws/install/ros2_shared/share/ros2_shared/environment/path.dsv
[0.573s] -- Up-to-date symlink: /root/ros2_ws/install/ros2_shared/share/ros2_shared/local_setup.bash
[0.573s] -- Up-to-date symlink: /root/ros2_ws/install/ros2_shared/share/ros2_shared/local_setup.sh
[0.574s] -- Up-to-date symlink: /root/ros2_ws/install/ros2_shared/share/ros2_shared/local_setup.zsh
[0.575s] -- Up-to-date symlink: /root/ros2_ws/install/ros2_shared/share/ros2_shared/local_setup.dsv
[0.575s] -- Symlinking: /root/ros2_ws/install/ros2_shared/share/ros2_shared/package.dsv
[0.601s] -- Up-to-date symlink: /root/ros2_ws/install/ros2_shared/share/ament_index/resource_index/packages/ros2_shared
[0.603s] -- Up-to-date symlink: /root/ros2_ws/install/ros2_shared/share/ros2_shared/cmake/ament_cmake_export_targets-extras.cmake
[0.605s] -- Up-to-date symlink: /root/ros2_ws/install/ros2_shared/share/ros2_shared/cmake/ament_cmake_export_dependencies-extras.cmake
[0.606s] -- Up-to-date symlink: /root/ros2_ws/install/ros2_shared/share/ros2_shared/cmake/ros2_sharedConfig.cmake
[0.607s] -- Up-to-date symlink: /root/ros2_ws/install/ros2_shared/share/ros2_shared/cmake/ros2_sharedConfig-version.cmake
[0.607s] -- Up-to-date symlink: /root/ros2_ws/install/ros2_shared/share/ros2_shared/package.xml
[0.612s] -- Up-to-date: /root/ros2_ws/install/ros2_shared/share/ros2_shared/cmake/ros2_shared_targetsExport.cmake
[0.618s] Invoked command in '/root/ros2_ws/build/ros2_shared' returned '0': CMAKE_PREFIX_PATH=/opt/ros/humble /usr/bin/cmake --install /root/ros2_ws/build/ros2_shared
