[0.040s] Invoking command in '/root/ros2_ws/src/build/opencv_cam': AMENT_PREFIX_PATH=/root/ros2_ws/src/install/ros2_shared:${AMENT_PREFIX_PATH} CMAKE_PREFIX_PATH=/root/ros2_ws/src/install/ros2_shared:/opt/ros/humble /usr/bin/cmake --build /root/ros2_ws/src/build/opencv_cam -- -j4 -l4
[0.307s] -- Found OpenCV version 4.5.4
[0.312s] -- Found ament_cmake: 1.3.12 (/opt/ros/humble/share/ament_cmake/cmake)
[1.354s] -- Override CMake install command with custom implementation using symlinks instead of copying resources
[1.634s] -- Found camera_calibration_parsers: 3.1.12 (/opt/ros/humble/share/camera_calibration_parsers/cmake)
[2.403s] -- Found rosidl_generator_c: 3.1.7 (/opt/ros/humble/share/rosidl_generator_c/cmake)
[2.454s] -- Found rosidl_adapter: 3.1.7 (/opt/ros/humble/share/rosidl_adapter/cmake)
[2.590s] -- Found rosidl_generator_cpp: 3.1.7 (/opt/ros/humble/share/rosidl_generator_cpp/cmake)
[2.779s] -- Using all available rosidl_typesupport_c: rosidl_typesupport_fastrtps_c;rosidl_typesupport_introspection_c
[3.015s] -- Using all available rosidl_typesupport_cpp: rosidl_typesupport_fastrtps_cpp;rosidl_typesupport_introspection_cpp
[3.641s] -- Found rmw_implementation_cmake: 6.1.2 (/opt/ros/humble/share/rmw_implementation_cmake/cmake)
[3.673s] -- Found rmw_fastrtps_cpp: 6.2.8 (/opt/ros/humble/share/rmw_fastrtps_cpp/cmake)
[4.271s] -- Using RMW implementation 'rmw_fastrtps_cpp' as default
[5.261s] -- Found class_loader: 2.2.0 (/opt/ros/humble/share/class_loader/cmake)
[5.294s] -- Found rclcpp_components: 16.0.15 (/opt/ros/humble/share/rclcpp_components/cmake)
[5.525s] -- Found ros2_shared: 0.1.0 (/root/ros2_ws/src/install/ros2_shared/share/ros2_shared/cmake)
[6.409s] -- Configuring done
[6.773s] -- Generating done
[6.880s] -- Build files have been written to: /root/ros2_ws/src/build/opencv_cam
[7.100s] [35m[1mConsolidate compiler generated dependencies of target opencv_cam_node[0m
[7.110s] [35m[1mConsolidate compiler generated dependencies of target subscriber_node[0m
[7.463s] [ 25%] Built target opencv_cam_node
[7.471s] [ 50%] Built target subscriber_node
[7.561s] [35m[1mConsolidate compiler generated dependencies of target opencv_cam_main[0m
[7.613s] [35m[1mConsolidate compiler generated dependencies of target ipc_test_main[0m
[7.725s] [ 75%] Built target opencv_cam_main
[7.809s] [100%] Built target ipc_test_main
[7.919s] Invoked command in '/root/ros2_ws/src/build/opencv_cam' returned '0': AMENT_PREFIX_PATH=/root/ros2_ws/src/install/ros2_shared:${AMENT_PREFIX_PATH} CMAKE_PREFIX_PATH=/root/ros2_ws/src/install/ros2_shared:/opt/ros/humble /usr/bin/cmake --build /root/ros2_ws/src/build/opencv_cam -- -j4 -l4
[7.936s] Invoking command in '/root/ros2_ws/src/build/opencv_cam': AMENT_PREFIX_PATH=/root/ros2_ws/src/install/ros2_shared:${AMENT_PREFIX_PATH} CMAKE_PREFIX_PATH=/root/ros2_ws/src/install/ros2_shared:/opt/ros/humble /usr/bin/cmake --install /root/ros2_ws/src/build/opencv_cam
[7.994s] -- Install configuration: ""
[8.003s] -- Execute custom install script
[8.006s] -- Up-to-date symlink: /root/ros2_ws/src/install/opencv_cam/share/opencv_cam/environment/library_path.sh
[8.011s] -- Up-to-date symlink: /root/ros2_ws/src/install/opencv_cam/share/opencv_cam/environment/library_path.dsv
[8.016s] -- Up-to-date symlink: /root/ros2_ws/src/install/opencv_cam/share/ament_index/resource_index/package_run_dependencies/opencv_cam
[8.025s] -- Up-to-date symlink: /root/ros2_ws/src/install/opencv_cam/share/ament_index/resource_index/parent_prefix_path/opencv_cam
[8.027s] -- Up-to-date symlink: /root/ros2_ws/src/install/opencv_cam/share/opencv_cam/environment/ament_prefix_path.sh
[8.028s] -- Up-to-date symlink: /root/ros2_ws/src/install/opencv_cam/share/opencv_cam/environment/ament_prefix_path.dsv
[8.030s] -- Up-to-date symlink: /root/ros2_ws/src/install/opencv_cam/share/opencv_cam/environment/path.sh
[8.032s] -- Up-to-date symlink: /root/ros2_ws/src/install/opencv_cam/share/opencv_cam/environment/path.dsv
[8.033s] -- Up-to-date symlink: /root/ros2_ws/src/install/opencv_cam/share/opencv_cam/local_setup.bash
[8.034s] -- Up-to-date symlink: /root/ros2_ws/src/install/opencv_cam/share/opencv_cam/local_setup.sh
[8.036s] -- Up-to-date symlink: /root/ros2_ws/src/install/opencv_cam/share/opencv_cam/local_setup.zsh
[8.038s] -- Up-to-date symlink: /root/ros2_ws/src/install/opencv_cam/share/opencv_cam/local_setup.dsv
[8.039s] -- Symlinking: /root/ros2_ws/src/install/opencv_cam/share/opencv_cam/package.dsv
[8.128s] -- Up-to-date symlink: /root/ros2_ws/src/install/opencv_cam/share/ament_index/resource_index/packages/opencv_cam
[8.132s] -- Up-to-date symlink: /root/ros2_ws/src/install/opencv_cam/share/ament_index/resource_index/rclcpp_components/opencv_cam
[8.133s] -- Up-to-date symlink: /root/ros2_ws/src/install/opencv_cam/share/opencv_cam/cmake/ament_cmake_export_dependencies-extras.cmake
[8.135s] -- Up-to-date symlink: /root/ros2_ws/src/install/opencv_cam/share/opencv_cam/cmake/ament_cmake_export_include_directories-extras.cmake
[8.140s] -- Up-to-date symlink: /root/ros2_ws/src/install/opencv_cam/share/opencv_cam/cmake/ament_cmake_export_targets-extras.cmake
[8.141s] -- Up-to-date symlink: /root/ros2_ws/src/install/opencv_cam/share/opencv_cam/cmake/ament_cmake_export_libraries-extras.cmake
[8.144s] -- Up-to-date symlink: /root/ros2_ws/src/install/opencv_cam/share/opencv_cam/cmake/opencv_camConfig.cmake
[8.145s] -- Up-to-date symlink: /root/ros2_ws/src/install/opencv_cam/share/opencv_cam/cmake/opencv_camConfig-version.cmake
[8.151s] -- Up-to-date symlink: /root/ros2_ws/src/install/opencv_cam/share/opencv_cam/package.xml
[8.152s] -- Up-to-date symlink: /root/ros2_ws/src/install/opencv_cam/lib/opencv_cam/opencv_cam_main
[8.154s] -- Up-to-date symlink: /root/ros2_ws/src/install/opencv_cam/lib/opencv_cam/ipc_test_main
[8.159s] -- Up-to-date symlink: /root/ros2_ws/src/install/opencv_cam/share/opencv_cam/launch/composition_launch.py
[8.163s] -- Up-to-date: /root/ros2_ws/src/install/opencv_cam/share/opencv_cam/cmake/export_opencv_cam_nodeExport.cmake
[8.164s] -- Up-to-date: /root/ros2_ws/src/install/opencv_cam/share/opencv_cam/cmake/export_opencv_cam_nodeExport-noconfig.cmake
[8.165s] -- Up-to-date: /root/ros2_ws/src/install/opencv_cam/share/opencv_cam/cmake/export_subscriber_nodeExport.cmake
[8.166s] -- Up-to-date: /root/ros2_ws/src/install/opencv_cam/share/opencv_cam/cmake/export_subscriber_nodeExport-noconfig.cmake
[8.172s] -- Up-to-date: /root/ros2_ws/src/install/opencv_cam/lib/libopencv_cam_node.so
[8.184s] -- Up-to-date: /root/ros2_ws/src/install/opencv_cam/lib/libsubscriber_node.so
[8.202s] Invoked command in '/root/ros2_ws/src/build/opencv_cam' returned '0': AMENT_PREFIX_PATH=/root/ros2_ws/src/install/ros2_shared:${AMENT_PREFIX_PATH} CMAKE_PREFIX_PATH=/root/ros2_ws/src/install/ros2_shared:/opt/ros/humble /usr/bin/cmake --install /root/ros2_ws/src/build/opencv_cam
