[0.030s] Invoking command in '/root/ros2_ws/build/opencv_cam': CMAKE_PREFIX_PATH=/root/ros2_ws/install/ros2_shared:/root/ros2_ws/install/opencv_cam:/root/ros2_ws/src/install/opencv_cam:/root/ros2_ws/src/install/ros2_shared:/root/ros2_ws/install/gpio_node:/root/ros2_ws/src/install/gpio_node:/opt/ros/humble /usr/bin/cmake --build /root/ros2_ws/build/opencv_cam -- -j4 -l4
[0.146s] [35m[1mConsolidate compiler generated dependencies of target subscriber_node[0m
[0.150s] [35m[1mConsolidate compiler generated dependencies of target opencv_cam_node[0m
[0.204s] [ 25%] Built target subscriber_node
[0.210s] [ 50%] Built target opencv_cam_node
[0.243s] [35m[1mConsolidate compiler generated dependencies of target ipc_test_main[0m
[0.245s] [35m[1mConsolidate compiler generated dependencies of target opencv_cam_main[0m
[0.306s] [ 75%] Built target ipc_test_main
[0.306s] [100%] Built target opencv_cam_main
[0.339s] Invoked command in '/root/ros2_ws/build/opencv_cam' returned '0': CMAKE_PREFIX_PATH=/root/ros2_ws/install/ros2_shared:/root/ros2_ws/install/opencv_cam:/root/ros2_ws/src/install/opencv_cam:/root/ros2_ws/src/install/ros2_shared:/root/ros2_ws/install/gpio_node:/root/ros2_ws/src/install/gpio_node:/opt/ros/humble /usr/bin/cmake --build /root/ros2_ws/build/opencv_cam -- -j4 -l4
[0.346s] Invoking command in '/root/ros2_ws/build/opencv_cam': CMAKE_PREFIX_PATH=/root/ros2_ws/install/ros2_shared:/root/ros2_ws/install/opencv_cam:/root/ros2_ws/src/install/opencv_cam:/root/ros2_ws/src/install/ros2_shared:/root/ros2_ws/install/gpio_node:/root/ros2_ws/src/install/gpio_node:/opt/ros/humble /usr/bin/cmake --install /root/ros2_ws/build/opencv_cam
[0.365s] -- Install configuration: ""
[0.367s] -- Execute custom install script
[0.369s] -- Up-to-date symlink: /root/ros2_ws/install/opencv_cam/share/opencv_cam/environment/library_path.sh
[0.371s] -- Up-to-date symlink: /root/ros2_ws/install/opencv_cam/share/opencv_cam/environment/library_path.dsv
[0.371s] -- Up-to-date symlink: /root/ros2_ws/install/opencv_cam/share/ament_index/resource_index/package_run_dependencies/opencv_cam
[0.373s] -- Up-to-date symlink: /root/ros2_ws/install/opencv_cam/share/ament_index/resource_index/parent_prefix_path/opencv_cam
[0.373s] -- Up-to-date symlink: /root/ros2_ws/install/opencv_cam/share/opencv_cam/environment/ament_prefix_path.sh
[0.375s] -- Up-to-date symlink: /root/ros2_ws/install/opencv_cam/share/opencv_cam/environment/ament_prefix_path.dsv
[0.375s] -- Up-to-date symlink: /root/ros2_ws/install/opencv_cam/share/opencv_cam/environment/path.sh
[0.377s] -- Up-to-date symlink: /root/ros2_ws/install/opencv_cam/share/opencv_cam/environment/path.dsv
[0.377s] -- Up-to-date symlink: /root/ros2_ws/install/opencv_cam/share/opencv_cam/local_setup.bash
[0.379s] -- Up-to-date symlink: /root/ros2_ws/install/opencv_cam/share/opencv_cam/local_setup.sh
[0.379s] -- Up-to-date symlink: /root/ros2_ws/install/opencv_cam/share/opencv_cam/local_setup.zsh
[0.381s] -- Up-to-date symlink: /root/ros2_ws/install/opencv_cam/share/opencv_cam/local_setup.dsv
[0.382s] -- Symlinking: /root/ros2_ws/install/opencv_cam/share/opencv_cam/package.dsv
[0.410s] -- Up-to-date symlink: /root/ros2_ws/install/opencv_cam/share/ament_index/resource_index/packages/opencv_cam
[0.410s] -- Up-to-date symlink: /root/ros2_ws/install/opencv_cam/share/ament_index/resource_index/rclcpp_components/opencv_cam
[0.412s] -- Up-to-date symlink: /root/ros2_ws/install/opencv_cam/share/opencv_cam/cmake/ament_cmake_export_dependencies-extras.cmake
[0.413s] -- Up-to-date symlink: /root/ros2_ws/install/opencv_cam/share/opencv_cam/cmake/ament_cmake_export_include_directories-extras.cmake
[0.415s] -- Up-to-date symlink: /root/ros2_ws/install/opencv_cam/share/opencv_cam/cmake/ament_cmake_export_targets-extras.cmake
[0.415s] -- Up-to-date symlink: /root/ros2_ws/install/opencv_cam/share/opencv_cam/cmake/ament_cmake_export_libraries-extras.cmake
[0.417s] -- Up-to-date symlink: /root/ros2_ws/install/opencv_cam/share/opencv_cam/cmake/opencv_camConfig.cmake
[0.418s] -- Up-to-date symlink: /root/ros2_ws/install/opencv_cam/share/opencv_cam/cmake/opencv_camConfig-version.cmake
[0.419s] -- Up-to-date symlink: /root/ros2_ws/install/opencv_cam/share/opencv_cam/package.xml
[0.421s] -- Up-to-date symlink: /root/ros2_ws/install/opencv_cam/lib/opencv_cam/opencv_cam_main
[0.422s] -- Up-to-date symlink: /root/ros2_ws/install/opencv_cam/lib/opencv_cam/ipc_test_main
[0.424s] -- Up-to-date symlink: /root/ros2_ws/install/opencv_cam/share/opencv_cam/launch/composition_launch.py
[0.424s] -- Up-to-date: /root/ros2_ws/install/opencv_cam/share/opencv_cam/cmake/export_opencv_cam_nodeExport.cmake
[0.425s] -- Up-to-date: /root/ros2_ws/install/opencv_cam/share/opencv_cam/cmake/export_opencv_cam_nodeExport-noconfig.cmake
[0.427s] -- Up-to-date: /root/ros2_ws/install/opencv_cam/share/opencv_cam/cmake/export_subscriber_nodeExport.cmake
[0.427s] -- Up-to-date: /root/ros2_ws/install/opencv_cam/share/opencv_cam/cmake/export_subscriber_nodeExport-noconfig.cmake
[0.428s] -- Up-to-date: /root/ros2_ws/install/opencv_cam/lib/libopencv_cam_node.so
[0.433s] -- Up-to-date: /root/ros2_ws/install/opencv_cam/lib/libsubscriber_node.so
[0.437s] Invoked command in '/root/ros2_ws/build/opencv_cam' returned '0': CMAKE_PREFIX_PATH=/root/ros2_ws/install/ros2_shared:/root/ros2_ws/install/opencv_cam:/root/ros2_ws/src/install/opencv_cam:/root/ros2_ws/src/install/ros2_shared:/root/ros2_ws/install/gpio_node:/root/ros2_ws/src/install/gpio_node:/opt/ros/humble /usr/bin/cmake --install /root/ros2_ws/build/opencv_cam
