[0.069s] Invoking command in '/root/ros2_ws/build/ros2_shared': CMAKE_PREFIX_PATH=${CMAKE_PREFIX_PATH}:/root/ros2_ws/install/gpio_node:/root/ros2_ws/src/install/gpio_node:/opt/ros/humble /usr/bin/cmake --build /root/ros2_ws/build/ros2_shared -- -j4 -l4
[0.841s] Invoked command in '/root/ros2_ws/build/ros2_shared' returned '0': CMAKE_PREFIX_PATH=${CMAKE_PREFIX_PATH}:/root/ros2_ws/install/gpio_node:/root/ros2_ws/src/install/gpio_node:/opt/ros/humble /usr/bin/cmake --build /root/ros2_ws/build/ros2_shared -- -j4 -l4
[0.866s] Invoking command in '/root/ros2_ws/build/ros2_shared': CMAKE_PREFIX_PATH=${CMAKE_PREFIX_PATH}:/root/ros2_ws/install/gpio_node:/root/ros2_ws/src/install/gpio_node:/opt/ros/humble /usr/bin/cmake --install /root/ros2_ws/build/ros2_shared
[0.890s] -- Install configuration: ""
[0.893s] -- Execute custom install script
[0.895s] -- Up-to-date symlink: /root/ros2_ws/install/ros2_shared/include/ros2_shared/context_macros.hpp
[0.895s] -- Up-to-date symlink: /root/ros2_ws/install/ros2_shared/include/ros2_shared/param_macros.hpp
[0.895s] -- Up-to-date symlink: /root/ros2_ws/install/ros2_shared/include/ros2_shared/string_printf.hpp
[0.896s] -- Up-to-date symlink: /root/ros2_ws/install/ros2_shared/share/ament_index/resource_index/package_run_dependencies/ros2_shared
[0.896s] -- Up-to-date symlink: /root/ros2_ws/install/ros2_shared/share/ament_index/resource_index/parent_prefix_path/ros2_shared
[0.897s] -- Up-to-date symlink: /root/ros2_ws/install/ros2_shared/share/ros2_shared/environment/ament_prefix_path.sh
[0.901s] -- Up-to-date symlink: /root/ros2_ws/install/ros2_shared/share/ros2_shared/environment/ament_prefix_path.dsv
[0.903s] -- Up-to-date symlink: /root/ros2_ws/install/ros2_shared/share/ros2_shared/environment/path.sh
[0.905s] -- Up-to-date symlink: /root/ros2_ws/install/ros2_shared/share/ros2_shared/environment/path.dsv
[0.907s] -- Up-to-date symlink: /root/ros2_ws/install/ros2_shared/share/ros2_shared/local_setup.bash
[0.909s] -- Up-to-date symlink: /root/ros2_ws/install/ros2_shared/share/ros2_shared/local_setup.sh
[0.911s] -- Up-to-date symlink: /root/ros2_ws/install/ros2_shared/share/ros2_shared/local_setup.zsh
[0.911s] -- Up-to-date symlink: /root/ros2_ws/install/ros2_shared/share/ros2_shared/local_setup.dsv
[0.912s] -- Symlinking: /root/ros2_ws/install/ros2_shared/share/ros2_shared/package.dsv
[0.925s] -- Up-to-date symlink: /root/ros2_ws/install/ros2_shared/share/ament_index/resource_index/packages/ros2_shared
[0.927s] -- Up-to-date symlink: /root/ros2_ws/install/ros2_shared/share/ros2_shared/cmake/ament_cmake_export_targets-extras.cmake
[0.929s] -- Up-to-date symlink: /root/ros2_ws/install/ros2_shared/share/ros2_shared/cmake/ament_cmake_export_dependencies-extras.cmake
[0.930s] -- Up-to-date symlink: /root/ros2_ws/install/ros2_shared/share/ros2_shared/cmake/ros2_sharedConfig.cmake
[0.930s] -- Up-to-date symlink: /root/ros2_ws/install/ros2_shared/share/ros2_shared/cmake/ros2_sharedConfig-version.cmake
[0.933s] -- Up-to-date symlink: /root/ros2_ws/install/ros2_shared/share/ros2_shared/package.xml
[0.936s] -- Up-to-date: /root/ros2_ws/install/ros2_shared/share/ros2_shared/cmake/ros2_shared_targetsExport.cmake
[0.938s] Invoked command in '/root/ros2_ws/build/ros2_shared' returned '0': CMAKE_PREFIX_PATH=${CMAKE_PREFIX_PATH}:/root/ros2_ws/install/gpio_node:/root/ros2_ws/src/install/gpio_node:/opt/ros/humble /usr/bin/cmake --install /root/ros2_ws/build/ros2_shared
