[0.039s] Invoking command in '/root/ros2_ws/build/opencv_cam': AMENT_PREFIX_PATH=/root/ros2_ws/install/ros2_shared:${AMENT_PREFIX_PATH} CMAKE_PREFIX_PATH=/root/ros2_ws/install/ros2_shared:/opt/ros/humble /usr/bin/cmake --build /root/ros2_ws/build/opencv_cam -- -j4 -l4
[0.201s] [35m[1mConsolidate compiler generated dependencies of target opencv_cam_node[0m
[0.202s] [35m[1mConsolidate compiler generated dependencies of target subscriber_node[0m
[0.413s] [ 50%] Built target subscriber_node
[0.414s] [ 50%] Built target opencv_cam_node
[0.457s] [35m[1mConsolidate compiler generated dependencies of target ipc_test_main[0m
[0.459s] [35m[1mConsolidate compiler generated dependencies of target opencv_cam_main[0m
[0.505s] [100%] Built target ipc_test_main
[0.505s] [100%] Built target opencv_cam_main
[0.532s] Invoked command in '/root/ros2_ws/build/opencv_cam' returned '0': AMENT_PREFIX_PATH=/root/ros2_ws/install/ros2_shared:${AMENT_PREFIX_PATH} CMAKE_PREFIX_PATH=/root/ros2_ws/install/ros2_shared:/opt/ros/humble /usr/bin/cmake --build /root/ros2_ws/build/opencv_cam -- -j4 -l4
[0.541s] Invoking command in '/root/ros2_ws/build/opencv_cam': AMENT_PREFIX_PATH=/root/ros2_ws/install/ros2_shared:${AMENT_PREFIX_PATH} CMAKE_PREFIX_PATH=/root/ros2_ws/install/ros2_shared:/opt/ros/humble /usr/bin/cmake --install /root/ros2_ws/build/opencv_cam
[0.561s] -- Install configuration: ""
[0.565s] -- Execute custom install script
[0.570s] -- Up-to-date symlink: /root/ros2_ws/install/opencv_cam/share/opencv_cam/environment/library_path.sh
[0.571s] -- Up-to-date symlink: /root/ros2_ws/install/opencv_cam/share/opencv_cam/environment/library_path.dsv
[0.575s] -- Up-to-date symlink: /root/ros2_ws/install/opencv_cam/share/ament_index/resource_index/package_run_dependencies/opencv_cam
[0.577s] -- Up-to-date symlink: /root/ros2_ws/install/opencv_cam/share/ament_index/resource_index/parent_prefix_path/opencv_cam
[0.578s] -- Up-to-date symlink: /root/ros2_ws/install/opencv_cam/share/opencv_cam/environment/ament_prefix_path.sh
[0.579s] -- Up-to-date symlink: /root/ros2_ws/install/opencv_cam/share/opencv_cam/environment/ament_prefix_path.dsv
[0.580s] -- Up-to-date symlink: /root/ros2_ws/install/opencv_cam/share/opencv_cam/environment/path.sh
[0.581s] -- Up-to-date symlink: /root/ros2_ws/install/opencv_cam/share/opencv_cam/environment/path.dsv
[0.582s] -- Up-to-date symlink: /root/ros2_ws/install/opencv_cam/share/opencv_cam/local_setup.bash
[0.583s] -- Up-to-date symlink: /root/ros2_ws/install/opencv_cam/share/opencv_cam/local_setup.sh
[0.584s] -- Up-to-date symlink: /root/ros2_ws/install/opencv_cam/share/opencv_cam/local_setup.zsh
[0.585s] -- Up-to-date symlink: /root/ros2_ws/install/opencv_cam/share/opencv_cam/local_setup.dsv
[0.585s] -- Symlinking: /root/ros2_ws/install/opencv_cam/share/opencv_cam/package.dsv
[0.608s] -- Up-to-date symlink: /root/ros2_ws/install/opencv_cam/share/ament_index/resource_index/packages/opencv_cam
[0.611s] -- Up-to-date symlink: /root/ros2_ws/install/opencv_cam/share/ament_index/resource_index/rclcpp_components/opencv_cam
[0.612s] -- Up-to-date symlink: /root/ros2_ws/install/opencv_cam/share/opencv_cam/cmake/ament_cmake_export_dependencies-extras.cmake
[0.613s] -- Up-to-date symlink: /root/ros2_ws/install/opencv_cam/share/opencv_cam/cmake/ament_cmake_export_include_directories-extras.cmake
[0.614s] -- Up-to-date symlink: /root/ros2_ws/install/opencv_cam/share/opencv_cam/cmake/ament_cmake_export_targets-extras.cmake
[0.615s] -- Up-to-date symlink: /root/ros2_ws/install/opencv_cam/share/opencv_cam/cmake/ament_cmake_export_libraries-extras.cmake
[0.616s] -- Up-to-date symlink: /root/ros2_ws/install/opencv_cam/share/opencv_cam/cmake/opencv_camConfig.cmake
[0.617s] -- Up-to-date symlink: /root/ros2_ws/install/opencv_cam/share/opencv_cam/cmake/opencv_camConfig-version.cmake
[0.618s] -- Up-to-date symlink: /root/ros2_ws/install/opencv_cam/share/opencv_cam/package.xml
[0.622s] -- Up-to-date symlink: /root/ros2_ws/install/opencv_cam/lib/opencv_cam/opencv_cam_main
[0.622s] -- Up-to-date symlink: /root/ros2_ws/install/opencv_cam/lib/opencv_cam/ipc_test_main
[0.626s] -- Up-to-date symlink: /root/ros2_ws/install/opencv_cam/share/opencv_cam/launch/composition_launch.py
[0.633s] -- Up-to-date: /root/ros2_ws/install/opencv_cam/share/opencv_cam/cmake/export_opencv_cam_nodeExport.cmake
[0.633s] -- Up-to-date: /root/ros2_ws/install/opencv_cam/share/opencv_cam/cmake/export_opencv_cam_nodeExport-noconfig.cmake
[0.635s] -- Up-to-date: /root/ros2_ws/install/opencv_cam/share/opencv_cam/cmake/export_subscriber_nodeExport.cmake
[0.635s] -- Up-to-date: /root/ros2_ws/install/opencv_cam/share/opencv_cam/cmake/export_subscriber_nodeExport-noconfig.cmake
[0.640s] -- Up-to-date: /root/ros2_ws/install/opencv_cam/lib/libopencv_cam_node.so
[0.645s] -- Up-to-date: /root/ros2_ws/install/opencv_cam/lib/libsubscriber_node.so
[0.651s] Invoked command in '/root/ros2_ws/build/opencv_cam' returned '0': AMENT_PREFIX_PATH=/root/ros2_ws/install/ros2_shared:${AMENT_PREFIX_PATH} CMAKE_PREFIX_PATH=/root/ros2_ws/install/ros2_shared:/opt/ros/humble /usr/bin/cmake --install /root/ros2_ws/build/opencv_cam
