[0.210s] Invoking command in '/root/ros2_ws/src/build/ros2_shared': CMAKE_PREFIX_PATH=/opt/ros/humble /usr/bin/cmake --build /root/ros2_ws/src/build/ros2_shared -- -j4 -l4
[2.584s] Invoked command in '/root/ros2_ws/src/build/ros2_shared' returned '0': CMAKE_PREFIX_PATH=/opt/ros/humble /usr/bin/cmake --build /root/ros2_ws/src/build/ros2_shared -- -j4 -l4
[2.669s] Invoking command in '/root/ros2_ws/src/build/ros2_shared': CMAKE_PREFIX_PATH=/opt/ros/humble /usr/bin/cmake --install /root/ros2_ws/src/build/ros2_shared
[2.733s] -- Install configuration: ""
[2.747s] -- Execute custom install script
[2.766s] -- Up-to-date symlink: /root/ros2_ws/src/install/ros2_shared/include/ros2_shared/context_macros.hpp
[2.775s] -- Up-to-date symlink: /root/ros2_ws/src/install/ros2_shared/include/ros2_shared/param_macros.hpp
[2.780s] -- Up-to-date symlink: /root/ros2_ws/src/install/ros2_shared/include/ros2_shared/string_printf.hpp
[2.790s] -- Up-to-date symlink: /root/ros2_ws/src/install/ros2_shared/share/ament_index/resource_index/package_run_dependencies/ros2_shared
[2.797s] -- Up-to-date symlink: /root/ros2_ws/src/install/ros2_shared/share/ament_index/resource_index/parent_prefix_path/ros2_shared
[2.804s] -- Up-to-date symlink: /root/ros2_ws/src/install/ros2_shared/share/ros2_shared/environment/ament_prefix_path.sh
[2.808s] -- Up-to-date symlink: /root/ros2_ws/src/install/ros2_shared/share/ros2_shared/environment/ament_prefix_path.dsv
[2.813s] -- Up-to-date symlink: /root/ros2_ws/src/install/ros2_shared/share/ros2_shared/environment/path.sh
[2.818s] -- Up-to-date symlink: /root/ros2_ws/src/install/ros2_shared/share/ros2_shared/environment/path.dsv
[2.823s] -- Up-to-date symlink: /root/ros2_ws/src/install/ros2_shared/share/ros2_shared/local_setup.bash
[2.829s] -- Up-to-date symlink: /root/ros2_ws/src/install/ros2_shared/share/ros2_shared/local_setup.sh
[2.836s] -- Up-to-date symlink: /root/ros2_ws/src/install/ros2_shared/share/ros2_shared/local_setup.zsh
[2.841s] -- Up-to-date symlink: /root/ros2_ws/src/install/ros2_shared/share/ros2_shared/local_setup.dsv
[2.846s] -- Symlinking: /root/ros2_ws/src/install/ros2_shared/share/ros2_shared/package.dsv
[2.920s] -- Up-to-date symlink: /root/ros2_ws/src/install/ros2_shared/share/ament_index/resource_index/packages/ros2_shared
[2.925s] -- Up-to-date symlink: /root/ros2_ws/src/install/ros2_shared/share/ros2_shared/cmake/ament_cmake_export_targets-extras.cmake
[2.931s] -- Up-to-date symlink: /root/ros2_ws/src/install/ros2_shared/share/ros2_shared/cmake/ament_cmake_export_dependencies-extras.cmake
[2.931s] -- Up-to-date symlink: /root/ros2_ws/src/install/ros2_shared/share/ros2_shared/cmake/ros2_sharedConfig.cmake
[2.932s] -- Up-to-date symlink: /root/ros2_ws/src/install/ros2_shared/share/ros2_shared/cmake/ros2_sharedConfig-version.cmake
[2.937s] -- Up-to-date symlink: /root/ros2_ws/src/install/ros2_shared/share/ros2_shared/package.xml
[2.942s] -- Up-to-date: /root/ros2_ws/src/install/ros2_shared/share/ros2_shared/cmake/ros2_shared_targetsExport.cmake
[2.949s] Invoked command in '/root/ros2_ws/src/build/ros2_shared' returned '0': CMAKE_PREFIX_PATH=/opt/ros/humble /usr/bin/cmake --install /root/ros2_ws/src/build/ros2_shared
