[0.021s] Invoking command in '/root/ros2_ws/build/opencv_cam': CMAKE_PREFIX_PATH=/root/ros2_ws/install/ros2_shared:/root/ros2_ws/install/opencv_cam:/root/ros2_ws/src/install/opencv_cam:/root/ros2_ws/src/install/ros2_shared:/root/ros2_ws/install/gpio_node:/root/ros2_ws/src/install/gpio_node:/opt/ros/humble /usr/bin/cmake /root/ros2_ws/src/opencv_cam -DAMENT_CMAKE_SYMLINK_INSTALL=1 -DCMAKE_INSTALL_PREFIX=/root/ros2_ws/install/opencv_cam
[0.211s] -- The C compiler identification is GNU 11.4.0
[0.389s] -- The CXX compiler identification is GNU 11.4.0
[0.412s] -- Detecting C compiler ABI info
[0.623s] -- Detecting C compiler ABI info - done
[0.647s] -- Check for working C compiler: /usr/bin/cc - skipped
[0.648s] -- Detecting C compile features
[0.649s] -- Detecting C compile features - done
[0.657s] -- Detecting CXX compiler ABI info
[0.901s] -- Detecting CXX compiler ABI info - done
[0.926s] -- Check for working CXX compiler: /usr/bin/c++ - skipped
[0.927s] -- Detecting CXX compile features
[0.930s] -- Detecting CXX compile features - done
[0.980s] -- Found OpenCV version 4.5.4
[0.981s] -- Found ament_cmake: 1.3.12 (/opt/ros/humble/share/ament_cmake/cmake)
[1.398s] -- Found Python3: /usr/bin/python3 (found version "3.10.12") found components: Interpreter 
[1.625s] -- Override CMake install command with custom implementation using symlinks instead of copying resources
[1.692s] -- Found camera_calibration_parsers: 3.1.12 (/opt/ros/humble/share/camera_calibration_parsers/cmake)
[1.803s] -- Found rosidl_generator_c: 3.1.7 (/opt/ros/humble/share/rosidl_generator_c/cmake)
[1.818s] -- Found rosidl_adapter: 3.1.7 (/opt/ros/humble/share/rosidl_adapter/cmake)
[1.841s] -- Found rosidl_generator_cpp: 3.1.7 (/opt/ros/humble/share/rosidl_generator_cpp/cmake)
[1.878s] -- Using all available rosidl_typesupport_c: rosidl_typesupport_fastrtps_c;rosidl_typesupport_introspection_c
[1.926s] -- Using all available rosidl_typesupport_cpp: rosidl_typesupport_fastrtps_cpp;rosidl_typesupport_introspection_cpp
[2.053s] -- Found rmw_implementation_cmake: 6.1.2 (/opt/ros/humble/share/rmw_implementation_cmake/cmake)
[2.060s] -- Found rmw_fastrtps_cpp: 6.2.8 (/opt/ros/humble/share/rmw_fastrtps_cpp/cmake)
[2.271s] -- Found OpenSSL: /usr/lib/aarch64-linux-gnu/libcrypto.so (found version "3.0.2")  
[2.327s] -- Found FastRTPS: /opt/ros/humble/include  
[2.419s] -- Using RMW implementation 'rmw_fastrtps_cpp' as default
[2.442s] -- Looking for pthread.h
[2.648s] -- Looking for pthread.h - found
[2.648s] -- Performing Test CMAKE_HAVE_LIBC_PTHREAD
[2.852s] -- Performing Test CMAKE_HAVE_LIBC_PTHREAD - Success
[2.853s] -- Found Threads: TRUE  
[3.219s] -- Found class_loader: 2.2.0 (/opt/ros/humble/share/class_loader/cmake)
[3.255s] -- Found rclcpp_components: 16.0.15 (/opt/ros/humble/share/rclcpp_components/cmake)
[3.339s] -- Found ros2_shared: 0.1.0 (/root/ros2_ws/install/ros2_shared/share/ros2_shared/cmake)
[3.637s] -- Configuring done
[3.736s] -- Generating done
[3.760s] -- Build files have been written to: /root/ros2_ws/build/opencv_cam
[3.795s] Invoked command in '/root/ros2_ws/build/opencv_cam' returned '0': CMAKE_PREFIX_PATH=/root/ros2_ws/install/ros2_shared:/root/ros2_ws/install/opencv_cam:/root/ros2_ws/src/install/opencv_cam:/root/ros2_ws/src/install/ros2_shared:/root/ros2_ws/install/gpio_node:/root/ros2_ws/src/install/gpio_node:/opt/ros/humble /usr/bin/cmake /root/ros2_ws/src/opencv_cam -DAMENT_CMAKE_SYMLINK_INSTALL=1 -DCMAKE_INSTALL_PREFIX=/root/ros2_ws/install/opencv_cam
[3.798s] Invoking command in '/root/ros2_ws/build/opencv_cam': CMAKE_PREFIX_PATH=/root/ros2_ws/install/ros2_shared:/root/ros2_ws/install/opencv_cam:/root/ros2_ws/src/install/opencv_cam:/root/ros2_ws/src/install/ros2_shared:/root/ros2_ws/install/gpio_node:/root/ros2_ws/src/install/gpio_node:/opt/ros/humble /usr/bin/cmake --build /root/ros2_ws/build/opencv_cam -- -j4 -l4
[3.928s] [ 25%] [32mBuilding CXX object CMakeFiles/opencv_cam_node.dir/src/opencv_cam_node.cpp.o[0m
[3.928s] [ 25%] [32mBuilding CXX object CMakeFiles/subscriber_node.dir/src/subscriber_node.cpp.o[0m
[32.737s] [ 37%] [32m[1mLinking CXX shared library libopencv_cam_node.so[0m
[34.512s] [ 37%] Built target opencv_cam_node
[34.573s] [ 50%] [32mBuilding CXX object CMakeFiles/opencv_cam_main.dir/src/opencv_cam_main.cpp.o[0m
[48.236s] [ 62%] [32m[1mLinking CXX executable opencv_cam_main[0m
[50.747s] [ 75%] [32m[1mLinking CXX shared library libsubscriber_node.so[0m
[51.690s] [ 75%] Built target opencv_cam_main
[52.539s] [ 75%] Built target subscriber_node
[52.592s] [ 87%] [32mBuilding CXX object CMakeFiles/ipc_test_main.dir/src/ipc_test_main.cpp.o[0m
[66.512s] [100%] [32m[1mLinking CXX executable ipc_test_main[0m
[68.851s] [100%] Built target ipc_test_main
[68.879s] Invoked command in '/root/ros2_ws/build/opencv_cam' returned '0': CMAKE_PREFIX_PATH=/root/ros2_ws/install/ros2_shared:/root/ros2_ws/install/opencv_cam:/root/ros2_ws/src/install/opencv_cam:/root/ros2_ws/src/install/ros2_shared:/root/ros2_ws/install/gpio_node:/root/ros2_ws/src/install/gpio_node:/opt/ros/humble /usr/bin/cmake --build /root/ros2_ws/build/opencv_cam -- -j4 -l4
[68.883s] Invoking command in '/root/ros2_ws/build/opencv_cam': CMAKE_PREFIX_PATH=/root/ros2_ws/install/ros2_shared:/root/ros2_ws/install/opencv_cam:/root/ros2_ws/src/install/opencv_cam:/root/ros2_ws/src/install/ros2_shared:/root/ros2_ws/install/gpio_node:/root/ros2_ws/src/install/gpio_node:/opt/ros/humble /usr/bin/cmake --install /root/ros2_ws/build/opencv_cam
[68.903s] -- Install configuration: ""
[68.904s] -- Execute custom install script
[68.904s] -- Symlinking: /root/ros2_ws/install/opencv_cam/share/opencv_cam/environment/library_path.sh
[68.926s] -- Symlinking: /root/ros2_ws/install/opencv_cam/share/opencv_cam/environment/library_path.dsv
[68.948s] -- Symlinking: /root/ros2_ws/install/opencv_cam/share/ament_index/resource_index/package_run_dependencies/opencv_cam
[68.971s] -- Symlinking: /root/ros2_ws/install/opencv_cam/share/ament_index/resource_index/parent_prefix_path/opencv_cam
[68.992s] -- Symlinking: /root/ros2_ws/install/opencv_cam/share/opencv_cam/environment/ament_prefix_path.sh
[69.014s] -- Symlinking: /root/ros2_ws/install/opencv_cam/share/opencv_cam/environment/ament_prefix_path.dsv
[69.036s] -- Symlinking: /root/ros2_ws/install/opencv_cam/share/opencv_cam/environment/path.sh
[69.058s] -- Symlinking: /root/ros2_ws/install/opencv_cam/share/opencv_cam/environment/path.dsv
[69.080s] -- Symlinking: /root/ros2_ws/install/opencv_cam/share/opencv_cam/local_setup.bash
[69.101s] -- Symlinking: /root/ros2_ws/install/opencv_cam/share/opencv_cam/local_setup.sh
[69.123s] -- Symlinking: /root/ros2_ws/install/opencv_cam/share/opencv_cam/local_setup.zsh
[69.144s] -- Symlinking: /root/ros2_ws/install/opencv_cam/share/opencv_cam/local_setup.dsv
[69.166s] -- Symlinking: /root/ros2_ws/install/opencv_cam/share/opencv_cam/package.dsv
[69.187s] -- Symlinking: /root/ros2_ws/install/opencv_cam/share/ament_index/resource_index/packages/opencv_cam
[69.209s] -- Symlinking: /root/ros2_ws/install/opencv_cam/share/ament_index/resource_index/rclcpp_components/opencv_cam
[69.231s] -- Symlinking: /root/ros2_ws/install/opencv_cam/share/opencv_cam/cmake/ament_cmake_export_dependencies-extras.cmake
[69.252s] -- Symlinking: /root/ros2_ws/install/opencv_cam/share/opencv_cam/cmake/ament_cmake_export_include_directories-extras.cmake
[69.273s] -- Symlinking: /root/ros2_ws/install/opencv_cam/share/opencv_cam/cmake/ament_cmake_export_targets-extras.cmake
[69.294s] -- Symlinking: /root/ros2_ws/install/opencv_cam/share/opencv_cam/cmake/ament_cmake_export_libraries-extras.cmake
[69.316s] -- Symlinking: /root/ros2_ws/install/opencv_cam/share/opencv_cam/cmake/opencv_camConfig.cmake
[69.337s] -- Symlinking: /root/ros2_ws/install/opencv_cam/share/opencv_cam/cmake/opencv_camConfig-version.cmake
[69.359s] -- Symlinking: /root/ros2_ws/install/opencv_cam/share/opencv_cam/package.xml
[69.382s] -- Symlinking: /root/ros2_ws/install/opencv_cam/lib/opencv_cam/opencv_cam_main
[69.403s] -- Symlinking: /root/ros2_ws/install/opencv_cam/lib/opencv_cam/ipc_test_main
[69.428s] -- Symlinking: /root/ros2_ws/install/opencv_cam/share/opencv_cam/launch/composition_launch.py
[69.452s] -- Installing: /root/ros2_ws/install/opencv_cam/share/opencv_cam/cmake/export_opencv_cam_nodeExport.cmake
[69.452s] -- Installing: /root/ros2_ws/install/opencv_cam/share/opencv_cam/cmake/export_opencv_cam_nodeExport-noconfig.cmake
[69.453s] -- Installing: /root/ros2_ws/install/opencv_cam/share/opencv_cam/cmake/export_subscriber_nodeExport.cmake
[69.453s] -- Installing: /root/ros2_ws/install/opencv_cam/share/opencv_cam/cmake/export_subscriber_nodeExport-noconfig.cmake
[69.453s] -- Installing: /root/ros2_ws/install/opencv_cam/lib/libopencv_cam_node.so
[69.458s] -- Set runtime path of "/root/ros2_ws/install/opencv_cam/lib/libopencv_cam_node.so" to ""
[69.459s] -- Installing: /root/ros2_ws/install/opencv_cam/lib/libsubscriber_node.so
[69.477s] -- Set runtime path of "/root/ros2_ws/install/opencv_cam/lib/libsubscriber_node.so" to ""
[69.484s] Invoked command in '/root/ros2_ws/build/opencv_cam' returned '0': CMAKE_PREFIX_PATH=/root/ros2_ws/install/ros2_shared:/root/ros2_ws/install/opencv_cam:/root/ros2_ws/src/install/opencv_cam:/root/ros2_ws/src/install/ros2_shared:/root/ros2_ws/install/gpio_node:/root/ros2_ws/src/install/gpio_node:/opt/ros/humble /usr/bin/cmake --install /root/ros2_ws/build/opencv_cam
