[0.055s] Invoking command in '/root/ros2_ws/src/build/ros2_shared': CMAKE_PREFIX_PATH=${CMAKE_PREFIX_PATH}:/opt/ros/humble /usr/bin/cmake --build /root/ros2_ws/src/build/ros2_shared -- -j4 -l4
[0.510s] Invoked command in '/root/ros2_ws/src/build/ros2_shared' returned '0': CMAKE_PREFIX_PATH=${CMAKE_PREFIX_PATH}:/opt/ros/humble /usr/bin/cmake --build /root/ros2_ws/src/build/ros2_shared -- -j4 -l4
[0.541s] Invoking command in '/root/ros2_ws/src/build/ros2_shared': CMAKE_PREFIX_PATH=${CMAKE_PREFIX_PATH}:/opt/ros/humble /usr/bin/cmake --install /root/ros2_ws/src/build/ros2_shared
[0.561s] -- Install configuration: ""
[0.567s] -- Execute custom install script
[0.578s] -- Up-to-date symlink: /root/ros2_ws/src/install/ros2_shared/include/ros2_shared/context_macros.hpp
[0.579s] -- Up-to-date symlink: /root/ros2_ws/src/install/ros2_shared/include/ros2_shared/param_macros.hpp
[0.580s] -- Up-to-date symlink: /root/ros2_ws/src/install/ros2_shared/include/ros2_shared/string_printf.hpp
[0.584s] -- Up-to-date symlink: /root/ros2_ws/src/install/ros2_shared/share/ament_index/resource_index/package_run_dependencies/ros2_shared
[0.586s] -- Up-to-date symlink: /root/ros2_ws/src/install/ros2_shared/share/ament_index/resource_index/parent_prefix_path/ros2_shared
[0.589s] -- Up-to-date symlink: /root/ros2_ws/src/install/ros2_shared/share/ros2_shared/environment/ament_prefix_path.sh
[0.590s] -- Up-to-date symlink: /root/ros2_ws/src/install/ros2_shared/share/ros2_shared/environment/ament_prefix_path.dsv
[0.591s] -- Up-to-date symlink: /root/ros2_ws/src/install/ros2_shared/share/ros2_shared/environment/path.sh
[0.592s] -- Up-to-date symlink: /root/ros2_ws/src/install/ros2_shared/share/ros2_shared/environment/path.dsv
[0.593s] -- Up-to-date symlink: /root/ros2_ws/src/install/ros2_shared/share/ros2_shared/local_setup.bash
[0.594s] -- Up-to-date symlink: /root/ros2_ws/src/install/ros2_shared/share/ros2_shared/local_setup.sh
[0.595s] -- Up-to-date symlink: /root/ros2_ws/src/install/ros2_shared/share/ros2_shared/local_setup.zsh
[0.596s] -- Up-to-date symlink: /root/ros2_ws/src/install/ros2_shared/share/ros2_shared/local_setup.dsv
[0.596s] -- Symlinking: /root/ros2_ws/src/install/ros2_shared/share/ros2_shared/package.dsv
[0.622s] -- Up-to-date symlink: /root/ros2_ws/src/install/ros2_shared/share/ament_index/resource_index/packages/ros2_shared
[0.624s] -- Up-to-date symlink: /root/ros2_ws/src/install/ros2_shared/share/ros2_shared/cmake/ament_cmake_export_targets-extras.cmake
[0.626s] -- Up-to-date symlink: /root/ros2_ws/src/install/ros2_shared/share/ros2_shared/cmake/ament_cmake_export_dependencies-extras.cmake
[0.626s] -- Up-to-date symlink: /root/ros2_ws/src/install/ros2_shared/share/ros2_shared/cmake/ros2_sharedConfig.cmake
[0.627s] -- Up-to-date symlink: /root/ros2_ws/src/install/ros2_shared/share/ros2_shared/cmake/ros2_sharedConfig-version.cmake
[0.628s] -- Up-to-date symlink: /root/ros2_ws/src/install/ros2_shared/share/ros2_shared/package.xml
[0.633s] -- Up-to-date: /root/ros2_ws/src/install/ros2_shared/share/ros2_shared/cmake/ros2_shared_targetsExport.cmake
[0.638s] Invoked command in '/root/ros2_ws/src/build/ros2_shared' returned '0': CMAKE_PREFIX_PATH=${CMAKE_PREFIX_PATH}:/opt/ros/humble /usr/bin/cmake --install /root/ros2_ws/src/build/ros2_shared
