[0.018s] Invoking command in '/root/ros2_ws/src/build/opencv_cam': AMENT_PREFIX_PATH=/root/ros2_ws/src/install/ros2_shared:${AMENT_PREFIX_PATH} CMAKE_PREFIX_PATH=/root/ros2_ws/src/install/ros2_shared:/root/ros2_ws/install/opencv_cam:/root/ros2_ws/install/ros2_shared:/opt/ros/humble /usr/bin/cmake /root/ros2_ws/src/opencv_cam -DAMENT_CMAKE_SYMLINK_INSTALL=1 -DCMAKE_INSTALL_PREFIX=/root/ros2_ws/src/install/opencv_cam
[0.182s] -- The C compiler identification is GNU 11.4.0
[0.351s] -- The CXX compiler identification is GNU 11.4.0
[0.368s] -- Detecting C compiler ABI info
[0.571s] -- Detecting C compiler ABI info - done
[0.591s] -- Check for working C compiler: /usr/bin/cc - skipped
[0.592s] -- Detecting C compile features
[0.593s] -- Detecting C compile features - done
[0.601s] -- Detecting CXX compiler ABI info
[0.824s] -- Detecting CXX compiler ABI info - done
[0.848s] -- Check for working CXX compiler: /usr/bin/c++ - skipped
[0.849s] -- Detecting CXX compile features
[0.850s] -- Detecting CXX compile features - done
[0.878s] -- Found OpenCV version 4.5.4
[0.882s] -- Found ament_cmake: 1.3.12 (/opt/ros/humble/share/ament_cmake/cmake)
[1.287s] -- Found Python3: /usr/bin/python3 (found version "3.10.12") found components: Interpreter 
[1.499s] -- Override CMake install command with custom implementation using symlinks instead of copying resources
[1.563s] -- Found camera_calibration_parsers: 3.1.12 (/opt/ros/humble/share/camera_calibration_parsers/cmake)
[1.671s] -- Found rosidl_generator_c: 3.1.7 (/opt/ros/humble/share/rosidl_generator_c/cmake)
[1.681s] -- Found rosidl_adapter: 3.1.7 (/opt/ros/humble/share/rosidl_adapter/cmake)
[1.705s] -- Found rosidl_generator_cpp: 3.1.7 (/opt/ros/humble/share/rosidl_generator_cpp/cmake)
[1.740s] -- Using all available rosidl_typesupport_c: rosidl_typesupport_fastrtps_c;rosidl_typesupport_introspection_c
[1.789s] -- Using all available rosidl_typesupport_cpp: rosidl_typesupport_fastrtps_cpp;rosidl_typesupport_introspection_cpp
[1.914s] -- Found rmw_implementation_cmake: 6.1.2 (/opt/ros/humble/share/rmw_implementation_cmake/cmake)
[1.922s] -- Found rmw_fastrtps_cpp: 6.2.8 (/opt/ros/humble/share/rmw_fastrtps_cpp/cmake)
[2.128s] -- Found OpenSSL: /usr/lib/aarch64-linux-gnu/libcrypto.so (found version "3.0.2")  
[2.186s] -- Found FastRTPS: /opt/ros/humble/include  
[2.283s] -- Using RMW implementation 'rmw_fastrtps_cpp' as default
[2.305s] -- Looking for pthread.h
[2.516s] -- Looking for pthread.h - found
[2.516s] -- Performing Test CMAKE_HAVE_LIBC_PTHREAD
[2.727s] -- Performing Test CMAKE_HAVE_LIBC_PTHREAD - Success
[2.730s] -- Found Threads: TRUE  
[3.061s] -- Found class_loader: 2.2.0 (/opt/ros/humble/share/class_loader/cmake)
[3.096s] -- Found rclcpp_components: 16.0.15 (/opt/ros/humble/share/rclcpp_components/cmake)
[3.182s] -- Found ros2_shared: 0.1.0 (/root/ros2_ws/src/install/ros2_shared/share/ros2_shared/cmake)
[3.448s] -- Configuring done
[3.533s] -- Generating done
[3.563s] -- Build files have been written to: /root/ros2_ws/src/build/opencv_cam
[3.598s] Invoked command in '/root/ros2_ws/src/build/opencv_cam' returned '0': AMENT_PREFIX_PATH=/root/ros2_ws/src/install/ros2_shared:${AMENT_PREFIX_PATH} CMAKE_PREFIX_PATH=/root/ros2_ws/src/install/ros2_shared:/root/ros2_ws/install/opencv_cam:/root/ros2_ws/install/ros2_shared:/opt/ros/humble /usr/bin/cmake /root/ros2_ws/src/opencv_cam -DAMENT_CMAKE_SYMLINK_INSTALL=1 -DCMAKE_INSTALL_PREFIX=/root/ros2_ws/src/install/opencv_cam
[3.601s] Invoking command in '/root/ros2_ws/src/build/opencv_cam': AMENT_PREFIX_PATH=/root/ros2_ws/src/install/ros2_shared:${AMENT_PREFIX_PATH} CMAKE_PREFIX_PATH=/root/ros2_ws/src/install/ros2_shared:/root/ros2_ws/install/opencv_cam:/root/ros2_ws/install/ros2_shared:/opt/ros/humble /usr/bin/cmake --build /root/ros2_ws/src/build/opencv_cam -- -j4 -l4
[3.727s] [ 25%] [32mBuilding CXX object CMakeFiles/opencv_cam_node.dir/src/opencv_cam_node.cpp.o[0m
[3.731s] [ 25%] [32mBuilding CXX object CMakeFiles/subscriber_node.dir/src/subscriber_node.cpp.o[0m
[31.784s] [ 37%] [32m[1mLinking CXX shared library libopencv_cam_node.so[0m
[33.156s] [ 37%] Built target opencv_cam_node
[33.214s] [ 50%] [32mBuilding CXX object CMakeFiles/opencv_cam_main.dir/src/opencv_cam_main.cpp.o[0m
[46.485s] [ 62%] [32m[1mLinking CXX executable opencv_cam_main[0m
[48.059s] [ 75%] [32m[1mLinking CXX shared library libsubscriber_node.so[0m
[48.708s] [ 75%] Built target opencv_cam_main
[49.835s] [ 75%] Built target subscriber_node
[49.886s] [ 87%] [32mBuilding CXX object CMakeFiles/ipc_test_main.dir/src/ipc_test_main.cpp.o[0m
[62.831s] [100%] [32m[1mLinking CXX executable ipc_test_main[0m
[65.201s] [100%] Built target ipc_test_main
[65.229s] Invoked command in '/root/ros2_ws/src/build/opencv_cam' returned '0': AMENT_PREFIX_PATH=/root/ros2_ws/src/install/ros2_shared:${AMENT_PREFIX_PATH} CMAKE_PREFIX_PATH=/root/ros2_ws/src/install/ros2_shared:/root/ros2_ws/install/opencv_cam:/root/ros2_ws/install/ros2_shared:/opt/ros/humble /usr/bin/cmake --build /root/ros2_ws/src/build/opencv_cam -- -j4 -l4
[65.233s] Invoking command in '/root/ros2_ws/src/build/opencv_cam': AMENT_PREFIX_PATH=/root/ros2_ws/src/install/ros2_shared:${AMENT_PREFIX_PATH} CMAKE_PREFIX_PATH=/root/ros2_ws/src/install/ros2_shared:/root/ros2_ws/install/opencv_cam:/root/ros2_ws/install/ros2_shared:/opt/ros/humble /usr/bin/cmake --install /root/ros2_ws/src/build/opencv_cam
[65.251s] -- Install configuration: ""
[65.252s] -- Execute custom install script
[65.253s] -- Symlinking: /root/ros2_ws/src/install/opencv_cam/share/opencv_cam/environment/library_path.sh
[65.275s] -- Symlinking: /root/ros2_ws/src/install/opencv_cam/share/opencv_cam/environment/library_path.dsv
[65.296s] -- Symlinking: /root/ros2_ws/src/install/opencv_cam/share/ament_index/resource_index/package_run_dependencies/opencv_cam
[65.318s] -- Symlinking: /root/ros2_ws/src/install/opencv_cam/share/ament_index/resource_index/parent_prefix_path/opencv_cam
[65.340s] -- Symlinking: /root/ros2_ws/src/install/opencv_cam/share/opencv_cam/environment/ament_prefix_path.sh
[65.362s] -- Symlinking: /root/ros2_ws/src/install/opencv_cam/share/opencv_cam/environment/ament_prefix_path.dsv
[65.383s] -- Symlinking: /root/ros2_ws/src/install/opencv_cam/share/opencv_cam/environment/path.sh
[65.406s] -- Symlinking: /root/ros2_ws/src/install/opencv_cam/share/opencv_cam/environment/path.dsv
[65.427s] -- Symlinking: /root/ros2_ws/src/install/opencv_cam/share/opencv_cam/local_setup.bash
[65.449s] -- Symlinking: /root/ros2_ws/src/install/opencv_cam/share/opencv_cam/local_setup.sh
[65.470s] -- Symlinking: /root/ros2_ws/src/install/opencv_cam/share/opencv_cam/local_setup.zsh
[65.492s] -- Symlinking: /root/ros2_ws/src/install/opencv_cam/share/opencv_cam/local_setup.dsv
[65.514s] -- Symlinking: /root/ros2_ws/src/install/opencv_cam/share/opencv_cam/package.dsv
[65.535s] -- Symlinking: /root/ros2_ws/src/install/opencv_cam/share/ament_index/resource_index/packages/opencv_cam
[65.557s] -- Symlinking: /root/ros2_ws/src/install/opencv_cam/share/ament_index/resource_index/rclcpp_components/opencv_cam
[65.579s] -- Symlinking: /root/ros2_ws/src/install/opencv_cam/share/opencv_cam/cmake/ament_cmake_export_dependencies-extras.cmake
[65.601s] -- Symlinking: /root/ros2_ws/src/install/opencv_cam/share/opencv_cam/cmake/ament_cmake_export_include_directories-extras.cmake
[65.624s] -- Symlinking: /root/ros2_ws/src/install/opencv_cam/share/opencv_cam/cmake/ament_cmake_export_targets-extras.cmake
[65.645s] -- Symlinking: /root/ros2_ws/src/install/opencv_cam/share/opencv_cam/cmake/ament_cmake_export_libraries-extras.cmake
[65.670s] -- Symlinking: /root/ros2_ws/src/install/opencv_cam/share/opencv_cam/cmake/opencv_camConfig.cmake
[65.691s] -- Symlinking: /root/ros2_ws/src/install/opencv_cam/share/opencv_cam/cmake/opencv_camConfig-version.cmake
[65.714s] -- Symlinking: /root/ros2_ws/src/install/opencv_cam/share/opencv_cam/package.xml
[65.736s] -- Symlinking: /root/ros2_ws/src/install/opencv_cam/lib/opencv_cam/opencv_cam_main
[65.757s] -- Symlinking: /root/ros2_ws/src/install/opencv_cam/lib/opencv_cam/ipc_test_main
[65.781s] -- Symlinking: /root/ros2_ws/src/install/opencv_cam/share/opencv_cam/launch/composition_launch.py
[65.803s] -- Installing: /root/ros2_ws/src/install/opencv_cam/share/opencv_cam/cmake/export_opencv_cam_nodeExport.cmake
[65.803s] -- Installing: /root/ros2_ws/src/install/opencv_cam/share/opencv_cam/cmake/export_opencv_cam_nodeExport-noconfig.cmake
[65.804s] -- Installing: /root/ros2_ws/src/install/opencv_cam/share/opencv_cam/cmake/export_subscriber_nodeExport.cmake
[65.804s] -- Installing: /root/ros2_ws/src/install/opencv_cam/share/opencv_cam/cmake/export_subscriber_nodeExport-noconfig.cmake
[65.805s] -- Installing: /root/ros2_ws/src/install/opencv_cam/lib/libopencv_cam_node.so
[65.812s] -- Set runtime path of "/root/ros2_ws/src/install/opencv_cam/lib/libopencv_cam_node.so" to ""
[65.813s] -- Installing: /root/ros2_ws/src/install/opencv_cam/lib/libsubscriber_node.so
[65.829s] -- Set runtime path of "/root/ros2_ws/src/install/opencv_cam/lib/libsubscriber_node.so" to ""
[65.835s] Invoked command in '/root/ros2_ws/src/build/opencv_cam' returned '0': AMENT_PREFIX_PATH=/root/ros2_ws/src/install/ros2_shared:${AMENT_PREFIX_PATH} CMAKE_PREFIX_PATH=/root/ros2_ws/src/install/ros2_shared:/root/ros2_ws/install/opencv_cam:/root/ros2_ws/install/ros2_shared:/opt/ros/humble /usr/bin/cmake --install /root/ros2_ws/src/build/opencv_cam
